2019-08-13 17:34:03.155 [main] INFO  com.example.demo.DemoApplication - 开始启动.................
2019-08-13 17:34:03.960 [main] INFO  com.example.demo.DemoApplication - Starting DemoApplication on SC-201902202144 with PID 16660 (F:\Springboot\target\classes started by Administrator in F:\Springboot)
2019-08-13 17:34:03.961 [main] INFO  com.example.demo.DemoApplication - No active profile set, falling back to default profiles: default
2019-08-13 17:34:04.037 [main] INFO  o.s.b.c.e.AnnotationConfigEmbeddedWebApplicationContext - Refreshing org.springframework.boot.context.embedded.AnnotationConfigEmbeddedWebApplicationContext@43301423: startup date [Tue Aug 13 17:34:04 CST 2019]; root of context hierarchy
2019-08-13 17:34:04.345 [background-preinit] INFO  org.hibernate.validator.internal.util.Version - HV000001: Hibernate Validator 5.3.5.Final
2019-08-13 17:34:05.606 [main] INFO  o.s.beans.factory.xml.XmlBeanDefinitionReader - Loading XML bean definitions from class path resource [druid-bean.xml]
2019-08-13 17:34:06.528 [main] WARN  org.mybatis.spring.mapper.ClassPathMapperScanner - No MyBatis mapper was found in '[com.example.demo.entity.mybaites]' package. Please check your configuration.
2019-08-13 17:34:06.531 [main] WARN  o.s.c.annotation.ConfigurationClassPostProcessor - Cannot enhance @Configuration bean definition 'mybatisEntityManager' since its singleton instance has been created too early. The typical cause is a non-static @Bean method with a BeanDefinitionRegistryPostProcessor return type: Consider declaring such methods as 'static'.
2019-08-13 17:34:06.705 [main] INFO  com.example.demo.testYpf.interfaceTest.Shopping - name1111"zhangsan"
2019-08-13 17:34:06.707 [main] INFO  com.example.demo.testYpf.interfaceTest.Shopping - enum11sss1Monday
2019-08-13 17:34:06.708 [main] INFO  com.example.demo.testYpf.interfaceTest.Shopping - enum222Mon
2019-08-13 17:34:07.145 [main] INFO  o.s.c.s.PostProcessorRegistrationDelegate$BeanPostProcessorChecker - Bean 'druidConfiguration' of type [com.example.demo.config.DruidConfiguration$$EnhancerBySpringCGLIB$$db2e7682] is not eligible for getting processed by all BeanPostProcessors (for example: not eligible for auto-proxying)
2019-08-13 17:34:07.262 [main] INFO  o.s.c.s.PostProcessorRegistrationDelegate$BeanPostProcessorChecker - Bean 'listenerAsyncConfiguration' of type [com.example.demo.listener.ListenerAsyncConfiguration$$EnhancerBySpringCGLIB$$c8514bea] is not eligible for getting processed by all BeanPostProcessors (for example: not eligible for auto-proxying)
2019-08-13 17:34:07.269 [main] INFO  o.s.scheduling.concurrent.ThreadPoolTaskExecutor - Initializing ExecutorService 
2019-08-13 17:34:08.309 [main] INFO  o.s.b.c.e.tomcat.TomcatEmbeddedServletContainer - Tomcat initialized with port(s): 8086 (http)
2019-08-13 17:34:08.339 [main] INFO  org.apache.catalina.core.StandardService - Starting service Tomcat
2019-08-13 17:34:08.339 [main] INFO  org.apache.catalina.core.StandardEngine - Starting Servlet Engine: Apache Tomcat/8.5.14
2019-08-13 17:34:08.989 [localhost-startStop-1] INFO  o.a.c.core.ContainerBase.[Tomcat].[localhost].[/] - Initializing Spring embedded WebApplicationContext
2019-08-13 17:34:08.989 [localhost-startStop-1] INFO  org.springframework.web.context.ContextLoader - Root WebApplicationContext: initialization completed in 4952 ms
2019-08-13 17:34:09.629 [localhost-startStop-1] INFO  o.s.boot.web.servlet.FilterRegistrationBean - Mapping filter: 'characterEncodingFilter' to: [/*]
2019-08-13 17:34:09.629 [localhost-startStop-1] INFO  o.s.boot.web.servlet.FilterRegistrationBean - Mapping filter: 'hiddenHttpMethodFilter' to: [/*]
2019-08-13 17:34:09.629 [localhost-startStop-1] INFO  o.s.boot.web.servlet.FilterRegistrationBean - Mapping filter: 'httpPutFormContentFilter' to: [/*]
2019-08-13 17:34:09.629 [localhost-startStop-1] INFO  o.s.boot.web.servlet.FilterRegistrationBean - Mapping filter: 'requestContextFilter' to: [/*]
2019-08-13 17:34:09.639 [localhost-startStop-1] INFO  o.s.b.w.s.DelegatingFilterProxyRegistrationBean - Mapping filter: 'springSecurityFilterChain' to: [/*]
2019-08-13 17:34:09.639 [localhost-startStop-1] INFO  o.s.boot.web.servlet.FilterRegistrationBean - Mapping filter: 'webStatFilter' to urls: [/*]
2019-08-13 17:34:09.639 [localhost-startStop-1] INFO  o.s.boot.web.servlet.ServletRegistrationBean - Mapping servlet: 'statViewServlet' to [/druid/*]
2019-08-13 17:34:09.639 [localhost-startStop-1] INFO  o.s.boot.web.servlet.ServletRegistrationBean - Mapping servlet: 'dispatcherServlet' to [/]
2019-08-13 17:34:10.956 [main] INFO  com.alibaba.druid.pool.DruidDataSource - {dataSource-1} inited
2019-08-13 17:34:11.416 [main] INFO  o.s.orm.jpa.LocalContainerEntityManagerFactoryBean - Building JPA container EntityManagerFactory for persistence unit 'cloudTestPersistence'
2019-08-13 17:34:11.436 [main] INFO  org.hibernate.jpa.internal.util.LogHelper - HHH000204: Processing PersistenceUnitInfo [
	name: cloudTestPersistence
	...]
2019-08-13 17:34:11.766 [main] INFO  org.hibernate.Version - HHH000412: Hibernate Core {5.0.12.Final}
2019-08-13 17:34:11.766 [main] INFO  org.hibernate.cfg.Environment - HHH000206: hibernate.properties not found
2019-08-13 17:34:11.766 [main] INFO  org.hibernate.cfg.Environment - HHH000021: Bytecode provider name : javassist
2019-08-13 17:34:11.856 [main] INFO  org.hibernate.annotations.common.Version - HCANN000001: Hibernate Commons Annotations {5.0.1.Final}
2019-08-13 17:34:12.276 [main] INFO  com.alibaba.druid.pool.DruidDataSource - {dataSource-2} inited
2019-08-13 17:34:12.326 [main] INFO  org.hibernate.dialect.Dialect - HHH000400: Using dialect: org.hibernate.dialect.MySQL5Dialect
2019-08-13 17:34:13.421 [main] INFO  org.hibernate.tool.hbm2ddl.SchemaUpdate - HHH000228: Running hbm2ddl schema update
2019-08-13 17:34:14.908 [main] INFO  o.s.orm.jpa.LocalContainerEntityManagerFactoryBean - Initialized JPA EntityManagerFactory for persistence unit 'cloudTestPersistence'
2019-08-13 17:34:14.938 [main] INFO  o.s.orm.jpa.LocalContainerEntityManagerFactoryBean - Building JPA container EntityManagerFactory for persistence unit 'testPersistence'
2019-08-13 17:34:14.948 [main] INFO  org.hibernate.jpa.internal.util.LogHelper - HHH000204: Processing PersistenceUnitInfo [
	name: testPersistence
	...]
2019-08-13 17:34:15.038 [main] INFO  org.hibernate.dialect.Dialect - HHH000400: Using dialect: org.hibernate.dialect.MySQL5Dialect
2019-08-13 17:34:15.298 [main] INFO  org.hibernate.tool.hbm2ddl.SchemaUpdate - HHH000228: Running hbm2ddl schema update
2019-08-13 17:34:17.966 [main] INFO  o.s.orm.jpa.LocalContainerEntityManagerFactoryBean - Initialized JPA EntityManagerFactory for persistence unit 'testPersistence'
2019-08-13 17:34:20.784 [main] INFO  o.s.w.s.m.m.a.RequestMappingHandlerAdapter - Looking for @ControllerAdvice: org.springframework.boot.context.embedded.AnnotationConfigEmbeddedWebApplicationContext@43301423: startup date [Tue Aug 13 17:34:04 CST 2019]; root of context hierarchy
2019-08-13 17:34:20.954 [main] INFO  o.s.w.s.m.m.a.RequestMappingHandlerMapping - Mapped "{[/book/],methods=[GET]}" onto public java.util.List<com.example.demo.entity.test.Book> com.example.demo.controller.BookController.bookList()
2019-08-13 17:34:20.964 [main] INFO  o.s.w.s.m.m.a.RequestMappingHandlerMapping - Mapped "{[/dept/],methods=[GET]}" onto public java.util.List<com.example.demo.entity.mybaites.Department> com.example.demo.controller.DepartmentController.departmentList()
2019-08-13 17:34:20.964 [main] INFO  o.s.w.s.m.m.a.RequestMappingHandlerMapping - Mapped "{[/dept/],methods=[POST]}" onto public void com.example.demo.controller.DepartmentController.saveDept(com.example.demo.entity.mybaites.Department)
2019-08-13 17:34:20.964 [main] INFO  o.s.w.s.m.m.a.RequestMappingHandlerMapping - Mapped "{[/dept/employee],methods=[GET]}" onto public java.util.List<com.example.demo.dto.ParentDeptDto> com.example.demo.controller.DepartmentController.deptToEmp()
2019-08-13 17:34:20.964 [main] INFO  o.s.w.s.m.m.a.RequestMappingHandlerMapping - Mapped "{[/employee],methods=[POST]}" onto public void com.example.demo.controller.EmployeeController.save(com.example.demo.entity.mybaites.Employee)
2019-08-13 17:34:20.964 [main] INFO  o.s.w.s.m.m.a.RequestMappingHandlerMapping - Mapped "{[/employee],methods=[GET]}" onto public java.util.List<com.example.demo.entity.mybaites.Employee> com.example.demo.controller.EmployeeController.findAll()
2019-08-13 17:34:20.964 [main] INFO  o.s.w.s.m.m.a.RequestMappingHandlerMapping - Mapped "{[/employee/empInfo],methods=[GET]}" onto public com.example.demo.dto.EmployeeToDept com.example.demo.controller.EmployeeController.employeeToDept(java.lang.Long)
2019-08-13 17:34:20.964 [main] INFO  o.s.w.s.m.m.a.RequestMappingHandlerMapping - Mapped "{[/],methods=[GET]}" onto public java.lang.String com.example.demo.controller.IndexController.index(java.security.Principal,javax.servlet.http.HttpServletResponse)
2019-08-13 17:34:20.964 [main] INFO  o.s.w.s.m.m.a.RequestMappingHandlerMapping - Mapped "{[/student/],methods=[GET]}" onto public java.util.List<com.example.demo.entity.test.User> com.example.demo.controller.StudentController.userList()
2019-08-13 17:34:20.974 [main] INFO  o.s.w.s.m.m.a.RequestMappingHandlerMapping - Mapped "{[/jwt/token],methods=[GET]}" onto public com.example.demo.dto.TokenResult com.example.demo.controller.TokenController.token(java.lang.String)
2019-08-13 17:34:20.974 [main] INFO  o.s.w.s.m.m.a.RequestMappingHandlerMapping - Mapped "{[/user/],methods=[GET]}" onto public java.util.List<com.example.demo.entity.cloudTest.User> com.example.demo.controller.UserController.userList()
2019-08-13 17:34:20.974 [main] INFO  o.s.w.s.m.m.a.RequestMappingHandlerMapping - Mapped "{[/user/],methods=[POST]}" onto public java.lang.String com.example.demo.controller.UserController.saveInfo(com.example.demo.entity.cloudTest.User)
2019-08-13 17:34:20.974 [main] INFO  o.s.w.s.m.m.a.RequestMappingHandlerMapping - Mapped "{[/user/find],methods=[POST]}" onto public java.util.List<com.example.demo.entity.cloudTest.User> com.example.demo.controller.UserController.findUser(com.example.demo.entity.cloudTest.User)
2019-08-13 17:34:20.974 [main] INFO  o.s.w.s.m.m.a.RequestMappingHandlerMapping - Mapped "{[/user/grantsAge],methods=[GET],params=[age]}" onto public java.util.List<com.example.demo.entity.cloudTest.User> com.example.demo.controller.UserController.findUsersGrants(int)
2019-08-13 17:34:20.984 [main] INFO  o.s.w.s.m.m.a.RequestMappingHandlerMapping - Mapped "{[/error]}" onto public org.springframework.http.ResponseEntity<java.util.Map<java.lang.String, java.lang.Object>> org.springframework.boot.autoconfigure.web.BasicErrorController.error(javax.servlet.http.HttpServletRequest)
2019-08-13 17:34:20.984 [main] INFO  o.s.w.s.m.m.a.RequestMappingHandlerMapping - Mapped "{[/error],produces=[text/html]}" onto public org.springframework.web.servlet.ModelAndView org.springframework.boot.autoconfigure.web.BasicErrorController.errorHtml(javax.servlet.http.HttpServletRequest,javax.servlet.http.HttpServletResponse)
2019-08-13 17:34:21.084 [main] INFO  o.s.web.servlet.handler.SimpleUrlHandlerMapping - Mapped URL path [/webjars/**] onto handler of type [class org.springframework.web.servlet.resource.ResourceHttpRequestHandler]
2019-08-13 17:34:21.084 [main] INFO  o.s.web.servlet.handler.SimpleUrlHandlerMapping - Mapped URL path [/**] onto handler of type [class org.springframework.web.servlet.resource.ResourceHttpRequestHandler]
2019-08-13 17:34:21.164 [main] INFO  o.s.web.servlet.handler.SimpleUrlHandlerMapping - Mapped URL path [/**/favicon.ico] onto handler of type [class org.springframework.web.servlet.resource.ResourceHttpRequestHandler]
2019-08-13 17:34:21.864 [main] INFO  o.s.security.web.DefaultSecurityFilterChain - Creating filter chain: OrRequestMatcher [requestMatchers=[Ant [pattern='/css/**'], Ant [pattern='/js/**'], Ant [pattern='/images/**'], Ant [pattern='/webjars/**'], Ant [pattern='/**/favicon.ico'], Ant [pattern='/error']]], []
2019-08-13 17:34:21.864 [main] INFO  o.s.security.web.DefaultSecurityFilterChain - Creating filter chain: Ant [pattern='/druid/**'], []
2019-08-13 17:34:22.034 [main] INFO  o.s.security.web.DefaultSecurityFilterChain - Creating filter chain: org.springframework.security.web.util.matcher.AnyRequestMatcher@1, [org.springframework.security.web.context.request.async.WebAsyncManagerIntegrationFilter@24ac6fef, org.springframework.security.web.context.SecurityContextPersistenceFilter@279e1422, org.springframework.security.web.header.HeaderWriterFilter@19e2db7c, org.springframework.security.web.authentication.logout.LogoutFilter@d3d5094, org.springframework.security.web.authentication.UsernamePasswordAuthenticationFilter@51fb5fe6, org.springframework.security.web.authentication.ui.DefaultLoginPageGeneratingFilter@1cab19e2, org.springframework.security.web.savedrequest.RequestCacheAwareFilter@27dc81be, org.springframework.security.web.servletapi.SecurityContextHolderAwareRequestFilter@2e4b5da1, org.springframework.security.web.authentication.AnonymousAuthenticationFilter@3cb49121, org.springframework.security.web.session.SessionManagementFilter@534fc1f7, org.springframework.security.web.access.ExceptionTranslationFilter@762cdf46, org.springframework.security.web.access.intercept.FilterSecurityInterceptor@60b553f]
2019-08-13 17:34:22.054 [main] INFO  o.s.security.web.DefaultSecurityFilterChain - Creating filter chain: OrRequestMatcher [requestMatchers=[Ant [pattern='/**']]], [org.springframework.security.web.context.request.async.WebAsyncManagerIntegrationFilter@6f4fc83f, org.springframework.security.web.context.SecurityContextPersistenceFilter@3395c2a7, org.springframework.security.web.header.HeaderWriterFilter@75aa7703, org.springframework.security.web.authentication.logout.LogoutFilter@543ac221, org.springframework.security.web.authentication.www.BasicAuthenticationFilter@2270f58d, org.springframework.security.web.savedrequest.RequestCacheAwareFilter@5e05a706, org.springframework.security.web.servletapi.SecurityContextHolderAwareRequestFilter@7831d1aa, org.springframework.security.web.authentication.AnonymousAuthenticationFilter@66b90ab3, org.springframework.security.web.session.SessionManagementFilter@79777da7, org.springframework.security.web.access.ExceptionTranslationFilter@124ff64d, org.springframework.security.web.access.intercept.FilterSecurityInterceptor@35d4035f]
2019-08-13 17:34:22.344 [main] INFO  o.s.jmx.export.annotation.AnnotationMBeanExporter - Registering beans for JMX exposure on startup
2019-08-13 17:34:22.344 [main] INFO  o.s.jmx.export.annotation.AnnotationMBeanExporter - Bean with name 'cloudDateSource' has been autodetected for JMX exposure
2019-08-13 17:34:22.344 [main] INFO  o.s.jmx.export.annotation.AnnotationMBeanExporter - Bean with name 'testDateSource' has been autodetected for JMX exposure
2019-08-13 17:34:22.344 [main] INFO  o.s.jmx.export.annotation.AnnotationMBeanExporter - Bean with name 'mybatisDataSource' has been autodetected for JMX exposure
2019-08-13 17:34:22.344 [main] INFO  o.s.jmx.export.annotation.AnnotationMBeanExporter - Bean with name 'dataSource' has been autodetected for JMX exposure
2019-08-13 17:34:22.354 [main] INFO  o.s.jmx.export.annotation.AnnotationMBeanExporter - Located MBean 'mybatisDataSource': registering with JMX server as MBean [com.alibaba.druid.pool:name=mybatisDataSource,type=DruidDataSource]
2019-08-13 17:34:22.364 [main] INFO  o.s.jmx.export.annotation.AnnotationMBeanExporter - Located MBean 'testDateSource': registering with JMX server as MBean [com.alibaba.druid.pool:name=testDateSource,type=DruidDataSource]
2019-08-13 17:34:22.364 [main] INFO  o.s.jmx.export.annotation.AnnotationMBeanExporter - Located MBean 'cloudDateSource': registering with JMX server as MBean [com.alibaba.druid.pool:name=cloudDateSource,type=DruidDataSource]
2019-08-13 17:34:22.364 [main] INFO  o.s.jmx.export.annotation.AnnotationMBeanExporter - Located MBean 'dataSource': registering with JMX server as MBean [com.alibaba.druid.pool:name=dataSource,type=DruidDataSource]
2019-08-13 17:34:22.384 [main] INFO  org.apache.coyote.http11.Http11NioProtocol - Initializing ProtocolHandler ["http-nio-8086"]
2019-08-13 17:34:22.404 [main] INFO  org.apache.coyote.http11.Http11NioProtocol - Starting ProtocolHandler ["http-nio-8086"]
2019-08-13 17:34:22.444 [main] INFO  org.apache.tomcat.util.net.NioSelectorPool - Using a shared selector for servlet write/read
2019-08-13 17:34:22.474 [main] INFO  o.s.b.c.e.tomcat.TomcatEmbeddedServletContainer - Tomcat started on port(s): 8086 (http)
2019-08-13 17:34:22.484 [main] INFO  com.example.demo.DemoApplication - Started DemoApplication in 19.072 seconds (JVM running for 25.296)
2019-08-11 17:35:59.333 [http-nio-8086-exec-1] INFO  o.a.c.core.ContainerBase.[Tomcat].[localhost].[/] - Initializing Spring FrameworkServlet 'dispatcherServlet'
2019-08-11 17:35:59.333 [http-nio-8086-exec-1] INFO  org.springframework.web.servlet.DispatcherServlet - FrameworkServlet 'dispatcherServlet': initialization started
2019-08-11 17:35:59.401 [http-nio-8086-exec-1] INFO  org.springframework.web.servlet.DispatcherServlet - FrameworkServlet 'dispatcherServlet': initialization completed in 68 ms
2019-08-11 17:36:05.116 [http-nio-8086-exec-3] INFO  o.h.hql.internal.QueryTranslatorFactoryInitiator - HHH000397: Using ASTQueryTranslatorFactory
2019-08-11 17:36:05.231 [http-nio-8086-exec-3] DEBUG org.hibernate.SQL - select user0_.id as id1_5_, user0_.age as age2_5_, user0_.password as password3_5_, user0_.username as username4_5_ from user user0_ where user0_.username=?
2019-08-11 17:36:05.393 [http-nio-8086-exec-3] TRACE org.hibernate.type.descriptor.sql.BasicBinder - binding parameter [1] as [VARCHAR] - [admin]
2019-08-11 17:36:05.425 [http-nio-8086-exec-3] INFO  com.example.demo.sercurity.UserDetailsImpl - 查找用户
2019-08-11 17:36:05.427 [http-nio-8086-exec-3] INFO  com.example.demo.sercurity.UserDetailsImpl - 获取用户权限
2019-08-11 17:36:05.432 [http-nio-8086-exec-3] DEBUG org.hibernate.SQL - select roleanduse0_.id as id1_4_, roleanduse0_.role_id as role_id2_4_, roleanduse0_.user_id as user_id3_4_ from role_user roleanduse0_ where roleanduse0_.user_id=?
2019-08-11 17:36:05.434 [http-nio-8086-exec-3] TRACE org.hibernate.type.descriptor.sql.BasicBinder - binding parameter [1] as [BIGINT] - [1]
2019-08-11 17:36:05.703 [http-nio-8086-exec-4] DEBUG org.hibernate.SQL - select user0_.id as id1_5_, user0_.age as age2_5_, user0_.password as password3_5_, user0_.username as username4_5_ from user user0_ where user0_.username=?
2019-08-11 17:36:05.703 [http-nio-8086-exec-4] TRACE org.hibernate.type.descriptor.sql.BasicBinder - binding parameter [1] as [VARCHAR] - [admin]
2019-08-11 17:36:05.712 [http-nio-8086-exec-4] DEBUG org.hibernate.SQL - select apptoken0_.id as id1_0_, apptoken0_.app_id as app_id2_0_, apptoken0_.build_time as build_ti3_0_, apptoken0_.token as token4_0_ from app_token apptoken0_ where apptoken0_.app_id=?
2019-08-11 17:36:05.713 [http-nio-8086-exec-4] TRACE org.hibernate.type.descriptor.sql.BasicBinder - binding parameter [1] as [VARCHAR] - [1]
2019-08-11 17:36:05.817 [http-nio-8086-exec-4] INFO  com.alibaba.druid.pool.DruidDataSource - {dataSource-3} inited
2019-08-11 17:36:05.922 [http-nio-8086-exec-4] DEBUG org.hibernate.SQL - insert into log (begin_time, client_url, method, param_data, return_time) values (?, ?, ?, ?, ?)
2019-08-11 17:36:05.930 [http-nio-8086-exec-4] TRACE org.hibernate.type.descriptor.sql.BasicBinder - binding parameter [1] as [TIMESTAMP] - [Sun Aug 11 17:36:05 CST 2019]
2019-08-11 17:36:05.932 [http-nio-8086-exec-4] TRACE org.hibernate.type.descriptor.sql.BasicBinder - binding parameter [2] as [VARCHAR] - [/employee]
2019-08-11 17:36:05.932 [http-nio-8086-exec-4] TRACE org.hibernate.type.descriptor.sql.BasicBinder - binding parameter [3] as [VARCHAR] - [GET]
2019-08-11 17:36:05.932 [http-nio-8086-exec-4] TRACE org.hibernate.type.descriptor.sql.BasicBinder - binding parameter [4] as [VARCHAR] - [{}]
2019-08-11 17:36:05.932 [http-nio-8086-exec-4] TRACE org.hibernate.type.descriptor.sql.BasicBinder - binding parameter [5] as [TIMESTAMP] - [Sun Aug 11 17:36:05 CST 2019]
2019-08-11 17:36:07.385 [http-nio-8086-exec-5] DEBUG org.hibernate.SQL - select user0_.id as id1_5_, user0_.age as age2_5_, user0_.password as password3_5_, user0_.username as username4_5_ from user user0_ where user0_.username=?
2019-08-11 17:36:07.386 [http-nio-8086-exec-5] TRACE org.hibernate.type.descriptor.sql.BasicBinder - binding parameter [1] as [VARCHAR] - [admin]
2019-08-11 17:36:07.389 [http-nio-8086-exec-5] DEBUG org.hibernate.SQL - select apptoken0_.id as id1_0_, apptoken0_.app_id as app_id2_0_, apptoken0_.build_time as build_ti3_0_, apptoken0_.token as token4_0_ from app_token apptoken0_ where apptoken0_.app_id=?
2019-08-11 17:36:07.390 [http-nio-8086-exec-5] TRACE org.hibernate.type.descriptor.sql.BasicBinder - binding parameter [1] as [VARCHAR] - [1]
2019-08-11 17:36:07.400 [http-nio-8086-exec-5] DEBUG org.hibernate.SQL - insert into log (begin_time, client_url, method, param_data, return_time) values (?, ?, ?, ?, ?)
2019-08-11 17:36:07.402 [http-nio-8086-exec-5] TRACE org.hibernate.type.descriptor.sql.BasicBinder - binding parameter [1] as [TIMESTAMP] - [Sun Aug 11 17:36:07 CST 2019]
2019-08-11 17:36:07.403 [http-nio-8086-exec-5] TRACE org.hibernate.type.descriptor.sql.BasicBinder - binding parameter [2] as [VARCHAR] - [/employee]
2019-08-11 17:36:07.403 [http-nio-8086-exec-5] TRACE org.hibernate.type.descriptor.sql.BasicBinder - binding parameter [3] as [VARCHAR] - [GET]
2019-08-11 17:36:07.403 [http-nio-8086-exec-5] TRACE org.hibernate.type.descriptor.sql.BasicBinder - binding parameter [4] as [VARCHAR] - [{}]
2019-08-11 17:36:07.403 [http-nio-8086-exec-5] TRACE org.hibernate.type.descriptor.sql.BasicBinder - binding parameter [5] as [TIMESTAMP] - [Sun Aug 11 17:36:07 CST 2019]
2019-08-11 17:36:08.042 [http-nio-8086-exec-7] DEBUG org.hibernate.SQL - select user0_.id as id1_5_, user0_.age as age2_5_, user0_.password as password3_5_, user0_.username as username4_5_ from user user0_ where user0_.username=?
2019-08-11 17:36:08.043 [http-nio-8086-exec-7] TRACE org.hibernate.type.descriptor.sql.BasicBinder - binding parameter [1] as [VARCHAR] - [admin]
2019-08-11 17:36:08.046 [http-nio-8086-exec-7] DEBUG org.hibernate.SQL - select apptoken0_.id as id1_0_, apptoken0_.app_id as app_id2_0_, apptoken0_.build_time as build_ti3_0_, apptoken0_.token as token4_0_ from app_token apptoken0_ where apptoken0_.app_id=?
2019-08-11 17:36:08.046 [http-nio-8086-exec-7] TRACE org.hibernate.type.descriptor.sql.BasicBinder - binding parameter [1] as [VARCHAR] - [1]
2019-08-11 17:36:08.052 [http-nio-8086-exec-7] DEBUG org.hibernate.SQL - insert into log (begin_time, client_url, method, param_data, return_time) values (?, ?, ?, ?, ?)
2019-08-11 17:36:08.052 [http-nio-8086-exec-7] TRACE org.hibernate.type.descriptor.sql.BasicBinder - binding parameter [1] as [TIMESTAMP] - [Sun Aug 11 17:36:08 CST 2019]
2019-08-11 17:36:08.052 [http-nio-8086-exec-7] TRACE org.hibernate.type.descriptor.sql.BasicBinder - binding parameter [2] as [VARCHAR] - [/employee]
2019-08-11 17:36:08.052 [http-nio-8086-exec-7] TRACE org.hibernate.type.descriptor.sql.BasicBinder - binding parameter [3] as [VARCHAR] - [GET]
2019-08-11 17:36:08.053 [http-nio-8086-exec-7] TRACE org.hibernate.type.descriptor.sql.BasicBinder - binding parameter [4] as [VARCHAR] - [{}]
2019-08-11 17:36:08.053 [http-nio-8086-exec-7] TRACE org.hibernate.type.descriptor.sql.BasicBinder - binding parameter [5] as [TIMESTAMP] - [Sun Aug 11 17:36:08 CST 2019]
2019-08-11 17:36:08.238 [http-nio-8086-exec-9] DEBUG org.hibernate.SQL - select user0_.id as id1_5_, user0_.age as age2_5_, user0_.password as password3_5_, user0_.username as username4_5_ from user user0_ where user0_.username=?
2019-08-11 17:36:08.239 [http-nio-8086-exec-9] TRACE org.hibernate.type.descriptor.sql.BasicBinder - binding parameter [1] as [VARCHAR] - [admin]
2019-08-11 17:36:08.241 [http-nio-8086-exec-9] DEBUG org.hibernate.SQL - select apptoken0_.id as id1_0_, apptoken0_.app_id as app_id2_0_, apptoken0_.build_time as build_ti3_0_, apptoken0_.token as token4_0_ from app_token apptoken0_ where apptoken0_.app_id=?
2019-08-11 17:36:08.242 [http-nio-8086-exec-9] TRACE org.hibernate.type.descriptor.sql.BasicBinder - binding parameter [1] as [VARCHAR] - [1]
2019-08-11 17:36:08.249 [http-nio-8086-exec-9] DEBUG org.hibernate.SQL - insert into log (begin_time, client_url, method, param_data, return_time) values (?, ?, ?, ?, ?)
2019-08-11 17:36:08.250 [http-nio-8086-exec-9] TRACE org.hibernate.type.descriptor.sql.BasicBinder - binding parameter [1] as [TIMESTAMP] - [Sun Aug 11 17:36:08 CST 2019]
2019-08-11 17:36:08.251 [http-nio-8086-exec-9] TRACE org.hibernate.type.descriptor.sql.BasicBinder - binding parameter [2] as [VARCHAR] - [/employee]
2019-08-11 17:36:08.251 [http-nio-8086-exec-9] TRACE org.hibernate.type.descriptor.sql.BasicBinder - binding parameter [3] as [VARCHAR] - [GET]
2019-08-11 17:36:08.251 [http-nio-8086-exec-9] TRACE org.hibernate.type.descriptor.sql.BasicBinder - binding parameter [4] as [VARCHAR] - [{}]
2019-08-11 17:36:08.251 [http-nio-8086-exec-9] TRACE org.hibernate.type.descriptor.sql.BasicBinder - binding parameter [5] as [TIMESTAMP] - [Sun Aug 11 17:36:08 CST 2019]
2019-08-11 17:36:08.425 [http-nio-8086-exec-1] DEBUG org.hibernate.SQL - select user0_.id as id1_5_, user0_.age as age2_5_, user0_.password as password3_5_, user0_.username as username4_5_ from user user0_ where user0_.username=?
2019-08-11 17:36:08.426 [http-nio-8086-exec-1] TRACE org.hibernate.type.descriptor.sql.BasicBinder - binding parameter [1] as [VARCHAR] - [admin]
2019-08-11 17:36:08.428 [http-nio-8086-exec-1] DEBUG org.hibernate.SQL - select apptoken0_.id as id1_0_, apptoken0_.app_id as app_id2_0_, apptoken0_.build_time as build_ti3_0_, apptoken0_.token as token4_0_ from app_token apptoken0_ where apptoken0_.app_id=?
2019-08-11 17:36:08.429 [http-nio-8086-exec-1] TRACE org.hibernate.type.descriptor.sql.BasicBinder - binding parameter [1] as [VARCHAR] - [1]
2019-08-11 17:36:08.436 [http-nio-8086-exec-1] DEBUG org.hibernate.SQL - insert into log (begin_time, client_url, method, param_data, return_time) values (?, ?, ?, ?, ?)
2019-08-11 17:36:08.436 [http-nio-8086-exec-1] TRACE org.hibernate.type.descriptor.sql.BasicBinder - binding parameter [1] as [TIMESTAMP] - [Sun Aug 11 17:36:08 CST 2019]
2019-08-11 17:36:08.437 [http-nio-8086-exec-1] TRACE org.hibernate.type.descriptor.sql.BasicBinder - binding parameter [2] as [VARCHAR] - [/employee]
2019-08-11 17:36:08.437 [http-nio-8086-exec-1] TRACE org.hibernate.type.descriptor.sql.BasicBinder - binding parameter [3] as [VARCHAR] - [GET]
2019-08-11 17:36:08.437 [http-nio-8086-exec-1] TRACE org.hibernate.type.descriptor.sql.BasicBinder - binding parameter [4] as [VARCHAR] - [{}]
2019-08-11 17:36:08.437 [http-nio-8086-exec-1] TRACE org.hibernate.type.descriptor.sql.BasicBinder - binding parameter [5] as [TIMESTAMP] - [Sun Aug 11 17:36:08 CST 2019]
2019-08-13 17:39:45.189 [http-nio-8086-exec-8] DEBUG org.hibernate.SQL - select user0_.id as id1_5_, user0_.age as age2_5_, user0_.password as password3_5_, user0_.username as username4_5_ from user user0_ where user0_.username=?
2019-08-13 17:39:45.190 [http-nio-8086-exec-8] TRACE org.hibernate.type.descriptor.sql.BasicBinder - binding parameter [1] as [VARCHAR] - [admin]
2019-08-13 17:39:45.194 [http-nio-8086-exec-8] INFO  com.example.demo.sercurity.UserDetailsImpl - 查找用户
2019-08-13 17:39:45.194 [http-nio-8086-exec-8] INFO  com.example.demo.sercurity.UserDetailsImpl - 获取用户权限
2019-08-13 17:39:45.196 [http-nio-8086-exec-8] DEBUG org.hibernate.SQL - select roleanduse0_.id as id1_4_, roleanduse0_.role_id as role_id2_4_, roleanduse0_.user_id as user_id3_4_ from role_user roleanduse0_ where roleanduse0_.user_id=?
2019-08-13 17:39:45.197 [http-nio-8086-exec-8] TRACE org.hibernate.type.descriptor.sql.BasicBinder - binding parameter [1] as [BIGINT] - [1]
2019-08-13 17:39:45.225 [http-nio-8086-exec-9] ERROR o.a.c.c.C.[.[localhost].[/].[dispatcherServlet] - Servlet.service() for servlet [dispatcherServlet] in context with path [] threw exception [Request processing failed; nested exception is io.jsonwebtoken.ExpiredJwtException: JWT expired at 2019-08-12T13:15:04Z. Current time: 2019-08-13T17:39:45Z, a difference of 102281215 milliseconds.  Allowed clock skew: 0 milliseconds.] with root cause
io.jsonwebtoken.ExpiredJwtException: JWT expired at 2019-08-12T13:15:04Z. Current time: 2019-08-13T17:39:45Z, a difference of 102281215 milliseconds.  Allowed clock skew: 0 milliseconds.
	at io.jsonwebtoken.impl.DefaultJwtParser.parse(DefaultJwtParser.java:385)
	at io.jsonwebtoken.impl.DefaultJwtParser.parse(DefaultJwtParser.java:481)
	at io.jsonwebtoken.impl.DefaultJwtParser.parseClaimsJws(DefaultJwtParser.java:541)
	at com.example.demo.lntercptor.TokenInterceptor.preHandle(TokenInterceptor.java:46)
	at org.springframework.web.servlet.HandlerExecutionChain.applyPreHandle(HandlerExecutionChain.java:134)
	at org.springframework.web.servlet.DispatcherServlet.doDispatch(DispatcherServlet.java:958)
	at org.springframework.web.servlet.DispatcherServlet.doService(DispatcherServlet.java:897)
	at org.springframework.web.servlet.FrameworkServlet.processRequest(FrameworkServlet.java:970)
	at org.springframework.web.servlet.FrameworkServlet.doGet(FrameworkServlet.java:861)
	at javax.servlet.http.HttpServlet.service(HttpServlet.java:635)
	at org.springframework.web.servlet.FrameworkServlet.service(FrameworkServlet.java:846)
	at javax.servlet.http.HttpServlet.service(HttpServlet.java:742)
	at org.apache.catalina.core.ApplicationFilterChain.internalDoFilter(ApplicationFilterChain.java:231)
	at org.apache.catalina.core.ApplicationFilterChain.doFilter(ApplicationFilterChain.java:166)
	at org.apache.tomcat.websocket.server.WsFilter.doFilter(WsFilter.java:52)
	at org.apache.catalina.core.ApplicationFilterChain.internalDoFilter(ApplicationFilterChain.java:193)
	at org.apache.catalina.core.ApplicationFilterChain.doFilter(ApplicationFilterChain.java:166)
	at com.alibaba.druid.support.http.WebStatFilter.doFilter(WebStatFilter.java:123)
	at org.apache.catalina.core.ApplicationFilterChain.internalDoFilter(ApplicationFilterChain.java:193)
	at org.apache.catalina.core.ApplicationFilterChain.doFilter(ApplicationFilterChain.java:166)
	at org.springframework.security.web.FilterChainProxy$VirtualFilterChain.doFilter(FilterChainProxy.java:317)
	at org.springframework.security.web.access.intercept.FilterSecurityInterceptor.invoke(FilterSecurityInterceptor.java:127)
	at org.springframework.security.web.access.intercept.FilterSecurityInterceptor.doFilter(FilterSecurityInterceptor.java:91)
	at org.springframework.security.web.FilterChainProxy$VirtualFilterChain.doFilter(FilterChainProxy.java:331)
	at org.springframework.security.web.access.ExceptionTranslationFilter.doFilter(ExceptionTranslationFilter.java:114)
	at org.springframework.security.web.FilterChainProxy$VirtualFilterChain.doFilter(FilterChainProxy.java:331)
	at org.springframework.security.web.session.SessionManagementFilter.doFilter(SessionManagementFilter.java:137)
	at org.springframework.security.web.FilterChainProxy$VirtualFilterChain.doFilter(FilterChainProxy.java:331)
	at org.springframework.security.web.authentication.AnonymousAuthenticationFilter.doFilter(AnonymousAuthenticationFilter.java:111)
	at org.springframework.security.web.FilterChainProxy$VirtualFilterChain.doFilter(FilterChainProxy.java:331)
	at org.springframework.security.web.servletapi.SecurityContextHolderAwareRequestFilter.doFilter(SecurityContextHolderAwareRequestFilter.java:170)
	at org.springframework.security.web.FilterChainProxy$VirtualFilterChain.doFilter(FilterChainProxy.java:331)
	at org.springframework.security.web.savedrequest.RequestCacheAwareFilter.doFilter(RequestCacheAwareFilter.java:63)
	at org.springframework.security.web.FilterChainProxy$VirtualFilterChain.doFilter(FilterChainProxy.java:331)
	at org.springframework.security.web.authentication.ui.DefaultLoginPageGeneratingFilter.doFilter(DefaultLoginPageGeneratingFilter.java:177)
	at org.springframework.security.web.FilterChainProxy$VirtualFilterChain.doFilter(FilterChainProxy.java:331)
	at org.springframework.security.web.authentication.AbstractAuthenticationProcessingFilter.doFilter(AbstractAuthenticationProcessingFilter.java:200)
	at org.springframework.security.web.FilterChainProxy$VirtualFilterChain.doFilter(FilterChainProxy.java:331)
	at org.springframework.security.web.authentication.logout.LogoutFilter.doFilter(LogoutFilter.java:116)
	at org.springframework.security.web.FilterChainProxy$VirtualFilterChain.doFilter(FilterChainProxy.java:331)
	at org.springframework.security.web.header.HeaderWriterFilter.doFilterInternal(HeaderWriterFilter.java:64)
	at org.springframework.web.filter.OncePerRequestFilter.doFilter(OncePerRequestFilter.java:107)
	at org.springframework.security.web.FilterChainProxy$VirtualFilterChain.doFilter(FilterChainProxy.java:331)
	at org.springframework.security.web.context.SecurityContextPersistenceFilter.doFilter(SecurityContextPersistenceFilter.java:105)
	at org.springframework.security.web.FilterChainProxy$VirtualFilterChain.doFilter(FilterChainProxy.java:331)
	at org.springframework.security.web.context.request.async.WebAsyncManagerIntegrationFilter.doFilterInternal(WebAsyncManagerIntegrationFilter.java:56)
	at org.springframework.web.filter.OncePerRequestFilter.doFilter(OncePerRequestFilter.java:107)
	at org.springframework.security.web.FilterChainProxy$VirtualFilterChain.doFilter(FilterChainProxy.java:331)
	at org.springframework.security.web.FilterChainProxy.doFilterInternal(FilterChainProxy.java:214)
	at org.springframework.security.web.FilterChainProxy.doFilter(FilterChainProxy.java:177)
	at org.springframework.web.filter.DelegatingFilterProxy.invokeDelegate(DelegatingFilterProxy.java:346)
	at org.springframework.web.filter.DelegatingFilterProxy.doFilter(DelegatingFilterProxy.java:262)
	at org.apache.catalina.core.ApplicationFilterChain.internalDoFilter(ApplicationFilterChain.java:193)
	at org.apache.catalina.core.ApplicationFilterChain.doFilter(ApplicationFilterChain.java:166)
	at org.springframework.web.filter.RequestContextFilter.doFilterInternal(RequestContextFilter.java:99)
	at org.springframework.web.filter.OncePerRequestFilter.doFilter(OncePerRequestFilter.java:107)
	at org.apache.catalina.core.ApplicationFilterChain.internalDoFilter(ApplicationFilterChain.java:193)
	at org.apache.catalina.core.ApplicationFilterChain.doFilter(ApplicationFilterChain.java:166)
	at org.springframework.web.filter.HttpPutFormContentFilter.doFilterInternal(HttpPutFormContentFilter.java:105)
	at org.springframework.web.filter.OncePerRequestFilter.doFilter(OncePerRequestFilter.java:107)
	at org.apache.catalina.core.ApplicationFilterChain.internalDoFilter(ApplicationFilterChain.java:193)
	at org.apache.catalina.core.ApplicationFilterChain.doFilter(ApplicationFilterChain.java:166)
	at org.springframework.web.filter.HiddenHttpMethodFilter.doFilterInternal(HiddenHttpMethodFilter.java:81)
	at org.springframework.web.filter.OncePerRequestFilter.doFilter(OncePerRequestFilter.java:107)
	at org.apache.catalina.core.ApplicationFilterChain.internalDoFilter(ApplicationFilterChain.java:193)
	at org.apache.catalina.core.ApplicationFilterChain.doFilter(ApplicationFilterChain.java:166)
	at org.springframework.web.filter.CharacterEncodingFilter.doFilterInternal(CharacterEncodingFilter.java:197)
	at org.springframework.web.filter.OncePerRequestFilter.doFilter(OncePerRequestFilter.java:107)
	at org.apache.catalina.core.ApplicationFilterChain.internalDoFilter(ApplicationFilterChain.java:193)
	at org.apache.catalina.core.ApplicationFilterChain.doFilter(ApplicationFilterChain.java:166)
	at org.apache.catalina.core.StandardWrapperValve.invoke(StandardWrapperValve.java:198)
	at org.apache.catalina.core.StandardContextValve.invoke(StandardContextValve.java:96)
	at org.apache.catalina.authenticator.AuthenticatorBase.invoke(AuthenticatorBase.java:478)
	at org.apache.catalina.core.StandardHostValve.invoke(StandardHostValve.java:140)
	at org.apache.catalina.valves.ErrorReportValve.invoke(ErrorReportValve.java:80)
	at org.apache.catalina.core.StandardEngineValve.invoke(StandardEngineValve.java:87)
	at org.apache.catalina.connector.CoyoteAdapter.service(CoyoteAdapter.java:342)
	at org.apache.coyote.http11.Http11Processor.service(Http11Processor.java:799)
	at org.apache.coyote.AbstractProcessorLight.process(AbstractProcessorLight.java:66)
	at org.apache.coyote.AbstractProtocol$ConnectionHandler.process(AbstractProtocol.java:861)
	at org.apache.tomcat.util.net.NioEndpoint$SocketProcessor.doRun(NioEndpoint.java:1455)
	at org.apache.tomcat.util.net.SocketProcessorBase.run(SocketProcessorBase.java:49)
	at java.util.concurrent.ThreadPoolExecutor.runWorker(ThreadPoolExecutor.java:1142)
	at java.util.concurrent.ThreadPoolExecutor$Worker.run(ThreadPoolExecutor.java:617)
	at org.apache.tomcat.util.threads.TaskThread$WrappingRunnable.run(TaskThread.java:61)
	at java.lang.Thread.run(Thread.java:745)
2019-08-13 17:39:45.272 [http-nio-8086-exec-9] DEBUG org.hibernate.SQL - insert into log (begin_time, client_url, method, param_data, return_time) values (?, ?, ?, ?, ?)
2019-08-13 17:39:45.272 [http-nio-8086-exec-9] TRACE org.hibernate.type.descriptor.sql.BasicBinder - binding parameter [1] as [TIMESTAMP] - [Tue Aug 13 17:39:45 CST 2019]
2019-08-13 17:39:45.272 [http-nio-8086-exec-9] TRACE org.hibernate.type.descriptor.sql.BasicBinder - binding parameter [2] as [VARCHAR] - [/error]
2019-08-13 17:39:45.273 [http-nio-8086-exec-9] TRACE org.hibernate.type.descriptor.sql.BasicBinder - binding parameter [3] as [VARCHAR] - [GET]
2019-08-13 17:39:45.273 [http-nio-8086-exec-9] TRACE org.hibernate.type.descriptor.sql.BasicBinder - binding parameter [4] as [VARCHAR] - [{}]
2019-08-13 17:39:45.273 [http-nio-8086-exec-9] TRACE org.hibernate.type.descriptor.sql.BasicBinder - binding parameter [5] as [TIMESTAMP] - [Tue Aug 13 17:39:45 CST 2019]
2019-08-13 17:39:49.285 [http-nio-8086-exec-10] ERROR o.a.c.c.C.[.[localhost].[/].[dispatcherServlet] - Servlet.service() for servlet [dispatcherServlet] in context with path [] threw exception [Request processing failed; nested exception is io.jsonwebtoken.ExpiredJwtException: JWT expired at 2019-08-12T13:15:04Z. Current time: 2019-08-13T17:39:49Z, a difference of 102285283 milliseconds.  Allowed clock skew: 0 milliseconds.] with root cause
io.jsonwebtoken.ExpiredJwtException: JWT expired at 2019-08-12T13:15:04Z. Current time: 2019-08-13T17:39:49Z, a difference of 102285283 milliseconds.  Allowed clock skew: 0 milliseconds.
	at io.jsonwebtoken.impl.DefaultJwtParser.parse(DefaultJwtParser.java:385)
	at io.jsonwebtoken.impl.DefaultJwtParser.parse(DefaultJwtParser.java:481)
	at io.jsonwebtoken.impl.DefaultJwtParser.parseClaimsJws(DefaultJwtParser.java:541)
	at com.example.demo.lntercptor.TokenInterceptor.preHandle(TokenInterceptor.java:46)
	at org.springframework.web.servlet.HandlerExecutionChain.applyPreHandle(HandlerExecutionChain.java:134)
	at org.springframework.web.servlet.DispatcherServlet.doDispatch(DispatcherServlet.java:958)
	at org.springframework.web.servlet.DispatcherServlet.doService(DispatcherServlet.java:897)
	at org.springframework.web.servlet.FrameworkServlet.processRequest(FrameworkServlet.java:970)
	at org.springframework.web.servlet.FrameworkServlet.doGet(FrameworkServlet.java:861)
	at javax.servlet.http.HttpServlet.service(HttpServlet.java:635)
	at org.springframework.web.servlet.FrameworkServlet.service(FrameworkServlet.java:846)
	at javax.servlet.http.HttpServlet.service(HttpServlet.java:742)
	at org.apache.catalina.core.ApplicationFilterChain.internalDoFilter(ApplicationFilterChain.java:231)
	at org.apache.catalina.core.ApplicationFilterChain.doFilter(ApplicationFilterChain.java:166)
	at org.apache.tomcat.websocket.server.WsFilter.doFilter(WsFilter.java:52)
	at org.apache.catalina.core.ApplicationFilterChain.internalDoFilter(ApplicationFilterChain.java:193)
	at org.apache.catalina.core.ApplicationFilterChain.doFilter(ApplicationFilterChain.java:166)
	at com.alibaba.druid.support.http.WebStatFilter.doFilter(WebStatFilter.java:123)
	at org.apache.catalina.core.ApplicationFilterChain.internalDoFilter(ApplicationFilterChain.java:193)
	at org.apache.catalina.core.ApplicationFilterChain.doFilter(ApplicationFilterChain.java:166)
	at org.springframework.security.web.FilterChainProxy$VirtualFilterChain.doFilter(FilterChainProxy.java:317)
	at org.springframework.security.web.access.intercept.FilterSecurityInterceptor.invoke(FilterSecurityInterceptor.java:127)
	at org.springframework.security.web.access.intercept.FilterSecurityInterceptor.doFilter(FilterSecurityInterceptor.java:91)
	at org.springframework.security.web.FilterChainProxy$VirtualFilterChain.doFilter(FilterChainProxy.java:331)
	at org.springframework.security.web.access.ExceptionTranslationFilter.doFilter(ExceptionTranslationFilter.java:114)
	at org.springframework.security.web.FilterChainProxy$VirtualFilterChain.doFilter(FilterChainProxy.java:331)
	at org.springframework.security.web.session.SessionManagementFilter.doFilter(SessionManagementFilter.java:137)
	at org.springframework.security.web.FilterChainProxy$VirtualFilterChain.doFilter(FilterChainProxy.java:331)
	at org.springframework.security.web.authentication.AnonymousAuthenticationFilter.doFilter(AnonymousAuthenticationFilter.java:111)
	at org.springframework.security.web.FilterChainProxy$VirtualFilterChain.doFilter(FilterChainProxy.java:331)
	at org.springframework.security.web.servletapi.SecurityContextHolderAwareRequestFilter.doFilter(SecurityContextHolderAwareRequestFilter.java:170)
	at org.springframework.security.web.FilterChainProxy$VirtualFilterChain.doFilter(FilterChainProxy.java:331)
	at org.springframework.security.web.savedrequest.RequestCacheAwareFilter.doFilter(RequestCacheAwareFilter.java:63)
	at org.springframework.security.web.FilterChainProxy$VirtualFilterChain.doFilter(FilterChainProxy.java:331)
	at org.springframework.security.web.authentication.ui.DefaultLoginPageGeneratingFilter.doFilter(DefaultLoginPageGeneratingFilter.java:177)
	at org.springframework.security.web.FilterChainProxy$VirtualFilterChain.doFilter(FilterChainProxy.java:331)
	at org.springframework.security.web.authentication.AbstractAuthenticationProcessingFilter.doFilter(AbstractAuthenticationProcessingFilter.java:200)
	at org.springframework.security.web.FilterChainProxy$VirtualFilterChain.doFilter(FilterChainProxy.java:331)
	at org.springframework.security.web.authentication.logout.LogoutFilter.doFilter(LogoutFilter.java:116)
	at org.springframework.security.web.FilterChainProxy$VirtualFilterChain.doFilter(FilterChainProxy.java:331)
	at org.springframework.security.web.header.HeaderWriterFilter.doFilterInternal(HeaderWriterFilter.java:64)
	at org.springframework.web.filter.OncePerRequestFilter.doFilter(OncePerRequestFilter.java:107)
	at org.springframework.security.web.FilterChainProxy$VirtualFilterChain.doFilter(FilterChainProxy.java:331)
	at org.springframework.security.web.context.SecurityContextPersistenceFilter.doFilter(SecurityContextPersistenceFilter.java:105)
	at org.springframework.security.web.FilterChainProxy$VirtualFilterChain.doFilter(FilterChainProxy.java:331)
	at org.springframework.security.web.context.request.async.WebAsyncManagerIntegrationFilter.doFilterInternal(WebAsyncManagerIntegrationFilter.java:56)
	at org.springframework.web.filter.OncePerRequestFilter.doFilter(OncePerRequestFilter.java:107)
	at org.springframework.security.web.FilterChainProxy$VirtualFilterChain.doFilter(FilterChainProxy.java:331)
	at org.springframework.security.web.FilterChainProxy.doFilterInternal(FilterChainProxy.java:214)
	at org.springframework.security.web.FilterChainProxy.doFilter(FilterChainProxy.java:177)
	at org.springframework.web.filter.DelegatingFilterProxy.invokeDelegate(DelegatingFilterProxy.java:346)
	at org.springframework.web.filter.DelegatingFilterProxy.doFilter(DelegatingFilterProxy.java:262)
	at org.apache.catalina.core.ApplicationFilterChain.internalDoFilter(ApplicationFilterChain.java:193)
	at org.apache.catalina.core.ApplicationFilterChain.doFilter(ApplicationFilterChain.java:166)
	at org.springframework.web.filter.RequestContextFilter.doFilterInternal(RequestContextFilter.java:99)
	at org.springframework.web.filter.OncePerRequestFilter.doFilter(OncePerRequestFilter.java:107)
	at org.apache.catalina.core.ApplicationFilterChain.internalDoFilter(ApplicationFilterChain.java:193)
	at org.apache.catalina.core.ApplicationFilterChain.doFilter(ApplicationFilterChain.java:166)
	at org.springframework.web.filter.HttpPutFormContentFilter.doFilterInternal(HttpPutFormContentFilter.java:105)
	at org.springframework.web.filter.OncePerRequestFilter.doFilter(OncePerRequestFilter.java:107)
	at org.apache.catalina.core.ApplicationFilterChain.internalDoFilter(ApplicationFilterChain.java:193)
	at org.apache.catalina.core.ApplicationFilterChain.doFilter(ApplicationFilterChain.java:166)
	at org.springframework.web.filter.HiddenHttpMethodFilter.doFilterInternal(HiddenHttpMethodFilter.java:81)
	at org.springframework.web.filter.OncePerRequestFilter.doFilter(OncePerRequestFilter.java:107)
	at org.apache.catalina.core.ApplicationFilterChain.internalDoFilter(ApplicationFilterChain.java:193)
	at org.apache.catalina.core.ApplicationFilterChain.doFilter(ApplicationFilterChain.java:166)
	at org.springframework.web.filter.CharacterEncodingFilter.doFilterInternal(CharacterEncodingFilter.java:197)
	at org.springframework.web.filter.OncePerRequestFilter.doFilter(OncePerRequestFilter.java:107)
	at org.apache.catalina.core.ApplicationFilterChain.internalDoFilter(ApplicationFilterChain.java:193)
	at org.apache.catalina.core.ApplicationFilterChain.doFilter(ApplicationFilterChain.java:166)
	at org.apache.catalina.core.StandardWrapperValve.invoke(StandardWrapperValve.java:198)
	at org.apache.catalina.core.StandardContextValve.invoke(StandardContextValve.java:96)
	at org.apache.catalina.authenticator.AuthenticatorBase.invoke(AuthenticatorBase.java:478)
	at org.apache.catalina.core.StandardHostValve.invoke(StandardHostValve.java:140)
	at org.apache.catalina.valves.ErrorReportValve.invoke(ErrorReportValve.java:80)
	at org.apache.catalina.core.StandardEngineValve.invoke(StandardEngineValve.java:87)
	at org.apache.catalina.connector.CoyoteAdapter.service(CoyoteAdapter.java:342)
	at org.apache.coyote.http11.Http11Processor.service(Http11Processor.java:799)
	at org.apache.coyote.AbstractProcessorLight.process(AbstractProcessorLight.java:66)
	at org.apache.coyote.AbstractProtocol$ConnectionHandler.process(AbstractProtocol.java:861)
	at org.apache.tomcat.util.net.NioEndpoint$SocketProcessor.doRun(NioEndpoint.java:1455)
	at org.apache.tomcat.util.net.SocketProcessorBase.run(SocketProcessorBase.java:49)
	at java.util.concurrent.ThreadPoolExecutor.runWorker(ThreadPoolExecutor.java:1142)
	at java.util.concurrent.ThreadPoolExecutor$Worker.run(ThreadPoolExecutor.java:617)
	at org.apache.tomcat.util.threads.TaskThread$WrappingRunnable.run(TaskThread.java:61)
	at java.lang.Thread.run(Thread.java:745)
2019-08-13 17:39:49.300 [http-nio-8086-exec-10] DEBUG org.hibernate.SQL - insert into log (begin_time, client_url, method, param_data, return_time) values (?, ?, ?, ?, ?)
2019-08-13 17:39:49.300 [http-nio-8086-exec-10] TRACE org.hibernate.type.descriptor.sql.BasicBinder - binding parameter [1] as [TIMESTAMP] - [Tue Aug 13 17:39:49 CST 2019]
2019-08-13 17:39:49.301 [http-nio-8086-exec-10] TRACE org.hibernate.type.descriptor.sql.BasicBinder - binding parameter [2] as [VARCHAR] - [/error]
2019-08-13 17:39:49.301 [http-nio-8086-exec-10] TRACE org.hibernate.type.descriptor.sql.BasicBinder - binding parameter [3] as [VARCHAR] - [GET]
2019-08-13 17:39:49.301 [http-nio-8086-exec-10] TRACE org.hibernate.type.descriptor.sql.BasicBinder - binding parameter [4] as [VARCHAR] - [{}]
2019-08-13 17:39:49.301 [http-nio-8086-exec-10] TRACE org.hibernate.type.descriptor.sql.BasicBinder - binding parameter [5] as [TIMESTAMP] - [Tue Aug 13 17:39:49 CST 2019]
2019-08-13 17:39:50.280 [http-nio-8086-exec-2] ERROR o.a.c.c.C.[.[localhost].[/].[dispatcherServlet] - Servlet.service() for servlet [dispatcherServlet] in context with path [] threw exception [Request processing failed; nested exception is io.jsonwebtoken.ExpiredJwtException: JWT expired at 2019-08-12T13:15:04Z. Current time: 2019-08-13T17:39:50Z, a difference of 102286279 milliseconds.  Allowed clock skew: 0 milliseconds.] with root cause
io.jsonwebtoken.ExpiredJwtException: JWT expired at 2019-08-12T13:15:04Z. Current time: 2019-08-13T17:39:50Z, a difference of 102286279 milliseconds.  Allowed clock skew: 0 milliseconds.
	at io.jsonwebtoken.impl.DefaultJwtParser.parse(DefaultJwtParser.java:385)
	at io.jsonwebtoken.impl.DefaultJwtParser.parse(DefaultJwtParser.java:481)
	at io.jsonwebtoken.impl.DefaultJwtParser.parseClaimsJws(DefaultJwtParser.java:541)
	at com.example.demo.lntercptor.TokenInterceptor.preHandle(TokenInterceptor.java:46)
	at org.springframework.web.servlet.HandlerExecutionChain.applyPreHandle(HandlerExecutionChain.java:134)
	at org.springframework.web.servlet.DispatcherServlet.doDispatch(DispatcherServlet.java:958)
	at org.springframework.web.servlet.DispatcherServlet.doService(DispatcherServlet.java:897)
	at org.springframework.web.servlet.FrameworkServlet.processRequest(FrameworkServlet.java:970)
	at org.springframework.web.servlet.FrameworkServlet.doGet(FrameworkServlet.java:861)
	at javax.servlet.http.HttpServlet.service(HttpServlet.java:635)
	at org.springframework.web.servlet.FrameworkServlet.service(FrameworkServlet.java:846)
	at javax.servlet.http.HttpServlet.service(HttpServlet.java:742)
	at org.apache.catalina.core.ApplicationFilterChain.internalDoFilter(ApplicationFilterChain.java:231)
	at org.apache.catalina.core.ApplicationFilterChain.doFilter(ApplicationFilterChain.java:166)
	at org.apache.tomcat.websocket.server.WsFilter.doFilter(WsFilter.java:52)
	at org.apache.catalina.core.ApplicationFilterChain.internalDoFilter(ApplicationFilterChain.java:193)
	at org.apache.catalina.core.ApplicationFilterChain.doFilter(ApplicationFilterChain.java:166)
	at com.alibaba.druid.support.http.WebStatFilter.doFilter(WebStatFilter.java:123)
	at org.apache.catalina.core.ApplicationFilterChain.internalDoFilter(ApplicationFilterChain.java:193)
	at org.apache.catalina.core.ApplicationFilterChain.doFilter(ApplicationFilterChain.java:166)
	at org.springframework.security.web.FilterChainProxy$VirtualFilterChain.doFilter(FilterChainProxy.java:317)
	at org.springframework.security.web.access.intercept.FilterSecurityInterceptor.invoke(FilterSecurityInterceptor.java:127)
	at org.springframework.security.web.access.intercept.FilterSecurityInterceptor.doFilter(FilterSecurityInterceptor.java:91)
	at org.springframework.security.web.FilterChainProxy$VirtualFilterChain.doFilter(FilterChainProxy.java:331)
	at org.springframework.security.web.access.ExceptionTranslationFilter.doFilter(ExceptionTranslationFilter.java:114)
	at org.springframework.security.web.FilterChainProxy$VirtualFilterChain.doFilter(FilterChainProxy.java:331)
	at org.springframework.security.web.session.SessionManagementFilter.doFilter(SessionManagementFilter.java:137)
	at org.springframework.security.web.FilterChainProxy$VirtualFilterChain.doFilter(FilterChainProxy.java:331)
	at org.springframework.security.web.authentication.AnonymousAuthenticationFilter.doFilter(AnonymousAuthenticationFilter.java:111)
	at org.springframework.security.web.FilterChainProxy$VirtualFilterChain.doFilter(FilterChainProxy.java:331)
	at org.springframework.security.web.servletapi.SecurityContextHolderAwareRequestFilter.doFilter(SecurityContextHolderAwareRequestFilter.java:170)
	at org.springframework.security.web.FilterChainProxy$VirtualFilterChain.doFilter(FilterChainProxy.java:331)
	at org.springframework.security.web.savedrequest.RequestCacheAwareFilter.doFilter(RequestCacheAwareFilter.java:63)
	at org.springframework.security.web.FilterChainProxy$VirtualFilterChain.doFilter(FilterChainProxy.java:331)
	at org.springframework.security.web.authentication.ui.DefaultLoginPageGeneratingFilter.doFilter(DefaultLoginPageGeneratingFilter.java:177)
	at org.springframework.security.web.FilterChainProxy$VirtualFilterChain.doFilter(FilterChainProxy.java:331)
	at org.springframework.security.web.authentication.AbstractAuthenticationProcessingFilter.doFilter(AbstractAuthenticationProcessingFilter.java:200)
	at org.springframework.security.web.FilterChainProxy$VirtualFilterChain.doFilter(FilterChainProxy.java:331)
	at org.springframework.security.web.authentication.logout.LogoutFilter.doFilter(LogoutFilter.java:116)
	at org.springframework.security.web.FilterChainProxy$VirtualFilterChain.doFilter(FilterChainProxy.java:331)
	at org.springframework.security.web.header.HeaderWriterFilter.doFilterInternal(HeaderWriterFilter.java:64)
	at org.springframework.web.filter.OncePerRequestFilter.doFilter(OncePerRequestFilter.java:107)
	at org.springframework.security.web.FilterChainProxy$VirtualFilterChain.doFilter(FilterChainProxy.java:331)
	at org.springframework.security.web.context.SecurityContextPersistenceFilter.doFilter(SecurityContextPersistenceFilter.java:105)
	at org.springframework.security.web.FilterChainProxy$VirtualFilterChain.doFilter(FilterChainProxy.java:331)
	at org.springframework.security.web.context.request.async.WebAsyncManagerIntegrationFilter.doFilterInternal(WebAsyncManagerIntegrationFilter.java:56)
	at org.springframework.web.filter.OncePerRequestFilter.doFilter(OncePerRequestFilter.java:107)
	at org.springframework.security.web.FilterChainProxy$VirtualFilterChain.doFilter(FilterChainProxy.java:331)
	at org.springframework.security.web.FilterChainProxy.doFilterInternal(FilterChainProxy.java:214)
	at org.springframework.security.web.FilterChainProxy.doFilter(FilterChainProxy.java:177)
	at org.springframework.web.filter.DelegatingFilterProxy.invokeDelegate(DelegatingFilterProxy.java:346)
	at org.springframework.web.filter.DelegatingFilterProxy.doFilter(DelegatingFilterProxy.java:262)
	at org.apache.catalina.core.ApplicationFilterChain.internalDoFilter(ApplicationFilterChain.java:193)
	at org.apache.catalina.core.ApplicationFilterChain.doFilter(ApplicationFilterChain.java:166)
	at org.springframework.web.filter.RequestContextFilter.doFilterInternal(RequestContextFilter.java:99)
	at org.springframework.web.filter.OncePerRequestFilter.doFilter(OncePerRequestFilter.java:107)
	at org.apache.catalina.core.ApplicationFilterChain.internalDoFilter(ApplicationFilterChain.java:193)
	at org.apache.catalina.core.ApplicationFilterChain.doFilter(ApplicationFilterChain.java:166)
	at org.springframework.web.filter.HttpPutFormContentFilter.doFilterInternal(HttpPutFormContentFilter.java:105)
	at org.springframework.web.filter.OncePerRequestFilter.doFilter(OncePerRequestFilter.java:107)
	at org.apache.catalina.core.ApplicationFilterChain.internalDoFilter(ApplicationFilterChain.java:193)
	at org.apache.catalina.core.ApplicationFilterChain.doFilter(ApplicationFilterChain.java:166)
	at org.springframework.web.filter.HiddenHttpMethodFilter.doFilterInternal(HiddenHttpMethodFilter.java:81)
	at org.springframework.web.filter.OncePerRequestFilter.doFilter(OncePerRequestFilter.java:107)
	at org.apache.catalina.core.ApplicationFilterChain.internalDoFilter(ApplicationFilterChain.java:193)
	at org.apache.catalina.core.ApplicationFilterChain.doFilter(ApplicationFilterChain.java:166)
	at org.springframework.web.filter.CharacterEncodingFilter.doFilterInternal(CharacterEncodingFilter.java:197)
	at org.springframework.web.filter.OncePerRequestFilter.doFilter(OncePerRequestFilter.java:107)
	at org.apache.catalina.core.ApplicationFilterChain.internalDoFilter(ApplicationFilterChain.java:193)
	at org.apache.catalina.core.ApplicationFilterChain.doFilter(ApplicationFilterChain.java:166)
	at org.apache.catalina.core.StandardWrapperValve.invoke(StandardWrapperValve.java:198)
	at org.apache.catalina.core.StandardContextValve.invoke(StandardContextValve.java:96)
	at org.apache.catalina.authenticator.AuthenticatorBase.invoke(AuthenticatorBase.java:478)
	at org.apache.catalina.core.StandardHostValve.invoke(StandardHostValve.java:140)
	at org.apache.catalina.valves.ErrorReportValve.invoke(ErrorReportValve.java:80)
	at org.apache.catalina.core.StandardEngineValve.invoke(StandardEngineValve.java:87)
	at org.apache.catalina.connector.CoyoteAdapter.service(CoyoteAdapter.java:342)
	at org.apache.coyote.http11.Http11Processor.service(Http11Processor.java:799)
	at org.apache.coyote.AbstractProcessorLight.process(AbstractProcessorLight.java:66)
	at org.apache.coyote.AbstractProtocol$ConnectionHandler.process(AbstractProtocol.java:861)
	at org.apache.tomcat.util.net.NioEndpoint$SocketProcessor.doRun(NioEndpoint.java:1455)
	at org.apache.tomcat.util.net.SocketProcessorBase.run(SocketProcessorBase.java:49)
	at java.util.concurrent.ThreadPoolExecutor.runWorker(ThreadPoolExecutor.java:1142)
	at java.util.concurrent.ThreadPoolExecutor$Worker.run(ThreadPoolExecutor.java:617)
	at org.apache.tomcat.util.threads.TaskThread$WrappingRunnable.run(TaskThread.java:61)
	at java.lang.Thread.run(Thread.java:745)
2019-08-13 17:39:50.288 [http-nio-8086-exec-2] DEBUG org.hibernate.SQL - insert into log (begin_time, client_url, method, param_data, return_time) values (?, ?, ?, ?, ?)
2019-08-13 17:39:50.289 [http-nio-8086-exec-2] TRACE org.hibernate.type.descriptor.sql.BasicBinder - binding parameter [1] as [TIMESTAMP] - [Tue Aug 13 17:39:50 CST 2019]
2019-08-13 17:39:50.289 [http-nio-8086-exec-2] TRACE org.hibernate.type.descriptor.sql.BasicBinder - binding parameter [2] as [VARCHAR] - [/error]
2019-08-13 17:39:50.290 [http-nio-8086-exec-2] TRACE org.hibernate.type.descriptor.sql.BasicBinder - binding parameter [3] as [VARCHAR] - [GET]
2019-08-13 17:39:50.290 [http-nio-8086-exec-2] TRACE org.hibernate.type.descriptor.sql.BasicBinder - binding parameter [4] as [VARCHAR] - [{}]
2019-08-13 17:39:50.290 [http-nio-8086-exec-2] TRACE org.hibernate.type.descriptor.sql.BasicBinder - binding parameter [5] as [TIMESTAMP] - [Tue Aug 13 17:39:50 CST 2019]
2019-08-13 17:39:50.486 [http-nio-8086-exec-4] ERROR o.a.c.c.C.[.[localhost].[/].[dispatcherServlet] - Servlet.service() for servlet [dispatcherServlet] in context with path [] threw exception [Request processing failed; nested exception is io.jsonwebtoken.ExpiredJwtException: JWT expired at 2019-08-12T13:15:04Z. Current time: 2019-08-13T17:39:50Z, a difference of 102286485 milliseconds.  Allowed clock skew: 0 milliseconds.] with root cause
io.jsonwebtoken.ExpiredJwtException: JWT expired at 2019-08-12T13:15:04Z. Current time: 2019-08-13T17:39:50Z, a difference of 102286485 milliseconds.  Allowed clock skew: 0 milliseconds.
	at io.jsonwebtoken.impl.DefaultJwtParser.parse(DefaultJwtParser.java:385)
	at io.jsonwebtoken.impl.DefaultJwtParser.parse(DefaultJwtParser.java:481)
	at io.jsonwebtoken.impl.DefaultJwtParser.parseClaimsJws(DefaultJwtParser.java:541)
	at com.example.demo.lntercptor.TokenInterceptor.preHandle(TokenInterceptor.java:46)
	at org.springframework.web.servlet.HandlerExecutionChain.applyPreHandle(HandlerExecutionChain.java:134)
	at org.springframework.web.servlet.DispatcherServlet.doDispatch(DispatcherServlet.java:958)
	at org.springframework.web.servlet.DispatcherServlet.doService(DispatcherServlet.java:897)
	at org.springframework.web.servlet.FrameworkServlet.processRequest(FrameworkServlet.java:970)
	at org.springframework.web.servlet.FrameworkServlet.doGet(FrameworkServlet.java:861)
	at javax.servlet.http.HttpServlet.service(HttpServlet.java:635)
	at org.springframework.web.servlet.FrameworkServlet.service(FrameworkServlet.java:846)
	at javax.servlet.http.HttpServlet.service(HttpServlet.java:742)
	at org.apache.catalina.core.ApplicationFilterChain.internalDoFilter(ApplicationFilterChain.java:231)
	at org.apache.catalina.core.ApplicationFilterChain.doFilter(ApplicationFilterChain.java:166)
	at org.apache.tomcat.websocket.server.WsFilter.doFilter(WsFilter.java:52)
	at org.apache.catalina.core.ApplicationFilterChain.internalDoFilter(ApplicationFilterChain.java:193)
	at org.apache.catalina.core.ApplicationFilterChain.doFilter(ApplicationFilterChain.java:166)
	at com.alibaba.druid.support.http.WebStatFilter.doFilter(WebStatFilter.java:123)
	at org.apache.catalina.core.ApplicationFilterChain.internalDoFilter(ApplicationFilterChain.java:193)
	at org.apache.catalina.core.ApplicationFilterChain.doFilter(ApplicationFilterChain.java:166)
	at org.springframework.security.web.FilterChainProxy$VirtualFilterChain.doFilter(FilterChainProxy.java:317)
	at org.springframework.security.web.access.intercept.FilterSecurityInterceptor.invoke(FilterSecurityInterceptor.java:127)
	at org.springframework.security.web.access.intercept.FilterSecurityInterceptor.doFilter(FilterSecurityInterceptor.java:91)
	at org.springframework.security.web.FilterChainProxy$VirtualFilterChain.doFilter(FilterChainProxy.java:331)
	at org.springframework.security.web.access.ExceptionTranslationFilter.doFilter(ExceptionTranslationFilter.java:114)
	at org.springframework.security.web.FilterChainProxy$VirtualFilterChain.doFilter(FilterChainProxy.java:331)
	at org.springframework.security.web.session.SessionManagementFilter.doFilter(SessionManagementFilter.java:137)
	at org.springframework.security.web.FilterChainProxy$VirtualFilterChain.doFilter(FilterChainProxy.java:331)
	at org.springframework.security.web.authentication.AnonymousAuthenticationFilter.doFilter(AnonymousAuthenticationFilter.java:111)
	at org.springframework.security.web.FilterChainProxy$VirtualFilterChain.doFilter(FilterChainProxy.java:331)
	at org.springframework.security.web.servletapi.SecurityContextHolderAwareRequestFilter.doFilter(SecurityContextHolderAwareRequestFilter.java:170)
	at org.springframework.security.web.FilterChainProxy$VirtualFilterChain.doFilter(FilterChainProxy.java:331)
	at org.springframework.security.web.savedrequest.RequestCacheAwareFilter.doFilter(RequestCacheAwareFilter.java:63)
	at org.springframework.security.web.FilterChainProxy$VirtualFilterChain.doFilter(FilterChainProxy.java:331)
	at org.springframework.security.web.authentication.ui.DefaultLoginPageGeneratingFilter.doFilter(DefaultLoginPageGeneratingFilter.java:177)
	at org.springframework.security.web.FilterChainProxy$VirtualFilterChain.doFilter(FilterChainProxy.java:331)
	at org.springframework.security.web.authentication.AbstractAuthenticationProcessingFilter.doFilter(AbstractAuthenticationProcessingFilter.java:200)
	at org.springframework.security.web.FilterChainProxy$VirtualFilterChain.doFilter(FilterChainProxy.java:331)
	at org.springframework.security.web.authentication.logout.LogoutFilter.doFilter(LogoutFilter.java:116)
	at org.springframework.security.web.FilterChainProxy$VirtualFilterChain.doFilter(FilterChainProxy.java:331)
	at org.springframework.security.web.header.HeaderWriterFilter.doFilterInternal(HeaderWriterFilter.java:64)
	at org.springframework.web.filter.OncePerRequestFilter.doFilter(OncePerRequestFilter.java:107)
	at org.springframework.security.web.FilterChainProxy$VirtualFilterChain.doFilter(FilterChainProxy.java:331)
	at org.springframework.security.web.context.SecurityContextPersistenceFilter.doFilter(SecurityContextPersistenceFilter.java:105)
	at org.springframework.security.web.FilterChainProxy$VirtualFilterChain.doFilter(FilterChainProxy.java:331)
	at org.springframework.security.web.context.request.async.WebAsyncManagerIntegrationFilter.doFilterInternal(WebAsyncManagerIntegrationFilter.java:56)
	at org.springframework.web.filter.OncePerRequestFilter.doFilter(OncePerRequestFilter.java:107)
	at org.springframework.security.web.FilterChainProxy$VirtualFilterChain.doFilter(FilterChainProxy.java:331)
	at org.springframework.security.web.FilterChainProxy.doFilterInternal(FilterChainProxy.java:214)
	at org.springframework.security.web.FilterChainProxy.doFilter(FilterChainProxy.java:177)
	at org.springframework.web.filter.DelegatingFilterProxy.invokeDelegate(DelegatingFilterProxy.java:346)
	at org.springframework.web.filter.DelegatingFilterProxy.doFilter(DelegatingFilterProxy.java:262)
	at org.apache.catalina.core.ApplicationFilterChain.internalDoFilter(ApplicationFilterChain.java:193)
	at org.apache.catalina.core.ApplicationFilterChain.doFilter(ApplicationFilterChain.java:166)
	at org.springframework.web.filter.RequestContextFilter.doFilterInternal(RequestContextFilter.java:99)
	at org.springframework.web.filter.OncePerRequestFilter.doFilter(OncePerRequestFilter.java:107)
	at org.apache.catalina.core.ApplicationFilterChain.internalDoFilter(ApplicationFilterChain.java:193)
	at org.apache.catalina.core.ApplicationFilterChain.doFilter(ApplicationFilterChain.java:166)
	at org.springframework.web.filter.HttpPutFormContentFilter.doFilterInternal(HttpPutFormContentFilter.java:105)
	at org.springframework.web.filter.OncePerRequestFilter.doFilter(OncePerRequestFilter.java:107)
	at org.apache.catalina.core.ApplicationFilterChain.internalDoFilter(ApplicationFilterChain.java:193)
	at org.apache.catalina.core.ApplicationFilterChain.doFilter(ApplicationFilterChain.java:166)
	at org.springframework.web.filter.HiddenHttpMethodFilter.doFilterInternal(HiddenHttpMethodFilter.java:81)
	at org.springframework.web.filter.OncePerRequestFilter.doFilter(OncePerRequestFilter.java:107)
	at org.apache.catalina.core.ApplicationFilterChain.internalDoFilter(ApplicationFilterChain.java:193)
	at org.apache.catalina.core.ApplicationFilterChain.doFilter(ApplicationFilterChain.java:166)
	at org.springframework.web.filter.CharacterEncodingFilter.doFilterInternal(CharacterEncodingFilter.java:197)
	at org.springframework.web.filter.OncePerRequestFilter.doFilter(OncePerRequestFilter.java:107)
	at org.apache.catalina.core.ApplicationFilterChain.internalDoFilter(ApplicationFilterChain.java:193)
	at org.apache.catalina.core.ApplicationFilterChain.doFilter(ApplicationFilterChain.java:166)
	at org.apache.catalina.core.StandardWrapperValve.invoke(StandardWrapperValve.java:198)
	at org.apache.catalina.core.StandardContextValve.invoke(StandardContextValve.java:96)
	at org.apache.catalina.authenticator.AuthenticatorBase.invoke(AuthenticatorBase.java:478)
	at org.apache.catalina.core.StandardHostValve.invoke(StandardHostValve.java:140)
	at org.apache.catalina.valves.ErrorReportValve.invoke(ErrorReportValve.java:80)
	at org.apache.catalina.core.StandardEngineValve.invoke(StandardEngineValve.java:87)
	at org.apache.catalina.connector.CoyoteAdapter.service(CoyoteAdapter.java:342)
	at org.apache.coyote.http11.Http11Processor.service(Http11Processor.java:799)
	at org.apache.coyote.AbstractProcessorLight.process(AbstractProcessorLight.java:66)
	at org.apache.coyote.AbstractProtocol$ConnectionHandler.process(AbstractProtocol.java:861)
	at org.apache.tomcat.util.net.NioEndpoint$SocketProcessor.doRun(NioEndpoint.java:1455)
	at org.apache.tomcat.util.net.SocketProcessorBase.run(SocketProcessorBase.java:49)
	at java.util.concurrent.ThreadPoolExecutor.runWorker(ThreadPoolExecutor.java:1142)
	at java.util.concurrent.ThreadPoolExecutor$Worker.run(ThreadPoolExecutor.java:617)
	at org.apache.tomcat.util.threads.TaskThread$WrappingRunnable.run(TaskThread.java:61)
	at java.lang.Thread.run(Thread.java:745)
2019-08-13 17:39:50.493 [http-nio-8086-exec-4] DEBUG org.hibernate.SQL - insert into log (begin_time, client_url, method, param_data, return_time) values (?, ?, ?, ?, ?)
2019-08-13 17:39:50.494 [http-nio-8086-exec-4] TRACE org.hibernate.type.descriptor.sql.BasicBinder - binding parameter [1] as [TIMESTAMP] - [Tue Aug 13 17:39:50 CST 2019]
2019-08-13 17:39:50.495 [http-nio-8086-exec-4] TRACE org.hibernate.type.descriptor.sql.BasicBinder - binding parameter [2] as [VARCHAR] - [/error]
2019-08-13 17:39:50.495 [http-nio-8086-exec-4] TRACE org.hibernate.type.descriptor.sql.BasicBinder - binding parameter [3] as [VARCHAR] - [GET]
2019-08-13 17:39:50.495 [http-nio-8086-exec-4] TRACE org.hibernate.type.descriptor.sql.BasicBinder - binding parameter [4] as [VARCHAR] - [{}]
2019-08-13 17:39:50.495 [http-nio-8086-exec-4] TRACE org.hibernate.type.descriptor.sql.BasicBinder - binding parameter [5] as [TIMESTAMP] - [Tue Aug 13 17:39:50 CST 2019]
2019-08-13 17:39:50.709 [http-nio-8086-exec-6] ERROR o.a.c.c.C.[.[localhost].[/].[dispatcherServlet] - Servlet.service() for servlet [dispatcherServlet] in context with path [] threw exception [Request processing failed; nested exception is io.jsonwebtoken.ExpiredJwtException: JWT expired at 2019-08-12T13:15:04Z. Current time: 2019-08-13T17:39:50Z, a difference of 102286709 milliseconds.  Allowed clock skew: 0 milliseconds.] with root cause
io.jsonwebtoken.ExpiredJwtException: JWT expired at 2019-08-12T13:15:04Z. Current time: 2019-08-13T17:39:50Z, a difference of 102286709 milliseconds.  Allowed clock skew: 0 milliseconds.
	at io.jsonwebtoken.impl.DefaultJwtParser.parse(DefaultJwtParser.java:385)
	at io.jsonwebtoken.impl.DefaultJwtParser.parse(DefaultJwtParser.java:481)
	at io.jsonwebtoken.impl.DefaultJwtParser.parseClaimsJws(DefaultJwtParser.java:541)
	at com.example.demo.lntercptor.TokenInterceptor.preHandle(TokenInterceptor.java:46)
	at org.springframework.web.servlet.HandlerExecutionChain.applyPreHandle(HandlerExecutionChain.java:134)
	at org.springframework.web.servlet.DispatcherServlet.doDispatch(DispatcherServlet.java:958)
	at org.springframework.web.servlet.DispatcherServlet.doService(DispatcherServlet.java:897)
	at org.springframework.web.servlet.FrameworkServlet.processRequest(FrameworkServlet.java:970)
	at org.springframework.web.servlet.FrameworkServlet.doGet(FrameworkServlet.java:861)
	at javax.servlet.http.HttpServlet.service(HttpServlet.java:635)
	at org.springframework.web.servlet.FrameworkServlet.service(FrameworkServlet.java:846)
	at javax.servlet.http.HttpServlet.service(HttpServlet.java:742)
	at org.apache.catalina.core.ApplicationFilterChain.internalDoFilter(ApplicationFilterChain.java:231)
	at org.apache.catalina.core.ApplicationFilterChain.doFilter(ApplicationFilterChain.java:166)
	at org.apache.tomcat.websocket.server.WsFilter.doFilter(WsFilter.java:52)
	at org.apache.catalina.core.ApplicationFilterChain.internalDoFilter(ApplicationFilterChain.java:193)
	at org.apache.catalina.core.ApplicationFilterChain.doFilter(ApplicationFilterChain.java:166)
	at com.alibaba.druid.support.http.WebStatFilter.doFilter(WebStatFilter.java:123)
	at org.apache.catalina.core.ApplicationFilterChain.internalDoFilter(ApplicationFilterChain.java:193)
	at org.apache.catalina.core.ApplicationFilterChain.doFilter(ApplicationFilterChain.java:166)
	at org.springframework.security.web.FilterChainProxy$VirtualFilterChain.doFilter(FilterChainProxy.java:317)
	at org.springframework.security.web.access.intercept.FilterSecurityInterceptor.invoke(FilterSecurityInterceptor.java:127)
	at org.springframework.security.web.access.intercept.FilterSecurityInterceptor.doFilter(FilterSecurityInterceptor.java:91)
	at org.springframework.security.web.FilterChainProxy$VirtualFilterChain.doFilter(FilterChainProxy.java:331)
	at org.springframework.security.web.access.ExceptionTranslationFilter.doFilter(ExceptionTranslationFilter.java:114)
	at org.springframework.security.web.FilterChainProxy$VirtualFilterChain.doFilter(FilterChainProxy.java:331)
	at org.springframework.security.web.session.SessionManagementFilter.doFilter(SessionManagementFilter.java:137)
	at org.springframework.security.web.FilterChainProxy$VirtualFilterChain.doFilter(FilterChainProxy.java:331)
	at org.springframework.security.web.authentication.AnonymousAuthenticationFilter.doFilter(AnonymousAuthenticationFilter.java:111)
	at org.springframework.security.web.FilterChainProxy$VirtualFilterChain.doFilter(FilterChainProxy.java:331)
	at org.springframework.security.web.servletapi.SecurityContextHolderAwareRequestFilter.doFilter(SecurityContextHolderAwareRequestFilter.java:170)
	at org.springframework.security.web.FilterChainProxy$VirtualFilterChain.doFilter(FilterChainProxy.java:331)
	at org.springframework.security.web.savedrequest.RequestCacheAwareFilter.doFilter(RequestCacheAwareFilter.java:63)
	at org.springframework.security.web.FilterChainProxy$VirtualFilterChain.doFilter(FilterChainProxy.java:331)
	at org.springframework.security.web.authentication.ui.DefaultLoginPageGeneratingFilter.doFilter(DefaultLoginPageGeneratingFilter.java:177)
	at org.springframework.security.web.FilterChainProxy$VirtualFilterChain.doFilter(FilterChainProxy.java:331)
	at org.springframework.security.web.authentication.AbstractAuthenticationProcessingFilter.doFilter(AbstractAuthenticationProcessingFilter.java:200)
	at org.springframework.security.web.FilterChainProxy$VirtualFilterChain.doFilter(FilterChainProxy.java:331)
	at org.springframework.security.web.authentication.logout.LogoutFilter.doFilter(LogoutFilter.java:116)
	at org.springframework.security.web.FilterChainProxy$VirtualFilterChain.doFilter(FilterChainProxy.java:331)
	at org.springframework.security.web.header.HeaderWriterFilter.doFilterInternal(HeaderWriterFilter.java:64)
	at org.springframework.web.filter.OncePerRequestFilter.doFilter(OncePerRequestFilter.java:107)
	at org.springframework.security.web.FilterChainProxy$VirtualFilterChain.doFilter(FilterChainProxy.java:331)
	at org.springframework.security.web.context.SecurityContextPersistenceFilter.doFilter(SecurityContextPersistenceFilter.java:105)
	at org.springframework.security.web.FilterChainProxy$VirtualFilterChain.doFilter(FilterChainProxy.java:331)
	at org.springframework.security.web.context.request.async.WebAsyncManagerIntegrationFilter.doFilterInternal(WebAsyncManagerIntegrationFilter.java:56)
	at org.springframework.web.filter.OncePerRequestFilter.doFilter(OncePerRequestFilter.java:107)
	at org.springframework.security.web.FilterChainProxy$VirtualFilterChain.doFilter(FilterChainProxy.java:331)
	at org.springframework.security.web.FilterChainProxy.doFilterInternal(FilterChainProxy.java:214)
	at org.springframework.security.web.FilterChainProxy.doFilter(FilterChainProxy.java:177)
	at org.springframework.web.filter.DelegatingFilterProxy.invokeDelegate(DelegatingFilterProxy.java:346)
	at org.springframework.web.filter.DelegatingFilterProxy.doFilter(DelegatingFilterProxy.java:262)
	at org.apache.catalina.core.ApplicationFilterChain.internalDoFilter(ApplicationFilterChain.java:193)
	at org.apache.catalina.core.ApplicationFilterChain.doFilter(ApplicationFilterChain.java:166)
	at org.springframework.web.filter.RequestContextFilter.doFilterInternal(RequestContextFilter.java:99)
	at org.springframework.web.filter.OncePerRequestFilter.doFilter(OncePerRequestFilter.java:107)
	at org.apache.catalina.core.ApplicationFilterChain.internalDoFilter(ApplicationFilterChain.java:193)
	at org.apache.catalina.core.ApplicationFilterChain.doFilter(ApplicationFilterChain.java:166)
	at org.springframework.web.filter.HttpPutFormContentFilter.doFilterInternal(HttpPutFormContentFilter.java:105)
	at org.springframework.web.filter.OncePerRequestFilter.doFilter(OncePerRequestFilter.java:107)
	at org.apache.catalina.core.ApplicationFilterChain.internalDoFilter(ApplicationFilterChain.java:193)
	at org.apache.catalina.core.ApplicationFilterChain.doFilter(ApplicationFilterChain.java:166)
	at org.springframework.web.filter.HiddenHttpMethodFilter.doFilterInternal(HiddenHttpMethodFilter.java:81)
	at org.springframework.web.filter.OncePerRequestFilter.doFilter(OncePerRequestFilter.java:107)
	at org.apache.catalina.core.ApplicationFilterChain.internalDoFilter(ApplicationFilterChain.java:193)
	at org.apache.catalina.core.ApplicationFilterChain.doFilter(ApplicationFilterChain.java:166)
	at org.springframework.web.filter.CharacterEncodingFilter.doFilterInternal(CharacterEncodingFilter.java:197)
	at org.springframework.web.filter.OncePerRequestFilter.doFilter(OncePerRequestFilter.java:107)
	at org.apache.catalina.core.ApplicationFilterChain.internalDoFilter(ApplicationFilterChain.java:193)
	at org.apache.catalina.core.ApplicationFilterChain.doFilter(ApplicationFilterChain.java:166)
	at org.apache.catalina.core.StandardWrapperValve.invoke(StandardWrapperValve.java:198)
	at org.apache.catalina.core.StandardContextValve.invoke(StandardContextValve.java:96)
	at org.apache.catalina.authenticator.AuthenticatorBase.invoke(AuthenticatorBase.java:478)
	at org.apache.catalina.core.StandardHostValve.invoke(StandardHostValve.java:140)
	at org.apache.catalina.valves.ErrorReportValve.invoke(ErrorReportValve.java:80)
	at org.apache.catalina.core.StandardEngineValve.invoke(StandardEngineValve.java:87)
	at org.apache.catalina.connector.CoyoteAdapter.service(CoyoteAdapter.java:342)
	at org.apache.coyote.http11.Http11Processor.service(Http11Processor.java:799)
	at org.apache.coyote.AbstractProcessorLight.process(AbstractProcessorLight.java:66)
	at org.apache.coyote.AbstractProtocol$ConnectionHandler.process(AbstractProtocol.java:861)
	at org.apache.tomcat.util.net.NioEndpoint$SocketProcessor.doRun(NioEndpoint.java:1455)
	at org.apache.tomcat.util.net.SocketProcessorBase.run(SocketProcessorBase.java:49)
	at java.util.concurrent.ThreadPoolExecutor.runWorker(ThreadPoolExecutor.java:1142)
	at java.util.concurrent.ThreadPoolExecutor$Worker.run(ThreadPoolExecutor.java:617)
	at org.apache.tomcat.util.threads.TaskThread$WrappingRunnable.run(TaskThread.java:61)
	at java.lang.Thread.run(Thread.java:745)
2019-08-13 17:39:50.719 [http-nio-8086-exec-6] DEBUG org.hibernate.SQL - insert into log (begin_time, client_url, method, param_data, return_time) values (?, ?, ?, ?, ?)
2019-08-13 17:39:50.720 [http-nio-8086-exec-6] TRACE org.hibernate.type.descriptor.sql.BasicBinder - binding parameter [1] as [TIMESTAMP] - [Tue Aug 13 17:39:50 CST 2019]
2019-08-13 17:39:50.721 [http-nio-8086-exec-6] TRACE org.hibernate.type.descriptor.sql.BasicBinder - binding parameter [2] as [VARCHAR] - [/error]
2019-08-13 17:39:50.721 [http-nio-8086-exec-6] TRACE org.hibernate.type.descriptor.sql.BasicBinder - binding parameter [3] as [VARCHAR] - [GET]
2019-08-13 17:39:50.721 [http-nio-8086-exec-6] TRACE org.hibernate.type.descriptor.sql.BasicBinder - binding parameter [4] as [VARCHAR] - [{}]
2019-08-13 17:39:50.721 [http-nio-8086-exec-6] TRACE org.hibernate.type.descriptor.sql.BasicBinder - binding parameter [5] as [TIMESTAMP] - [Tue Aug 13 17:39:50 CST 2019]
