2019-10-30 14:37:06.307 [main] INFO  o.s.b.t.context.SpringBootTestContextBootstrapper - Neither @ContextConfiguration nor @ContextHierarchy found for test class [com.example.demo.DemoApplicationTests], using SpringBootContextLoader
2019-10-30 14:37:06.336 [main] INFO  o.s.test.context.support.AbstractContextLoader - Could not detect default resource locations for test class [com.example.demo.DemoApplicationTests]: no resource found for suffixes {-context.xml, Context.groovy}.
2019-10-30 14:37:06.339 [main] INFO  o.s.t.c.support.AnnotationConfigContextLoaderUtils - Could not detect default configuration classes for test class [com.example.demo.DemoApplicationTests]: DemoApplicationTests does not declare any static, non-private, non-final, nested classes annotated with @Configuration.
2019-10-30 14:37:06.758 [main] INFO  o.s.b.t.context.SpringBootTestContextBootstrapper - Found @SpringBootConfiguration com.example.demo.DemoApplication for test class com.example.demo.DemoApplicationTests
2019-10-30 14:37:06.788 [main] INFO  o.s.b.t.context.SpringBootTestContextBootstrapper - Loaded default TestExecutionListener class names from location [META-INF/spring.factories]: [org.springframework.boot.test.mock.mockito.MockitoTestExecutionListener, org.springframework.boot.test.mock.mockito.ResetMocksTestExecutionListener, org.springframework.boot.test.autoconfigure.restdocs.RestDocsTestExecutionListener, org.springframework.boot.test.autoconfigure.web.client.MockRestServiceServerResetTestExecutionListener, org.springframework.boot.test.autoconfigure.web.servlet.MockMvcPrintOnlyOnFailureTestExecutionListener, org.springframework.boot.test.autoconfigure.web.servlet.WebDriverTestExecutionListener, org.springframework.test.context.web.ServletTestExecutionListener, org.springframework.test.context.support.DirtiesContextBeforeModesTestExecutionListener, org.springframework.test.context.support.DependencyInjectionTestExecutionListener, org.springframework.test.context.support.DirtiesContextTestExecutionListener, org.springframework.test.context.transaction.TransactionalTestExecutionListener, org.springframework.test.context.jdbc.SqlScriptsTestExecutionListener]
2019-10-30 14:37:06.923 [main] INFO  o.s.b.t.context.SpringBootTestContextBootstrapper - Using TestExecutionListeners: [org.springframework.test.context.web.ServletTestExecutionListener@6dd7b5a3, org.springframework.test.context.support.DirtiesContextBeforeModesTestExecutionListener@6f3187b0, org.springframework.boot.test.autoconfigure.SpringBootDependencyInjectionTestExecutionListener@2663e964, org.springframework.test.context.support.DirtiesContextTestExecutionListener@48b67364, org.springframework.test.context.transaction.TransactionalTestExecutionListener@189cbd7c, org.springframework.test.context.jdbc.SqlScriptsTestExecutionListener@7bf3a5d8, org.springframework.boot.test.autoconfigure.web.servlet.MockMvcPrintOnlyOnFailureTestExecutionListener@42e25b0b, org.springframework.boot.test.autoconfigure.web.servlet.WebDriverTestExecutionListener@39b43d60, org.springframework.boot.test.mock.mockito.ResetMocksTestExecutionListener@44be0077, org.springframework.boot.test.autoconfigure.restdocs.RestDocsTestExecutionListener@2205a05d, org.springframework.boot.test.mock.mockito.MockitoTestExecutionListener@72ef8d15, org.springframework.boot.test.autoconfigure.web.client.MockRestServiceServerResetTestExecutionListener@6aa8e115]
2019-10-30 14:37:08.449 [main] INFO  com.example.demo.DemoApplicationTests - Starting DemoApplicationTests on SC-201902202144 with PID 8120 (started by Administrator in F:\Springboot)
2019-10-30 14:37:08.450 [main] INFO  com.example.demo.DemoApplicationTests - No active profile set, falling back to default profiles: default
2019-10-30 14:37:08.555 [main] INFO  o.s.w.context.support.GenericWebApplicationContext - Refreshing org.springframework.web.context.support.GenericWebApplicationContext@1698ee84: startup date [Wed Oct 30 14:37:08 CST 2019]; root of context hierarchy
2019-10-30 14:37:10.193 [background-preinit] INFO  org.hibernate.validator.internal.util.Version - HV000001: Hibernate Validator 5.3.5.Final
2019-10-30 14:37:13.301 [main] INFO  o.s.beans.factory.xml.XmlBeanDefinitionReader - Loading XML bean definitions from class path resource [druid-bean.xml]
2019-10-30 14:37:14.608 [main] WARN  org.mybatis.spring.mapper.ClassPathMapperScanner - No MyBatis mapper was found in '[com.example.demo.entity.mybaites]' package. Please check your configuration.
2019-10-30 14:37:14.610 [main] WARN  o.s.c.annotation.ConfigurationClassPostProcessor - Cannot enhance @Configuration bean definition 'mybatisEntityManager' since its singleton instance has been created too early. The typical cause is a non-static @Bean method with a BeanDefinitionRegistryPostProcessor return type: Consider declaring such methods as 'static'.
2019-10-30 14:37:15.179 [main] INFO  com.example.demo.testYpf.interfaceTest.Shopping - name1111"zhangsan"
2019-10-30 14:37:15.182 [main] INFO  com.example.demo.testYpf.interfaceTest.Shopping - enum11sss1Monday
2019-10-30 14:37:15.183 [main] INFO  com.example.demo.testYpf.interfaceTest.Shopping - enum222Mon
2019-10-30 14:37:15.996 [main] INFO  o.s.c.s.PostProcessorRegistrationDelegate$BeanPostProcessorChecker - Bean 'druidConfiguration' of type [com.example.demo.config.DruidConfiguration$$EnhancerBySpringCGLIB$$4b2850c2] is not eligible for getting processed by all BeanPostProcessors (for example: not eligible for auto-proxying)
2019-10-30 14:37:16.181 [main] INFO  o.s.c.s.PostProcessorRegistrationDelegate$BeanPostProcessorChecker - Bean 'listenerAsyncConfiguration' of type [com.example.demo.listener.ListenerAsyncConfiguration$$EnhancerBySpringCGLIB$$384b262a] is not eligible for getting processed by all BeanPostProcessors (for example: not eligible for auto-proxying)
2019-10-30 14:37:16.197 [main] INFO  o.s.scheduling.concurrent.ThreadPoolTaskExecutor - Initializing ExecutorService 
2019-10-30 14:37:21.087 [main] INFO  com.alibaba.druid.pool.DruidDataSource - {dataSource-1} inited
2019-10-30 14:37:21.720 [main] INFO  o.s.orm.jpa.LocalContainerEntityManagerFactoryBean - Building JPA container EntityManagerFactory for persistence unit 'cloudTestPersistence'
2019-10-30 14:37:21.785 [main] INFO  org.hibernate.jpa.internal.util.LogHelper - HHH000204: Processing PersistenceUnitInfo [
	name: cloudTestPersistence
	...]
2019-10-30 14:37:22.119 [main] INFO  org.hibernate.Version - HHH000412: Hibernate Core {5.0.12.Final}
2019-10-30 14:37:22.122 [main] INFO  org.hibernate.cfg.Environment - HHH000206: hibernate.properties not found
2019-10-30 14:37:22.124 [main] INFO  org.hibernate.cfg.Environment - HHH000021: Bytecode provider name : javassist
2019-10-30 14:37:22.242 [main] INFO  org.hibernate.annotations.common.Version - HCANN000001: Hibernate Commons Annotations {5.0.1.Final}
2019-10-30 14:37:22.516 [main] INFO  com.alibaba.druid.pool.DruidDataSource - {dataSource-2} inited
2019-10-30 14:37:22.563 [main] INFO  org.hibernate.dialect.Dialect - HHH000400: Using dialect: org.hibernate.dialect.MySQL5Dialect
2019-10-30 14:37:26.834 [main] INFO  org.hibernate.tool.hbm2ddl.SchemaUpdate - HHH000228: Running hbm2ddl schema update
2019-10-30 14:37:28.394 [main] INFO  o.s.orm.jpa.LocalContainerEntityManagerFactoryBean - Initialized JPA EntityManagerFactory for persistence unit 'cloudTestPersistence'
2019-10-30 14:37:28.500 [main] INFO  o.s.orm.jpa.LocalContainerEntityManagerFactoryBean - Building JPA container EntityManagerFactory for persistence unit 'testPersistence'
2019-10-30 14:37:28.501 [main] INFO  org.hibernate.jpa.internal.util.LogHelper - HHH000204: Processing PersistenceUnitInfo [
	name: testPersistence
	...]
2019-10-30 14:37:28.526 [main] INFO  org.hibernate.dialect.Dialect - HHH000400: Using dialect: org.hibernate.dialect.MySQL5Dialect
2019-10-30 14:37:28.965 [main] INFO  org.hibernate.tool.hbm2ddl.SchemaUpdate - HHH000228: Running hbm2ddl schema update
2019-10-30 14:37:31.088 [main] INFO  o.s.orm.jpa.LocalContainerEntityManagerFactoryBean - Initialized JPA EntityManagerFactory for persistence unit 'testPersistence'
2019-10-30 14:37:40.323 [main] INFO  o.s.w.s.m.m.a.RequestMappingHandlerAdapter - Looking for @ControllerAdvice: org.springframework.web.context.support.GenericWebApplicationContext@1698ee84: startup date [Wed Oct 30 14:37:08 CST 2019]; root of context hierarchy
2019-10-30 14:37:41.102 [main] INFO  o.s.w.s.m.m.a.RequestMappingHandlerMapping - Mapped "{[/book/],methods=[GET]}" onto public java.util.List<com.example.demo.entity.test.Book> com.example.demo.controller.BookController.bookList(com.example.demo.entity.cloudTest.User)
2019-10-30 14:37:41.110 [main] INFO  o.s.w.s.m.m.a.RequestMappingHandlerMapping - Mapped "{[/dept/employee],methods=[GET]}" onto public java.util.List<com.example.demo.dto.ParentDeptDto> com.example.demo.controller.DepartmentController.deptToEmp()
2019-10-30 14:37:41.111 [main] INFO  o.s.w.s.m.m.a.RequestMappingHandlerMapping - Mapped "{[/dept/],methods=[GET]}" onto public java.util.List<com.example.demo.entity.mybaites.Department> com.example.demo.controller.DepartmentController.departmentList()
2019-10-30 14:37:41.111 [main] INFO  o.s.w.s.m.m.a.RequestMappingHandlerMapping - Mapped "{[/dept/],methods=[POST]}" onto public void com.example.demo.controller.DepartmentController.saveDept(com.example.demo.entity.mybaites.Department)
2019-10-30 14:37:41.115 [main] INFO  o.s.w.s.m.m.a.RequestMappingHandlerMapping - Mapped "{[/employee],methods=[POST]}" onto public void com.example.demo.controller.EmployeeController.save(com.example.demo.entity.mybaites.Employee)
2019-10-30 14:37:41.116 [main] INFO  o.s.w.s.m.m.a.RequestMappingHandlerMapping - Mapped "{[/employee],methods=[GET]}" onto public java.util.List<com.example.demo.entity.mybaites.Employee> com.example.demo.controller.EmployeeController.findAll()
2019-10-30 14:37:41.118 [main] INFO  o.s.w.s.m.m.a.RequestMappingHandlerMapping - Mapped "{[/employee/empInfo],methods=[GET]}" onto public com.example.demo.dto.EmployeeToDept com.example.demo.controller.EmployeeController.employeeToDept(java.lang.Long)
2019-10-30 14:37:41.119 [main] INFO  o.s.w.s.m.m.a.RequestMappingHandlerMapping - Mapped "{[/],methods=[GET]}" onto public java.lang.String com.example.demo.controller.IndexController.index(java.security.Principal,javax.servlet.http.HttpServletResponse)
2019-10-30 14:37:41.122 [main] INFO  o.s.w.s.m.m.a.RequestMappingHandlerMapping - Mapped "{[/student/],methods=[GET]}" onto public java.util.List<com.example.demo.entity.test.User> com.example.demo.controller.StudentController.userList()
2019-10-30 14:37:41.150 [main] INFO  o.s.w.s.m.m.a.RequestMappingHandlerMapping - Mapped "{[/jwt/token],methods=[GET]}" onto public com.example.demo.dto.TokenResult com.example.demo.controller.TokenController.token(java.lang.String)
2019-10-30 14:37:41.161 [main] INFO  o.s.w.s.m.m.a.RequestMappingHandlerMapping - Mapped "{[/user/],methods=[GET]}" onto public java.util.List<com.example.demo.entity.cloudTest.User> com.example.demo.controller.UserController.userList()
2019-10-30 14:37:41.162 [main] INFO  o.s.w.s.m.m.a.RequestMappingHandlerMapping - Mapped "{[/user/find],methods=[POST]}" onto public java.util.List<com.example.demo.entity.cloudTest.User> com.example.demo.controller.UserController.findUser(com.example.demo.entity.cloudTest.User)
2019-10-30 14:37:41.163 [main] INFO  o.s.w.s.m.m.a.RequestMappingHandlerMapping - Mapped "{[/user/grantsAge],methods=[GET],params=[age]}" onto public java.util.List<com.example.demo.entity.cloudTest.User> com.example.demo.controller.UserController.findUsersGrants(int)
2019-10-30 14:37:41.164 [main] INFO  o.s.w.s.m.m.a.RequestMappingHandlerMapping - Mapped "{[/user/],methods=[POST]}" onto public java.lang.String com.example.demo.controller.UserController.saveInfo(com.example.demo.entity.cloudTest.User)
2019-10-30 14:37:41.171 [main] INFO  o.s.w.s.m.m.a.RequestMappingHandlerMapping - Mapped "{[/error]}" onto public org.springframework.http.ResponseEntity<java.util.Map<java.lang.String, java.lang.Object>> org.springframework.boot.autoconfigure.web.BasicErrorController.error(javax.servlet.http.HttpServletRequest)
2019-10-30 14:37:41.174 [main] INFO  o.s.w.s.m.m.a.RequestMappingHandlerMapping - Mapped "{[/error],produces=[text/html]}" onto public org.springframework.web.servlet.ModelAndView org.springframework.boot.autoconfigure.web.BasicErrorController.errorHtml(javax.servlet.http.HttpServletRequest,javax.servlet.http.HttpServletResponse)
2019-10-30 14:37:41.612 [main] INFO  o.s.web.servlet.handler.SimpleUrlHandlerMapping - Mapped URL path [/webjars/**] onto handler of type [class org.springframework.web.servlet.resource.ResourceHttpRequestHandler]
2019-10-30 14:37:41.612 [main] INFO  o.s.web.servlet.handler.SimpleUrlHandlerMapping - Mapped URL path [/**] onto handler of type [class org.springframework.web.servlet.resource.ResourceHttpRequestHandler]
2019-10-30 14:37:41.701 [main] INFO  o.s.w.s.m.m.a.ExceptionHandlerExceptionResolver - Detected @ExceptionHandler methods in springExceptionHandle
2019-10-30 14:37:41.949 [main] INFO  o.s.web.servlet.handler.SimpleUrlHandlerMapping - Mapped URL path [/**/favicon.ico] onto handler of type [class org.springframework.web.servlet.resource.ResourceHttpRequestHandler]
2019-10-30 14:37:43.693 [main] INFO  o.s.security.web.DefaultSecurityFilterChain - Creating filter chain: OrRequestMatcher [requestMatchers=[Ant [pattern='/css/**'], Ant [pattern='/js/**'], Ant [pattern='/images/**'], Ant [pattern='/webjars/**'], Ant [pattern='/**/favicon.ico'], Ant [pattern='/error']]], []
2019-10-30 14:37:43.693 [main] INFO  o.s.security.web.DefaultSecurityFilterChain - Creating filter chain: Ant [pattern='/druid/**'], []
2019-10-30 14:37:44.162 [main] INFO  o.s.security.web.DefaultSecurityFilterChain - Creating filter chain: org.springframework.security.web.util.matcher.AnyRequestMatcher@1, [org.springframework.security.web.context.request.async.WebAsyncManagerIntegrationFilter@7172525e, org.springframework.security.web.context.SecurityContextPersistenceFilter@3c51dec5, org.springframework.security.web.header.HeaderWriterFilter@7fd8f21, org.springframework.security.web.authentication.logout.LogoutFilter@77ef7b2b, org.springframework.security.web.authentication.UsernamePasswordAuthenticationFilter@2d44025b, org.springframework.security.web.authentication.ui.DefaultLoginPageGeneratingFilter@9124278, org.springframework.security.web.savedrequest.RequestCacheAwareFilter@5d52a17b, org.springframework.security.web.servletapi.SecurityContextHolderAwareRequestFilter@4c821dc7, org.springframework.security.web.authentication.AnonymousAuthenticationFilter@698b2343, org.springframework.security.web.session.SessionManagementFilter@533ed36e, org.springframework.security.web.access.ExceptionTranslationFilter@79c9f619, org.springframework.security.web.access.intercept.FilterSecurityInterceptor@86e7c7a]
2019-10-30 14:37:44.279 [main] INFO  o.s.security.web.DefaultSecurityFilterChain - Creating filter chain: OrRequestMatcher [requestMatchers=[Ant [pattern='/**']]], [org.springframework.security.web.context.request.async.WebAsyncManagerIntegrationFilter@730e663a, org.springframework.security.web.context.SecurityContextPersistenceFilter@61b3de5b, org.springframework.security.web.header.HeaderWriterFilter@67aedd28, org.springframework.security.web.authentication.logout.LogoutFilter@361eed12, org.springframework.security.web.authentication.www.BasicAuthenticationFilter@3bf92d96, org.springframework.security.web.savedrequest.RequestCacheAwareFilter@12c1826, org.springframework.security.web.servletapi.SecurityContextHolderAwareRequestFilter@107ac2b6, org.springframework.security.web.authentication.AnonymousAuthenticationFilter@8e0b048, org.springframework.security.web.session.SessionManagementFilter@6c524a7f, org.springframework.security.web.access.ExceptionTranslationFilter@66d0d5ee, org.springframework.security.web.access.intercept.FilterSecurityInterceptor@72933ccb]
2019-10-30 14:37:45.693 [main] INFO  com.example.demo.DemoApplicationTests - Started DemoApplicationTests in 38.426 seconds (JVM running for 44.045)
2019-10-30 14:41:27.061 [main] INFO  o.s.b.t.context.SpringBootTestContextBootstrapper - Neither @ContextConfiguration nor @ContextHierarchy found for test class [com.example.demo.DemoApplicationTests], using SpringBootContextLoader
2019-10-30 14:41:27.092 [main] INFO  o.s.test.context.support.AbstractContextLoader - Could not detect default resource locations for test class [com.example.demo.DemoApplicationTests]: no resource found for suffixes {-context.xml, Context.groovy}.
2019-10-30 14:41:27.095 [main] INFO  o.s.t.c.support.AnnotationConfigContextLoaderUtils - Could not detect default configuration classes for test class [com.example.demo.DemoApplicationTests]: DemoApplicationTests does not declare any static, non-private, non-final, nested classes annotated with @Configuration.
2019-10-30 14:41:27.398 [main] INFO  o.s.b.t.context.SpringBootTestContextBootstrapper - Found @SpringBootConfiguration com.example.demo.DemoApplication for test class com.example.demo.DemoApplicationTests
2019-10-30 14:41:27.434 [main] INFO  o.s.b.t.context.SpringBootTestContextBootstrapper - Loaded default TestExecutionListener class names from location [META-INF/spring.factories]: [org.springframework.boot.test.mock.mockito.MockitoTestExecutionListener, org.springframework.boot.test.mock.mockito.ResetMocksTestExecutionListener, org.springframework.boot.test.autoconfigure.restdocs.RestDocsTestExecutionListener, org.springframework.boot.test.autoconfigure.web.client.MockRestServiceServerResetTestExecutionListener, org.springframework.boot.test.autoconfigure.web.servlet.MockMvcPrintOnlyOnFailureTestExecutionListener, org.springframework.boot.test.autoconfigure.web.servlet.WebDriverTestExecutionListener, org.springframework.test.context.web.ServletTestExecutionListener, org.springframework.test.context.support.DirtiesContextBeforeModesTestExecutionListener, org.springframework.test.context.support.DependencyInjectionTestExecutionListener, org.springframework.test.context.support.DirtiesContextTestExecutionListener, org.springframework.test.context.transaction.TransactionalTestExecutionListener, org.springframework.test.context.jdbc.SqlScriptsTestExecutionListener]
2019-10-30 14:41:27.616 [main] INFO  o.s.b.t.context.SpringBootTestContextBootstrapper - Using TestExecutionListeners: [org.springframework.test.context.web.ServletTestExecutionListener@6dd7b5a3, org.springframework.test.context.support.DirtiesContextBeforeModesTestExecutionListener@6f3187b0, org.springframework.boot.test.autoconfigure.SpringBootDependencyInjectionTestExecutionListener@2663e964, org.springframework.test.context.support.DirtiesContextTestExecutionListener@48b67364, org.springframework.test.context.transaction.TransactionalTestExecutionListener@189cbd7c, org.springframework.test.context.jdbc.SqlScriptsTestExecutionListener@7bf3a5d8, org.springframework.boot.test.autoconfigure.web.servlet.MockMvcPrintOnlyOnFailureTestExecutionListener@42e25b0b, org.springframework.boot.test.autoconfigure.web.servlet.WebDriverTestExecutionListener@39b43d60, org.springframework.boot.test.mock.mockito.ResetMocksTestExecutionListener@44be0077, org.springframework.boot.test.autoconfigure.restdocs.RestDocsTestExecutionListener@2205a05d, org.springframework.boot.test.mock.mockito.MockitoTestExecutionListener@72ef8d15, org.springframework.boot.test.autoconfigure.web.client.MockRestServiceServerResetTestExecutionListener@6aa8e115]
2019-10-30 14:41:28.616 [main] INFO  com.example.demo.DemoApplicationTests - Starting DemoApplicationTests on SC-201902202144 with PID 16460 (started by Administrator in F:\Springboot)
2019-10-30 14:41:28.617 [main] INFO  com.example.demo.DemoApplicationTests - No active profile set, falling back to default profiles: default
2019-10-30 14:41:28.738 [main] INFO  o.s.w.context.support.GenericWebApplicationContext - Refreshing org.springframework.web.context.support.GenericWebApplicationContext@25e2a451: startup date [Wed Oct 30 14:41:28 CST 2019]; root of context hierarchy
2019-10-30 14:41:29.820 [background-preinit] INFO  org.hibernate.validator.internal.util.Version - HV000001: Hibernate Validator 5.3.5.Final
2019-10-30 14:41:31.658 [main] INFO  o.s.beans.factory.xml.XmlBeanDefinitionReader - Loading XML bean definitions from class path resource [druid-bean.xml]
2019-10-30 14:41:32.845 [main] WARN  org.mybatis.spring.mapper.ClassPathMapperScanner - No MyBatis mapper was found in '[com.example.demo.entity.mybaites]' package. Please check your configuration.
2019-10-30 14:41:32.847 [main] WARN  o.s.c.annotation.ConfigurationClassPostProcessor - Cannot enhance @Configuration bean definition 'mybatisEntityManager' since its singleton instance has been created too early. The typical cause is a non-static @Bean method with a BeanDefinitionRegistryPostProcessor return type: Consider declaring such methods as 'static'.
2019-10-30 14:41:33.161 [main] INFO  com.example.demo.testYpf.interfaceTest.Shopping - name1111"zhangsan"
2019-10-30 14:41:33.164 [main] INFO  com.example.demo.testYpf.interfaceTest.Shopping - enum11sss1Monday
2019-10-30 14:41:33.165 [main] INFO  com.example.demo.testYpf.interfaceTest.Shopping - enum222Mon
2019-10-30 14:41:33.810 [main] INFO  o.s.c.s.PostProcessorRegistrationDelegate$BeanPostProcessorChecker - Bean 'druidConfiguration' of type [com.example.demo.config.DruidConfiguration$$EnhancerBySpringCGLIB$$636693d8] is not eligible for getting processed by all BeanPostProcessors (for example: not eligible for auto-proxying)
2019-10-30 14:41:34.042 [main] INFO  o.s.c.s.PostProcessorRegistrationDelegate$BeanPostProcessorChecker - Bean 'listenerAsyncConfiguration' of type [com.example.demo.listener.ListenerAsyncConfiguration$$EnhancerBySpringCGLIB$$50896940] is not eligible for getting processed by all BeanPostProcessors (for example: not eligible for auto-proxying)
2019-10-30 14:41:34.057 [main] INFO  o.s.scheduling.concurrent.ThreadPoolTaskExecutor - Initializing ExecutorService 
2019-10-30 14:41:37.771 [main] INFO  com.alibaba.druid.pool.DruidDataSource - {dataSource-1} inited
2019-10-30 14:41:38.342 [main] INFO  o.s.orm.jpa.LocalContainerEntityManagerFactoryBean - Building JPA container EntityManagerFactory for persistence unit 'cloudTestPersistence'
2019-10-30 14:41:38.387 [main] INFO  org.hibernate.jpa.internal.util.LogHelper - HHH000204: Processing PersistenceUnitInfo [
	name: cloudTestPersistence
	...]
2019-10-30 14:41:38.582 [main] INFO  org.hibernate.Version - HHH000412: Hibernate Core {5.0.12.Final}
2019-10-30 14:41:38.586 [main] INFO  org.hibernate.cfg.Environment - HHH000206: hibernate.properties not found
2019-10-30 14:41:38.589 [main] INFO  org.hibernate.cfg.Environment - HHH000021: Bytecode provider name : javassist
2019-10-30 14:41:38.740 [main] INFO  org.hibernate.annotations.common.Version - HCANN000001: Hibernate Commons Annotations {5.0.1.Final}
2019-10-30 14:41:39.073 [main] INFO  com.alibaba.druid.pool.DruidDataSource - {dataSource-2} inited
2019-10-30 14:41:39.125 [main] INFO  org.hibernate.dialect.Dialect - HHH000400: Using dialect: org.hibernate.dialect.MySQL5Dialect
2019-10-30 14:41:42.082 [main] INFO  org.hibernate.tool.hbm2ddl.SchemaUpdate - HHH000228: Running hbm2ddl schema update
2019-10-30 14:41:43.246 [main] INFO  o.s.orm.jpa.LocalContainerEntityManagerFactoryBean - Initialized JPA EntityManagerFactory for persistence unit 'cloudTestPersistence'
2019-10-30 14:41:43.336 [main] INFO  o.s.orm.jpa.LocalContainerEntityManagerFactoryBean - Building JPA container EntityManagerFactory for persistence unit 'testPersistence'
2019-10-30 14:41:43.336 [main] INFO  org.hibernate.jpa.internal.util.LogHelper - HHH000204: Processing PersistenceUnitInfo [
	name: testPersistence
	...]
2019-10-30 14:41:43.361 [main] INFO  org.hibernate.dialect.Dialect - HHH000400: Using dialect: org.hibernate.dialect.MySQL5Dialect
2019-10-30 14:41:43.771 [main] INFO  org.hibernate.tool.hbm2ddl.SchemaUpdate - HHH000228: Running hbm2ddl schema update
2019-10-30 14:41:45.662 [main] INFO  o.s.orm.jpa.LocalContainerEntityManagerFactoryBean - Initialized JPA EntityManagerFactory for persistence unit 'testPersistence'
2019-10-30 14:41:51.811 [main] INFO  o.s.w.s.m.m.a.RequestMappingHandlerAdapter - Looking for @ControllerAdvice: org.springframework.web.context.support.GenericWebApplicationContext@25e2a451: startup date [Wed Oct 30 14:41:28 CST 2019]; root of context hierarchy
2019-10-30 14:41:52.108 [main] INFO  o.s.w.s.m.m.a.RequestMappingHandlerMapping - Mapped "{[/book/],methods=[GET]}" onto public java.util.List<com.example.demo.entity.test.Book> com.example.demo.controller.BookController.bookList(com.example.demo.entity.cloudTest.User)
2019-10-30 14:41:52.114 [main] INFO  o.s.w.s.m.m.a.RequestMappingHandlerMapping - Mapped "{[/dept/employee],methods=[GET]}" onto public java.util.List<com.example.demo.dto.ParentDeptDto> com.example.demo.controller.DepartmentController.deptToEmp()
2019-10-30 14:41:52.115 [main] INFO  o.s.w.s.m.m.a.RequestMappingHandlerMapping - Mapped "{[/dept/],methods=[GET]}" onto public java.util.List<com.example.demo.entity.mybaites.Department> com.example.demo.controller.DepartmentController.departmentList()
2019-10-30 14:41:52.116 [main] INFO  o.s.w.s.m.m.a.RequestMappingHandlerMapping - Mapped "{[/dept/],methods=[POST]}" onto public void com.example.demo.controller.DepartmentController.saveDept(com.example.demo.entity.mybaites.Department)
2019-10-30 14:41:52.118 [main] INFO  o.s.w.s.m.m.a.RequestMappingHandlerMapping - Mapped "{[/employee],methods=[POST]}" onto public void com.example.demo.controller.EmployeeController.save(com.example.demo.entity.mybaites.Employee)
2019-10-30 14:41:52.119 [main] INFO  o.s.w.s.m.m.a.RequestMappingHandlerMapping - Mapped "{[/employee],methods=[GET]}" onto public java.util.List<com.example.demo.entity.mybaites.Employee> com.example.demo.controller.EmployeeController.findAll()
2019-10-30 14:41:52.119 [main] INFO  o.s.w.s.m.m.a.RequestMappingHandlerMapping - Mapped "{[/employee/empInfo],methods=[GET]}" onto public com.example.demo.dto.EmployeeToDept com.example.demo.controller.EmployeeController.employeeToDept(java.lang.Long)
2019-10-30 14:41:52.120 [main] INFO  o.s.w.s.m.m.a.RequestMappingHandlerMapping - Mapped "{[/],methods=[GET]}" onto public java.lang.String com.example.demo.controller.IndexController.index(java.security.Principal,javax.servlet.http.HttpServletResponse)
2019-10-30 14:41:52.121 [main] INFO  o.s.w.s.m.m.a.RequestMappingHandlerMapping - Mapped "{[/student/],methods=[GET]}" onto public java.util.List<com.example.demo.entity.test.User> com.example.demo.controller.StudentController.userList()
2019-10-30 14:41:52.122 [main] INFO  o.s.w.s.m.m.a.RequestMappingHandlerMapping - Mapped "{[/jwt/token],methods=[GET]}" onto public com.example.demo.dto.TokenResult com.example.demo.controller.TokenController.token(java.lang.String)
2019-10-30 14:41:52.129 [main] INFO  o.s.w.s.m.m.a.RequestMappingHandlerMapping - Mapped "{[/user/find],methods=[POST]}" onto public java.util.List<com.example.demo.entity.cloudTest.User> com.example.demo.controller.UserController.findUser(com.example.demo.entity.cloudTest.User)
2019-10-30 14:41:52.129 [main] INFO  o.s.w.s.m.m.a.RequestMappingHandlerMapping - Mapped "{[/user/],methods=[GET]}" onto public java.util.List<com.example.demo.entity.cloudTest.User> com.example.demo.controller.UserController.userList()
2019-10-30 14:41:52.130 [main] INFO  o.s.w.s.m.m.a.RequestMappingHandlerMapping - Mapped "{[/user/grantsAge],methods=[GET],params=[age]}" onto public java.util.List<com.example.demo.entity.cloudTest.User> com.example.demo.controller.UserController.findUsersGrants(int)
2019-10-30 14:41:52.130 [main] INFO  o.s.w.s.m.m.a.RequestMappingHandlerMapping - Mapped "{[/user/],methods=[POST]}" onto public java.lang.String com.example.demo.controller.UserController.saveInfo(com.example.demo.entity.cloudTest.User)
2019-10-30 14:41:52.134 [main] INFO  o.s.w.s.m.m.a.RequestMappingHandlerMapping - Mapped "{[/error]}" onto public org.springframework.http.ResponseEntity<java.util.Map<java.lang.String, java.lang.Object>> org.springframework.boot.autoconfigure.web.BasicErrorController.error(javax.servlet.http.HttpServletRequest)
2019-10-30 14:41:52.134 [main] INFO  o.s.w.s.m.m.a.RequestMappingHandlerMapping - Mapped "{[/error],produces=[text/html]}" onto public org.springframework.web.servlet.ModelAndView org.springframework.boot.autoconfigure.web.BasicErrorController.errorHtml(javax.servlet.http.HttpServletRequest,javax.servlet.http.HttpServletResponse)
2019-10-30 14:41:52.323 [main] INFO  o.s.web.servlet.handler.SimpleUrlHandlerMapping - Mapped URL path [/webjars/**] onto handler of type [class org.springframework.web.servlet.resource.ResourceHttpRequestHandler]
2019-10-30 14:41:52.323 [main] INFO  o.s.web.servlet.handler.SimpleUrlHandlerMapping - Mapped URL path [/**] onto handler of type [class org.springframework.web.servlet.resource.ResourceHttpRequestHandler]
2019-10-30 14:41:52.409 [main] INFO  o.s.w.s.m.m.a.ExceptionHandlerExceptionResolver - Detected @ExceptionHandler methods in springExceptionHandle
2019-10-30 14:41:52.486 [main] INFO  o.s.web.servlet.handler.SimpleUrlHandlerMapping - Mapped URL path [/**/favicon.ico] onto handler of type [class org.springframework.web.servlet.resource.ResourceHttpRequestHandler]
2019-10-30 14:41:53.582 [main] INFO  o.s.security.web.DefaultSecurityFilterChain - Creating filter chain: OrRequestMatcher [requestMatchers=[Ant [pattern='/css/**'], Ant [pattern='/js/**'], Ant [pattern='/images/**'], Ant [pattern='/webjars/**'], Ant [pattern='/**/favicon.ico'], Ant [pattern='/error']]], []
2019-10-30 14:41:53.582 [main] INFO  o.s.security.web.DefaultSecurityFilterChain - Creating filter chain: Ant [pattern='/druid/**'], []
2019-10-30 14:41:53.890 [main] INFO  o.s.security.web.DefaultSecurityFilterChain - Creating filter chain: org.springframework.security.web.util.matcher.AnyRequestMatcher@1, [org.springframework.security.web.context.request.async.WebAsyncManagerIntegrationFilter@5aeb2c8a, org.springframework.security.web.context.SecurityContextPersistenceFilter@56c95789, org.springframework.security.web.header.HeaderWriterFilter@54d3b4fe, org.springframework.security.web.authentication.logout.LogoutFilter@7c1a5092, org.springframework.security.web.authentication.UsernamePasswordAuthenticationFilter@1eedf268, org.springframework.security.web.authentication.ui.DefaultLoginPageGeneratingFilter@105d2c27, org.springframework.security.web.savedrequest.RequestCacheAwareFilter@30c0993e, org.springframework.security.web.servletapi.SecurityContextHolderAwareRequestFilter@71d37ecd, org.springframework.security.web.authentication.AnonymousAuthenticationFilter@962e03a, org.springframework.security.web.session.SessionManagementFilter@3ba55a6b, org.springframework.security.web.access.ExceptionTranslationFilter@1847da64, org.springframework.security.web.access.intercept.FilterSecurityInterceptor@6bbb3ec8]
2019-10-30 14:41:53.941 [main] INFO  o.s.security.web.DefaultSecurityFilterChain - Creating filter chain: OrRequestMatcher [requestMatchers=[Ant [pattern='/**']]], [org.springframework.security.web.context.request.async.WebAsyncManagerIntegrationFilter@8b814b, org.springframework.security.web.context.SecurityContextPersistenceFilter@1160c54b, org.springframework.security.web.header.HeaderWriterFilter@312af870, org.springframework.security.web.authentication.logout.LogoutFilter@6fe47be, org.springframework.security.web.authentication.www.BasicAuthenticationFilter@7fef485d, org.springframework.security.web.savedrequest.RequestCacheAwareFilter@363b7709, org.springframework.security.web.servletapi.SecurityContextHolderAwareRequestFilter@5034e0c6, org.springframework.security.web.authentication.AnonymousAuthenticationFilter@397f3ff5, org.springframework.security.web.session.SessionManagementFilter@27df971b, org.springframework.security.web.access.ExceptionTranslationFilter@6999dca2, org.springframework.security.web.access.intercept.FilterSecurityInterceptor@62e7e3df]
2019-10-30 14:41:54.785 [main] INFO  com.example.demo.DemoApplicationTests - Started DemoApplicationTests in 26.893 seconds (JVM running for 32.014)
2019-10-30 14:42:09.209 [Thread-2] INFO  o.s.w.context.support.GenericWebApplicationContext - Closing org.springframework.web.context.support.GenericWebApplicationContext@25e2a451: startup date [Wed Oct 30 14:41:28 CST 2019]; root of context hierarchy
2019-10-30 14:42:09.222 [Thread-2] INFO  o.s.orm.jpa.LocalContainerEntityManagerFactoryBean - Closing JPA EntityManagerFactory for persistence unit 'testPersistence'
2019-10-30 14:42:09.224 [Thread-2] INFO  o.s.orm.jpa.LocalContainerEntityManagerFactoryBean - Closing JPA EntityManagerFactory for persistence unit 'cloudTestPersistence'
2019-10-30 14:42:09.238 [Thread-2] INFO  com.alibaba.druid.pool.DruidDataSource - {dataSource-2} closed
2019-10-30 14:42:09.242 [Thread-2] INFO  com.alibaba.druid.pool.DruidDataSource - {dataSource-1} closed
2019-10-30 14:46:04.816 [main] INFO  o.s.b.t.context.SpringBootTestContextBootstrapper - Neither @ContextConfiguration nor @ContextHierarchy found for test class [com.example.demo.DemoApplicationTests], using SpringBootContextLoader
2019-10-30 14:46:04.877 [main] INFO  o.s.test.context.support.AbstractContextLoader - Could not detect default resource locations for test class [com.example.demo.DemoApplicationTests]: no resource found for suffixes {-context.xml, Context.groovy}.
2019-10-30 14:46:04.880 [main] INFO  o.s.t.c.support.AnnotationConfigContextLoaderUtils - Could not detect default configuration classes for test class [com.example.demo.DemoApplicationTests]: DemoApplicationTests does not declare any static, non-private, non-final, nested classes annotated with @Configuration.
2019-10-30 14:46:05.187 [main] INFO  o.s.b.t.context.SpringBootTestContextBootstrapper - Found @SpringBootConfiguration com.example.demo.DemoApplication for test class com.example.demo.DemoApplicationTests
2019-10-30 14:46:05.214 [main] INFO  o.s.b.t.context.SpringBootTestContextBootstrapper - Loaded default TestExecutionListener class names from location [META-INF/spring.factories]: [org.springframework.boot.test.mock.mockito.MockitoTestExecutionListener, org.springframework.boot.test.mock.mockito.ResetMocksTestExecutionListener, org.springframework.boot.test.autoconfigure.restdocs.RestDocsTestExecutionListener, org.springframework.boot.test.autoconfigure.web.client.MockRestServiceServerResetTestExecutionListener, org.springframework.boot.test.autoconfigure.web.servlet.MockMvcPrintOnlyOnFailureTestExecutionListener, org.springframework.boot.test.autoconfigure.web.servlet.WebDriverTestExecutionListener, org.springframework.test.context.web.ServletTestExecutionListener, org.springframework.test.context.support.DirtiesContextBeforeModesTestExecutionListener, org.springframework.test.context.support.DependencyInjectionTestExecutionListener, org.springframework.test.context.support.DirtiesContextTestExecutionListener, org.springframework.test.context.transaction.TransactionalTestExecutionListener, org.springframework.test.context.jdbc.SqlScriptsTestExecutionListener]
2019-10-30 14:46:05.277 [main] INFO  o.s.b.t.context.SpringBootTestContextBootstrapper - Using TestExecutionListeners: [org.springframework.test.context.web.ServletTestExecutionListener@6dd7b5a3, org.springframework.test.context.support.DirtiesContextBeforeModesTestExecutionListener@6f3187b0, org.springframework.boot.test.autoconfigure.SpringBootDependencyInjectionTestExecutionListener@2663e964, org.springframework.test.context.support.DirtiesContextTestExecutionListener@48b67364, org.springframework.test.context.transaction.TransactionalTestExecutionListener@189cbd7c, org.springframework.test.context.jdbc.SqlScriptsTestExecutionListener@7bf3a5d8, org.springframework.boot.test.autoconfigure.web.servlet.MockMvcPrintOnlyOnFailureTestExecutionListener@42e25b0b, org.springframework.boot.test.autoconfigure.web.servlet.WebDriverTestExecutionListener@39b43d60, org.springframework.boot.test.mock.mockito.ResetMocksTestExecutionListener@44be0077, org.springframework.boot.test.autoconfigure.restdocs.RestDocsTestExecutionListener@2205a05d, org.springframework.boot.test.mock.mockito.MockitoTestExecutionListener@72ef8d15, org.springframework.boot.test.autoconfigure.web.client.MockRestServiceServerResetTestExecutionListener@6aa8e115]
2019-10-30 14:46:06.205 [main] INFO  com.example.demo.DemoApplicationTests - Starting DemoApplicationTests on SC-201902202144 with PID 7452 (started by Administrator in F:\Springboot)
2019-10-30 14:46:06.205 [main] INFO  com.example.demo.DemoApplicationTests - No active profile set, falling back to default profiles: default
2019-10-30 14:46:06.341 [main] INFO  o.s.w.context.support.GenericWebApplicationContext - Refreshing org.springframework.web.context.support.GenericWebApplicationContext@25e2a451: startup date [Wed Oct 30 14:46:06 CST 2019]; root of context hierarchy
2019-10-30 14:46:07.446 [background-preinit] INFO  org.hibernate.validator.internal.util.Version - HV000001: Hibernate Validator 5.3.5.Final
2019-10-30 14:46:09.157 [main] INFO  o.s.beans.factory.xml.XmlBeanDefinitionReader - Loading XML bean definitions from class path resource [druid-bean.xml]
2019-10-30 14:46:10.239 [main] WARN  org.mybatis.spring.mapper.ClassPathMapperScanner - No MyBatis mapper was found in '[com.example.demo.entity.mybaites]' package. Please check your configuration.
2019-10-30 14:46:10.241 [main] WARN  o.s.c.annotation.ConfigurationClassPostProcessor - Cannot enhance @Configuration bean definition 'mybatisEntityManager' since its singleton instance has been created too early. The typical cause is a non-static @Bean method with a BeanDefinitionRegistryPostProcessor return type: Consider declaring such methods as 'static'.
2019-10-30 14:46:10.593 [main] INFO  com.example.demo.testYpf.interfaceTest.Shopping - name1111"zhangsan"
2019-10-30 14:46:10.595 [main] INFO  com.example.demo.testYpf.interfaceTest.Shopping - enum11sss1Monday
2019-10-30 14:46:10.595 [main] INFO  com.example.demo.testYpf.interfaceTest.Shopping - enum222Mon
2019-10-30 14:46:11.213 [main] INFO  o.s.c.s.PostProcessorRegistrationDelegate$BeanPostProcessorChecker - Bean 'druidConfiguration' of type [com.example.demo.config.DruidConfiguration$$EnhancerBySpringCGLIB$$24cc84f6] is not eligible for getting processed by all BeanPostProcessors (for example: not eligible for auto-proxying)
2019-10-30 14:46:11.415 [main] INFO  o.s.c.s.PostProcessorRegistrationDelegate$BeanPostProcessorChecker - Bean 'listenerAsyncConfiguration' of type [com.example.demo.listener.ListenerAsyncConfiguration$$EnhancerBySpringCGLIB$$11ef5a5e] is not eligible for getting processed by all BeanPostProcessors (for example: not eligible for auto-proxying)
2019-10-30 14:46:11.431 [main] INFO  o.s.scheduling.concurrent.ThreadPoolTaskExecutor - Initializing ExecutorService 
2019-10-30 14:46:14.820 [main] INFO  com.alibaba.druid.pool.DruidDataSource - {dataSource-1} inited
2019-10-30 14:46:15.584 [main] INFO  o.s.orm.jpa.LocalContainerEntityManagerFactoryBean - Building JPA container EntityManagerFactory for persistence unit 'cloudTestPersistence'
2019-10-30 14:46:15.658 [main] INFO  org.hibernate.jpa.internal.util.LogHelper - HHH000204: Processing PersistenceUnitInfo [
	name: cloudTestPersistence
	...]
2019-10-30 14:46:15.882 [main] INFO  org.hibernate.Version - HHH000412: Hibernate Core {5.0.12.Final}
2019-10-30 14:46:15.888 [main] INFO  org.hibernate.cfg.Environment - HHH000206: hibernate.properties not found
2019-10-30 14:46:15.893 [main] INFO  org.hibernate.cfg.Environment - HHH000021: Bytecode provider name : javassist
2019-10-30 14:46:16.028 [main] INFO  org.hibernate.annotations.common.Version - HCANN000001: Hibernate Commons Annotations {5.0.1.Final}
2019-10-30 14:46:16.281 [main] INFO  com.alibaba.druid.pool.DruidDataSource - {dataSource-2} inited
2019-10-30 14:46:16.315 [main] INFO  org.hibernate.dialect.Dialect - HHH000400: Using dialect: org.hibernate.dialect.MySQL5Dialect
2019-10-30 14:46:19.136 [main] INFO  org.hibernate.tool.hbm2ddl.SchemaUpdate - HHH000228: Running hbm2ddl schema update
2019-10-30 14:46:20.271 [main] INFO  o.s.orm.jpa.LocalContainerEntityManagerFactoryBean - Initialized JPA EntityManagerFactory for persistence unit 'cloudTestPersistence'
2019-10-30 14:46:20.351 [main] INFO  o.s.orm.jpa.LocalContainerEntityManagerFactoryBean - Building JPA container EntityManagerFactory for persistence unit 'testPersistence'
2019-10-30 14:46:20.352 [main] INFO  org.hibernate.jpa.internal.util.LogHelper - HHH000204: Processing PersistenceUnitInfo [
	name: testPersistence
	...]
2019-10-30 14:46:20.374 [main] INFO  org.hibernate.dialect.Dialect - HHH000400: Using dialect: org.hibernate.dialect.MySQL5Dialect
2019-10-30 14:46:20.752 [main] INFO  org.hibernate.tool.hbm2ddl.SchemaUpdate - HHH000228: Running hbm2ddl schema update
2019-10-30 14:46:22.503 [main] INFO  o.s.orm.jpa.LocalContainerEntityManagerFactoryBean - Initialized JPA EntityManagerFactory for persistence unit 'testPersistence'
2019-10-30 14:46:28.007 [main] INFO  o.s.w.s.m.m.a.RequestMappingHandlerAdapter - Looking for @ControllerAdvice: org.springframework.web.context.support.GenericWebApplicationContext@25e2a451: startup date [Wed Oct 30 14:46:06 CST 2019]; root of context hierarchy
2019-10-30 14:46:28.394 [main] INFO  o.s.w.s.m.m.a.RequestMappingHandlerMapping - Mapped "{[/book/],methods=[GET]}" onto public java.util.List<com.example.demo.entity.test.Book> com.example.demo.controller.BookController.bookList(com.example.demo.entity.cloudTest.User)
2019-10-30 14:46:28.403 [main] INFO  o.s.w.s.m.m.a.RequestMappingHandlerMapping - Mapped "{[/dept/employee],methods=[GET]}" onto public java.util.List<com.example.demo.dto.ParentDeptDto> com.example.demo.controller.DepartmentController.deptToEmp()
2019-10-30 14:46:28.404 [main] INFO  o.s.w.s.m.m.a.RequestMappingHandlerMapping - Mapped "{[/dept/],methods=[GET]}" onto public java.util.List<com.example.demo.entity.mybaites.Department> com.example.demo.controller.DepartmentController.departmentList()
2019-10-30 14:46:28.404 [main] INFO  o.s.w.s.m.m.a.RequestMappingHandlerMapping - Mapped "{[/dept/],methods=[POST]}" onto public void com.example.demo.controller.DepartmentController.saveDept(com.example.demo.entity.mybaites.Department)
2019-10-30 14:46:28.409 [main] INFO  o.s.w.s.m.m.a.RequestMappingHandlerMapping - Mapped "{[/employee],methods=[POST]}" onto public void com.example.demo.controller.EmployeeController.save(com.example.demo.entity.mybaites.Employee)
2019-10-30 14:46:28.410 [main] INFO  o.s.w.s.m.m.a.RequestMappingHandlerMapping - Mapped "{[/employee/empInfo],methods=[GET]}" onto public com.example.demo.dto.EmployeeToDept com.example.demo.controller.EmployeeController.employeeToDept(java.lang.Long)
2019-10-30 14:46:28.410 [main] INFO  o.s.w.s.m.m.a.RequestMappingHandlerMapping - Mapped "{[/employee],methods=[GET]}" onto public java.util.List<com.example.demo.entity.mybaites.Employee> com.example.demo.controller.EmployeeController.findAll()
2019-10-30 14:46:28.412 [main] INFO  o.s.w.s.m.m.a.RequestMappingHandlerMapping - Mapped "{[/],methods=[GET]}" onto public java.lang.String com.example.demo.controller.IndexController.index(java.security.Principal,javax.servlet.http.HttpServletResponse)
2019-10-30 14:46:28.415 [main] INFO  o.s.w.s.m.m.a.RequestMappingHandlerMapping - Mapped "{[/student/],methods=[GET]}" onto public java.util.List<com.example.demo.entity.test.User> com.example.demo.controller.StudentController.userList()
2019-10-30 14:46:28.417 [main] INFO  o.s.w.s.m.m.a.RequestMappingHandlerMapping - Mapped "{[/jwt/token],methods=[GET]}" onto public com.example.demo.dto.TokenResult com.example.demo.controller.TokenController.token(java.lang.String)
2019-10-30 14:46:28.425 [main] INFO  o.s.w.s.m.m.a.RequestMappingHandlerMapping - Mapped "{[/user/],methods=[POST]}" onto public java.lang.String com.example.demo.controller.UserController.saveInfo(com.example.demo.entity.cloudTest.User)
2019-10-30 14:46:28.426 [main] INFO  o.s.w.s.m.m.a.RequestMappingHandlerMapping - Mapped "{[/user/grantsAge],methods=[GET],params=[age]}" onto public java.util.List<com.example.demo.entity.cloudTest.User> com.example.demo.controller.UserController.findUsersGrants(int)
2019-10-30 14:46:28.426 [main] INFO  o.s.w.s.m.m.a.RequestMappingHandlerMapping - Mapped "{[/user/find],methods=[POST]}" onto public java.util.List<com.example.demo.entity.cloudTest.User> com.example.demo.controller.UserController.findUser(com.example.demo.entity.cloudTest.User)
2019-10-30 14:46:28.427 [main] INFO  o.s.w.s.m.m.a.RequestMappingHandlerMapping - Mapped "{[/user/],methods=[GET]}" onto public java.util.List<com.example.demo.entity.cloudTest.User> com.example.demo.controller.UserController.userList()
2019-10-30 14:46:28.435 [main] INFO  o.s.w.s.m.m.a.RequestMappingHandlerMapping - Mapped "{[/error]}" onto public org.springframework.http.ResponseEntity<java.util.Map<java.lang.String, java.lang.Object>> org.springframework.boot.autoconfigure.web.BasicErrorController.error(javax.servlet.http.HttpServletRequest)
2019-10-30 14:46:28.436 [main] INFO  o.s.w.s.m.m.a.RequestMappingHandlerMapping - Mapped "{[/error],produces=[text/html]}" onto public org.springframework.web.servlet.ModelAndView org.springframework.boot.autoconfigure.web.BasicErrorController.errorHtml(javax.servlet.http.HttpServletRequest,javax.servlet.http.HttpServletResponse)
2019-10-30 14:46:28.713 [main] INFO  o.s.web.servlet.handler.SimpleUrlHandlerMapping - Mapped URL path [/webjars/**] onto handler of type [class org.springframework.web.servlet.resource.ResourceHttpRequestHandler]
2019-10-30 14:46:28.713 [main] INFO  o.s.web.servlet.handler.SimpleUrlHandlerMapping - Mapped URL path [/**] onto handler of type [class org.springframework.web.servlet.resource.ResourceHttpRequestHandler]
2019-10-30 14:46:28.770 [main] INFO  o.s.w.s.m.m.a.ExceptionHandlerExceptionResolver - Detected @ExceptionHandler methods in springExceptionHandle
2019-10-30 14:46:28.877 [main] INFO  o.s.web.servlet.handler.SimpleUrlHandlerMapping - Mapped URL path [/**/favicon.ico] onto handler of type [class org.springframework.web.servlet.resource.ResourceHttpRequestHandler]
2019-10-30 14:46:30.035 [main] INFO  o.s.security.web.DefaultSecurityFilterChain - Creating filter chain: OrRequestMatcher [requestMatchers=[Ant [pattern='/css/**'], Ant [pattern='/js/**'], Ant [pattern='/images/**'], Ant [pattern='/webjars/**'], Ant [pattern='/**/favicon.ico'], Ant [pattern='/error']]], []
2019-10-30 14:46:30.035 [main] INFO  o.s.security.web.DefaultSecurityFilterChain - Creating filter chain: Ant [pattern='/druid/**'], []
2019-10-30 14:46:30.413 [main] INFO  o.s.security.web.DefaultSecurityFilterChain - Creating filter chain: org.springframework.security.web.util.matcher.AnyRequestMatcher@1, [org.springframework.security.web.context.request.async.WebAsyncManagerIntegrationFilter@68769265, org.springframework.security.web.context.SecurityContextPersistenceFilter@4bb4adf7, org.springframework.security.web.header.HeaderWriterFilter@3f04847e, org.springframework.security.web.authentication.logout.LogoutFilter@591bff1d, org.springframework.security.web.authentication.UsernamePasswordAuthenticationFilter@6be8e6ee, org.springframework.security.web.authentication.ui.DefaultLoginPageGeneratingFilter@48186ba8, org.springframework.security.web.savedrequest.RequestCacheAwareFilter@3d1b6816, org.springframework.security.web.servletapi.SecurityContextHolderAwareRequestFilter@4f9871a2, org.springframework.security.web.authentication.AnonymousAuthenticationFilter@5e9355a6, org.springframework.security.web.session.SessionManagementFilter@7aca4144, org.springframework.security.web.access.ExceptionTranslationFilter@2b01bb54, org.springframework.security.web.access.intercept.FilterSecurityInterceptor@488bf7cd]
2019-10-30 14:46:30.471 [main] INFO  o.s.security.web.DefaultSecurityFilterChain - Creating filter chain: OrRequestMatcher [requestMatchers=[Ant [pattern='/**']]], [org.springframework.security.web.context.request.async.WebAsyncManagerIntegrationFilter@13cfa1ec, org.springframework.security.web.context.SecurityContextPersistenceFilter@4f355321, org.springframework.security.web.header.HeaderWriterFilter@77e8492f, org.springframework.security.web.authentication.logout.LogoutFilter@6b8cfbeb, org.springframework.security.web.authentication.www.BasicAuthenticationFilter@414b5798, org.springframework.security.web.savedrequest.RequestCacheAwareFilter@260d878a, org.springframework.security.web.servletapi.SecurityContextHolderAwareRequestFilter@13190355, org.springframework.security.web.authentication.AnonymousAuthenticationFilter@52688730, org.springframework.security.web.session.SessionManagementFilter@1263d20d, org.springframework.security.web.access.ExceptionTranslationFilter@51f714d1, org.springframework.security.web.access.intercept.FilterSecurityInterceptor@9760f17]
2019-10-30 14:46:31.539 [main] INFO  com.example.demo.DemoApplicationTests - Started DemoApplicationTests in 26.038 seconds (JVM running for 30.769)
2019-10-30 14:47:27.668 [Thread-2] INFO  o.s.w.context.support.GenericWebApplicationContext - Closing org.springframework.web.context.support.GenericWebApplicationContext@25e2a451: startup date [Wed Oct 30 14:46:06 CST 2019]; root of context hierarchy
2019-10-30 14:47:27.678 [Thread-2] INFO  o.s.orm.jpa.LocalContainerEntityManagerFactoryBean - Closing JPA EntityManagerFactory for persistence unit 'testPersistence'
2019-10-30 14:47:27.681 [Thread-2] INFO  o.s.orm.jpa.LocalContainerEntityManagerFactoryBean - Closing JPA EntityManagerFactory for persistence unit 'cloudTestPersistence'
2019-10-30 14:47:27.698 [Thread-2] INFO  com.alibaba.druid.pool.DruidDataSource - {dataSource-2} closed
2019-10-30 14:47:27.702 [Thread-2] INFO  com.alibaba.druid.pool.DruidDataSource - {dataSource-1} closed
2019-10-30 14:49:28.118 [main] INFO  o.s.b.t.context.SpringBootTestContextBootstrapper - Neither @ContextConfiguration nor @ContextHierarchy found for test class [com.example.demo.DemoApplicationTests], using SpringBootContextLoader
2019-10-30 14:49:28.148 [main] INFO  o.s.test.context.support.AbstractContextLoader - Could not detect default resource locations for test class [com.example.demo.DemoApplicationTests]: no resource found for suffixes {-context.xml, Context.groovy}.
2019-10-30 14:49:28.150 [main] INFO  o.s.t.c.support.AnnotationConfigContextLoaderUtils - Could not detect default configuration classes for test class [com.example.demo.DemoApplicationTests]: DemoApplicationTests does not declare any static, non-private, non-final, nested classes annotated with @Configuration.
2019-10-30 14:49:28.536 [main] INFO  o.s.b.t.context.SpringBootTestContextBootstrapper - Found @SpringBootConfiguration com.example.demo.DemoApplication for test class com.example.demo.DemoApplicationTests
2019-10-30 14:49:28.578 [main] INFO  o.s.b.t.context.SpringBootTestContextBootstrapper - Loaded default TestExecutionListener class names from location [META-INF/spring.factories]: [org.springframework.boot.test.mock.mockito.MockitoTestExecutionListener, org.springframework.boot.test.mock.mockito.ResetMocksTestExecutionListener, org.springframework.boot.test.autoconfigure.restdocs.RestDocsTestExecutionListener, org.springframework.boot.test.autoconfigure.web.client.MockRestServiceServerResetTestExecutionListener, org.springframework.boot.test.autoconfigure.web.servlet.MockMvcPrintOnlyOnFailureTestExecutionListener, org.springframework.boot.test.autoconfigure.web.servlet.WebDriverTestExecutionListener, org.springframework.test.context.web.ServletTestExecutionListener, org.springframework.test.context.support.DirtiesContextBeforeModesTestExecutionListener, org.springframework.test.context.support.DependencyInjectionTestExecutionListener, org.springframework.test.context.support.DirtiesContextTestExecutionListener, org.springframework.test.context.transaction.TransactionalTestExecutionListener, org.springframework.test.context.jdbc.SqlScriptsTestExecutionListener]
2019-10-30 14:49:28.663 [main] INFO  o.s.b.t.context.SpringBootTestContextBootstrapper - Using TestExecutionListeners: [org.springframework.test.context.web.ServletTestExecutionListener@6dd7b5a3, org.springframework.test.context.support.DirtiesContextBeforeModesTestExecutionListener@6f3187b0, org.springframework.boot.test.autoconfigure.SpringBootDependencyInjectionTestExecutionListener@2663e964, org.springframework.test.context.support.DirtiesContextTestExecutionListener@48b67364, org.springframework.test.context.transaction.TransactionalTestExecutionListener@189cbd7c, org.springframework.test.context.jdbc.SqlScriptsTestExecutionListener@7bf3a5d8, org.springframework.boot.test.autoconfigure.web.servlet.MockMvcPrintOnlyOnFailureTestExecutionListener@42e25b0b, org.springframework.boot.test.autoconfigure.web.servlet.WebDriverTestExecutionListener@39b43d60, org.springframework.boot.test.mock.mockito.ResetMocksTestExecutionListener@44be0077, org.springframework.boot.test.autoconfigure.restdocs.RestDocsTestExecutionListener@2205a05d, org.springframework.boot.test.mock.mockito.MockitoTestExecutionListener@72ef8d15, org.springframework.boot.test.autoconfigure.web.client.MockRestServiceServerResetTestExecutionListener@6aa8e115]
2019-10-30 14:49:29.966 [main] INFO  com.example.demo.DemoApplicationTests - Starting DemoApplicationTests on SC-201902202144 with PID 12528 (started by Administrator in F:\Springboot)
2019-10-30 14:49:29.967 [main] INFO  com.example.demo.DemoApplicationTests - No active profile set, falling back to default profiles: default
2019-10-30 14:49:30.121 [main] INFO  o.s.w.context.support.GenericWebApplicationContext - Refreshing org.springframework.web.context.support.GenericWebApplicationContext@1698ee84: startup date [Wed Oct 30 14:49:30 CST 2019]; root of context hierarchy
2019-10-30 14:49:31.250 [background-preinit] INFO  org.hibernate.validator.internal.util.Version - HV000001: Hibernate Validator 5.3.5.Final
2019-10-30 14:49:33.473 [main] INFO  o.s.beans.factory.xml.XmlBeanDefinitionReader - Loading XML bean definitions from class path resource [druid-bean.xml]
2019-10-30 14:49:34.939 [main] WARN  org.mybatis.spring.mapper.ClassPathMapperScanner - No MyBatis mapper was found in '[com.example.demo.entity.mybaites]' package. Please check your configuration.
2019-10-30 14:49:34.943 [main] WARN  o.s.c.annotation.ConfigurationClassPostProcessor - Cannot enhance @Configuration bean definition 'mybatisEntityManager' since its singleton instance has been created too early. The typical cause is a non-static @Bean method with a BeanDefinitionRegistryPostProcessor return type: Consider declaring such methods as 'static'.
2019-10-30 14:49:35.368 [main] INFO  com.example.demo.testYpf.interfaceTest.Shopping - name1111"zhangsan"
2019-10-30 14:49:35.370 [main] INFO  com.example.demo.testYpf.interfaceTest.Shopping - enum11sss1Monday
2019-10-30 14:49:35.370 [main] INFO  com.example.demo.testYpf.interfaceTest.Shopping - enum222Mon
2019-10-30 14:49:36.386 [main] INFO  o.s.c.s.PostProcessorRegistrationDelegate$BeanPostProcessorChecker - Bean 'druidConfiguration' of type [com.example.demo.config.DruidConfiguration$$EnhancerBySpringCGLIB$$2af0f3fe] is not eligible for getting processed by all BeanPostProcessors (for example: not eligible for auto-proxying)
2019-10-30 14:49:36.650 [main] INFO  o.s.c.s.PostProcessorRegistrationDelegate$BeanPostProcessorChecker - Bean 'listenerAsyncConfiguration' of type [com.example.demo.listener.ListenerAsyncConfiguration$$EnhancerBySpringCGLIB$$1813c966] is not eligible for getting processed by all BeanPostProcessors (for example: not eligible for auto-proxying)
2019-10-30 14:49:36.675 [main] INFO  o.s.scheduling.concurrent.ThreadPoolTaskExecutor - Initializing ExecutorService 
2019-10-30 14:49:42.480 [main] INFO  com.alibaba.druid.pool.DruidDataSource - {dataSource-1} inited
2019-10-30 14:49:43.101 [main] INFO  o.s.orm.jpa.LocalContainerEntityManagerFactoryBean - Building JPA container EntityManagerFactory for persistence unit 'cloudTestPersistence'
2019-10-30 14:49:43.148 [main] INFO  org.hibernate.jpa.internal.util.LogHelper - HHH000204: Processing PersistenceUnitInfo [
	name: cloudTestPersistence
	...]
2019-10-30 14:49:43.393 [main] INFO  org.hibernate.Version - HHH000412: Hibernate Core {5.0.12.Final}
2019-10-30 14:49:43.398 [main] INFO  org.hibernate.cfg.Environment - HHH000206: hibernate.properties not found
2019-10-30 14:49:43.402 [main] INFO  org.hibernate.cfg.Environment - HHH000021: Bytecode provider name : javassist
2019-10-30 14:49:43.567 [main] INFO  org.hibernate.annotations.common.Version - HCANN000001: Hibernate Commons Annotations {5.0.1.Final}
2019-10-30 14:49:43.850 [main] INFO  com.alibaba.druid.pool.DruidDataSource - {dataSource-2} inited
2019-10-30 14:49:43.891 [main] INFO  org.hibernate.dialect.Dialect - HHH000400: Using dialect: org.hibernate.dialect.MySQL5Dialect
2019-10-30 14:49:47.339 [main] INFO  org.hibernate.tool.hbm2ddl.SchemaUpdate - HHH000228: Running hbm2ddl schema update
2019-10-30 14:49:48.869 [main] INFO  o.s.orm.jpa.LocalContainerEntityManagerFactoryBean - Initialized JPA EntityManagerFactory for persistence unit 'cloudTestPersistence'
2019-10-30 14:49:49.099 [main] INFO  o.s.orm.jpa.LocalContainerEntityManagerFactoryBean - Building JPA container EntityManagerFactory for persistence unit 'testPersistence'
2019-10-30 14:49:49.100 [main] INFO  org.hibernate.jpa.internal.util.LogHelper - HHH000204: Processing PersistenceUnitInfo [
	name: testPersistence
	...]
2019-10-30 14:49:49.216 [main] INFO  org.hibernate.dialect.Dialect - HHH000400: Using dialect: org.hibernate.dialect.MySQL5Dialect
2019-10-30 14:49:49.969 [main] INFO  org.hibernate.tool.hbm2ddl.SchemaUpdate - HHH000228: Running hbm2ddl schema update
2019-10-30 14:49:52.607 [main] INFO  o.s.orm.jpa.LocalContainerEntityManagerFactoryBean - Initialized JPA EntityManagerFactory for persistence unit 'testPersistence'
2019-10-30 14:50:07.263 [main] INFO  o.s.w.s.m.m.a.RequestMappingHandlerAdapter - Looking for @ControllerAdvice: org.springframework.web.context.support.GenericWebApplicationContext@1698ee84: startup date [Wed Oct 30 14:49:30 CST 2019]; root of context hierarchy
2019-10-30 14:50:07.850 [main] INFO  o.s.w.s.m.m.a.RequestMappingHandlerMapping - Mapped "{[/book/],methods=[GET]}" onto public java.util.List<com.example.demo.entity.test.Book> com.example.demo.controller.BookController.bookList(com.example.demo.entity.cloudTest.User)
2019-10-30 14:50:07.865 [main] INFO  o.s.w.s.m.m.a.RequestMappingHandlerMapping - Mapped "{[/dept/],methods=[POST]}" onto public void com.example.demo.controller.DepartmentController.saveDept(com.example.demo.entity.mybaites.Department)
2019-10-30 14:50:07.866 [main] INFO  o.s.w.s.m.m.a.RequestMappingHandlerMapping - Mapped "{[/dept/employee],methods=[GET]}" onto public java.util.List<com.example.demo.dto.ParentDeptDto> com.example.demo.controller.DepartmentController.deptToEmp()
2019-10-30 14:50:07.866 [main] INFO  o.s.w.s.m.m.a.RequestMappingHandlerMapping - Mapped "{[/dept/],methods=[GET]}" onto public java.util.List<com.example.demo.entity.mybaites.Department> com.example.demo.controller.DepartmentController.departmentList()
2019-10-30 14:50:07.869 [main] INFO  o.s.w.s.m.m.a.RequestMappingHandlerMapping - Mapped "{[/employee],methods=[POST]}" onto public void com.example.demo.controller.EmployeeController.save(com.example.demo.entity.mybaites.Employee)
2019-10-30 14:50:07.870 [main] INFO  o.s.w.s.m.m.a.RequestMappingHandlerMapping - Mapped "{[/employee/empInfo],methods=[GET]}" onto public com.example.demo.dto.EmployeeToDept com.example.demo.controller.EmployeeController.employeeToDept(java.lang.Long)
2019-10-30 14:50:07.871 [main] INFO  o.s.w.s.m.m.a.RequestMappingHandlerMapping - Mapped "{[/employee],methods=[GET]}" onto public java.util.List<com.example.demo.entity.mybaites.Employee> com.example.demo.controller.EmployeeController.findAll()
2019-10-30 14:50:07.872 [main] INFO  o.s.w.s.m.m.a.RequestMappingHandlerMapping - Mapped "{[/],methods=[GET]}" onto public java.lang.String com.example.demo.controller.IndexController.index(java.security.Principal,javax.servlet.http.HttpServletResponse)
2019-10-30 14:50:07.874 [main] INFO  o.s.w.s.m.m.a.RequestMappingHandlerMapping - Mapped "{[/student/],methods=[GET]}" onto public java.util.List<com.example.demo.entity.test.User> com.example.demo.controller.StudentController.userList()
2019-10-30 14:50:07.876 [main] INFO  o.s.w.s.m.m.a.RequestMappingHandlerMapping - Mapped "{[/jwt/token],methods=[GET]}" onto public com.example.demo.dto.TokenResult com.example.demo.controller.TokenController.token(java.lang.String)
2019-10-30 14:50:07.924 [main] INFO  o.s.w.s.m.m.a.RequestMappingHandlerMapping - Mapped "{[/user/grantsAge],methods=[GET],params=[age]}" onto public java.util.List<com.example.demo.entity.cloudTest.User> com.example.demo.controller.UserController.findUsersGrants(int)
2019-10-30 14:50:07.925 [main] INFO  o.s.w.s.m.m.a.RequestMappingHandlerMapping - Mapped "{[/user/],methods=[POST]}" onto public java.lang.String com.example.demo.controller.UserController.saveInfo(com.example.demo.entity.cloudTest.User)
2019-10-30 14:50:07.926 [main] INFO  o.s.w.s.m.m.a.RequestMappingHandlerMapping - Mapped "{[/user/find],methods=[POST]}" onto public java.util.List<com.example.demo.entity.cloudTest.User> com.example.demo.controller.UserController.findUser(com.example.demo.entity.cloudTest.User)
2019-10-30 14:50:07.927 [main] INFO  o.s.w.s.m.m.a.RequestMappingHandlerMapping - Mapped "{[/user/],methods=[GET]}" onto public java.util.List<com.example.demo.entity.cloudTest.User> com.example.demo.controller.UserController.userList()
2019-10-30 14:50:07.933 [main] INFO  o.s.w.s.m.m.a.RequestMappingHandlerMapping - Mapped "{[/error]}" onto public org.springframework.http.ResponseEntity<java.util.Map<java.lang.String, java.lang.Object>> org.springframework.boot.autoconfigure.web.BasicErrorController.error(javax.servlet.http.HttpServletRequest)
2019-10-30 14:50:07.934 [main] INFO  o.s.w.s.m.m.a.RequestMappingHandlerMapping - Mapped "{[/error],produces=[text/html]}" onto public org.springframework.web.servlet.ModelAndView org.springframework.boot.autoconfigure.web.BasicErrorController.errorHtml(javax.servlet.http.HttpServletRequest,javax.servlet.http.HttpServletResponse)
2019-10-30 14:50:08.465 [main] INFO  o.s.web.servlet.handler.SimpleUrlHandlerMapping - Mapped URL path [/webjars/**] onto handler of type [class org.springframework.web.servlet.resource.ResourceHttpRequestHandler]
2019-10-30 14:50:08.465 [main] INFO  o.s.web.servlet.handler.SimpleUrlHandlerMapping - Mapped URL path [/**] onto handler of type [class org.springframework.web.servlet.resource.ResourceHttpRequestHandler]
2019-10-30 14:50:08.579 [main] INFO  o.s.w.s.m.m.a.ExceptionHandlerExceptionResolver - Detected @ExceptionHandler methods in springExceptionHandle
2019-10-30 14:50:08.982 [main] INFO  o.s.web.servlet.handler.SimpleUrlHandlerMapping - Mapped URL path [/**/favicon.ico] onto handler of type [class org.springframework.web.servlet.resource.ResourceHttpRequestHandler]
2019-10-30 14:50:12.746 [main] INFO  o.s.security.web.DefaultSecurityFilterChain - Creating filter chain: OrRequestMatcher [requestMatchers=[Ant [pattern='/css/**'], Ant [pattern='/js/**'], Ant [pattern='/images/**'], Ant [pattern='/webjars/**'], Ant [pattern='/**/favicon.ico'], Ant [pattern='/error']]], []
2019-10-30 14:50:12.746 [main] INFO  o.s.security.web.DefaultSecurityFilterChain - Creating filter chain: Ant [pattern='/druid/**'], []
2019-10-30 14:50:14.259 [main] INFO  o.s.security.web.DefaultSecurityFilterChain - Creating filter chain: org.springframework.security.web.util.matcher.AnyRequestMatcher@1, [org.springframework.security.web.context.request.async.WebAsyncManagerIntegrationFilter@204d101, org.springframework.security.web.context.SecurityContextPersistenceFilter@3acd06b0, org.springframework.security.web.header.HeaderWriterFilter@17fd9fbb, org.springframework.security.web.authentication.logout.LogoutFilter@1b9075c9, org.springframework.security.web.authentication.UsernamePasswordAuthenticationFilter@74a121fe, org.springframework.security.web.authentication.ui.DefaultLoginPageGeneratingFilter@260d878a, org.springframework.security.web.savedrequest.RequestCacheAwareFilter@68769265, org.springframework.security.web.servletapi.SecurityContextHolderAwareRequestFilter@2889d997, org.springframework.security.web.authentication.AnonymousAuthenticationFilter@716a6343, org.springframework.security.web.session.SessionManagementFilter@7d9587b3, org.springframework.security.web.access.ExceptionTranslationFilter@816272a, org.springframework.security.web.access.intercept.FilterSecurityInterceptor@2c2f4769]
2019-10-30 14:50:14.471 [main] INFO  o.s.security.web.DefaultSecurityFilterChain - Creating filter chain: OrRequestMatcher [requestMatchers=[Ant [pattern='/**']]], [org.springframework.security.web.context.request.async.WebAsyncManagerIntegrationFilter@5eace68f, org.springframework.security.web.context.SecurityContextPersistenceFilter@6587c92f, org.springframework.security.web.header.HeaderWriterFilter@69dc0dd1, org.springframework.security.web.authentication.logout.LogoutFilter@50061d56, org.springframework.security.web.authentication.www.BasicAuthenticationFilter@2044a11b, org.springframework.security.web.savedrequest.RequestCacheAwareFilter@537979aa, org.springframework.security.web.servletapi.SecurityContextHolderAwareRequestFilter@5ac25491, org.springframework.security.web.authentication.AnonymousAuthenticationFilter@74a29300, org.springframework.security.web.session.SessionManagementFilter@9d10078, org.springframework.security.web.access.ExceptionTranslationFilter@61aaec51, org.springframework.security.web.access.intercept.FilterSecurityInterceptor@52a9c251]
2019-10-30 14:50:16.943 [main] INFO  com.example.demo.DemoApplicationTests - Started DemoApplicationTests in 47.962 seconds (JVM running for 54.469)
2019-10-30 14:50:45.905 [Thread-2] INFO  o.s.w.context.support.GenericWebApplicationContext - Closing org.springframework.web.context.support.GenericWebApplicationContext@1698ee84: startup date [Wed Oct 30 14:49:30 CST 2019]; root of context hierarchy
2019-10-30 14:50:45.935 [Thread-2] INFO  o.s.orm.jpa.LocalContainerEntityManagerFactoryBean - Closing JPA EntityManagerFactory for persistence unit 'testPersistence'
2019-10-30 14:50:45.943 [Thread-2] INFO  o.s.orm.jpa.LocalContainerEntityManagerFactoryBean - Closing JPA EntityManagerFactory for persistence unit 'cloudTestPersistence'
2019-10-30 14:50:45.966 [Thread-2] INFO  com.alibaba.druid.pool.DruidDataSource - {dataSource-2} closed
2019-10-30 14:50:45.971 [Thread-2] INFO  com.alibaba.druid.pool.DruidDataSource - {dataSource-1} closed
2019-10-30 15:48:10.165 [main] INFO  o.s.b.t.context.SpringBootTestContextBootstrapper - Neither @ContextConfiguration nor @ContextHierarchy found for test class [com.example.demo.DemoApplicationTests], using SpringBootContextLoader
2019-10-30 15:48:10.186 [main] INFO  o.s.test.context.support.AbstractContextLoader - Could not detect default resource locations for test class [com.example.demo.DemoApplicationTests]: no resource found for suffixes {-context.xml, Context.groovy}.
2019-10-30 15:48:10.187 [main] INFO  o.s.t.c.support.AnnotationConfigContextLoaderUtils - Could not detect default configuration classes for test class [com.example.demo.DemoApplicationTests]: DemoApplicationTests does not declare any static, non-private, non-final, nested classes annotated with @Configuration.
2019-10-30 15:48:10.478 [main] INFO  o.s.b.t.context.SpringBootTestContextBootstrapper - Found @SpringBootConfiguration com.example.demo.DemoApplication for test class com.example.demo.DemoApplicationTests
2019-10-30 15:48:10.504 [main] INFO  o.s.b.t.context.SpringBootTestContextBootstrapper - Loaded default TestExecutionListener class names from location [META-INF/spring.factories]: [org.springframework.boot.test.mock.mockito.MockitoTestExecutionListener, org.springframework.boot.test.mock.mockito.ResetMocksTestExecutionListener, org.springframework.boot.test.autoconfigure.restdocs.RestDocsTestExecutionListener, org.springframework.boot.test.autoconfigure.web.client.MockRestServiceServerResetTestExecutionListener, org.springframework.boot.test.autoconfigure.web.servlet.MockMvcPrintOnlyOnFailureTestExecutionListener, org.springframework.boot.test.autoconfigure.web.servlet.WebDriverTestExecutionListener, org.springframework.test.context.web.ServletTestExecutionListener, org.springframework.test.context.support.DirtiesContextBeforeModesTestExecutionListener, org.springframework.test.context.support.DependencyInjectionTestExecutionListener, org.springframework.test.context.support.DirtiesContextTestExecutionListener, org.springframework.test.context.transaction.TransactionalTestExecutionListener, org.springframework.test.context.jdbc.SqlScriptsTestExecutionListener]
2019-10-30 15:48:10.576 [main] INFO  o.s.b.t.context.SpringBootTestContextBootstrapper - Using TestExecutionListeners: [org.springframework.test.context.web.ServletTestExecutionListener@48b67364, org.springframework.test.context.support.DirtiesContextBeforeModesTestExecutionListener@189cbd7c, org.springframework.boot.test.autoconfigure.SpringBootDependencyInjectionTestExecutionListener@7bf3a5d8, org.springframework.test.context.support.DirtiesContextTestExecutionListener@42e25b0b, org.springframework.test.context.transaction.TransactionalTestExecutionListener@39b43d60, org.springframework.test.context.jdbc.SqlScriptsTestExecutionListener@44be0077, org.springframework.boot.test.autoconfigure.web.client.MockRestServiceServerResetTestExecutionListener@2205a05d, org.springframework.boot.test.autoconfigure.web.servlet.MockMvcPrintOnlyOnFailureTestExecutionListener@72ef8d15, org.springframework.boot.test.mock.mockito.MockitoTestExecutionListener@6aa8e115, org.springframework.boot.test.autoconfigure.web.servlet.WebDriverTestExecutionListener@5e21e98f, org.springframework.boot.test.mock.mockito.ResetMocksTestExecutionListener@51a9ad5e, org.springframework.boot.test.autoconfigure.restdocs.RestDocsTestExecutionListener@5f20155b]
2019-10-30 15:48:11.713 [main] INFO  com.example.demo.DemoApplicationTests - Starting DemoApplicationTests on SC-201902202144 with PID 11808 (started by Administrator in F:\Springboot)
2019-10-30 15:48:11.714 [main] INFO  com.example.demo.DemoApplicationTests - No active profile set, falling back to default profiles: default
2019-10-30 15:48:11.837 [main] INFO  o.s.w.context.support.GenericWebApplicationContext - Refreshing org.springframework.web.context.support.GenericWebApplicationContext@328cf0e1: startup date [Wed Oct 30 15:48:11 CST 2019]; root of context hierarchy
2019-10-30 15:48:12.863 [background-preinit] INFO  org.hibernate.validator.internal.util.Version - HV000001: Hibernate Validator 5.3.5.Final
2019-10-30 15:48:14.703 [main] INFO  o.s.beans.factory.xml.XmlBeanDefinitionReader - Loading XML bean definitions from class path resource [druid-bean.xml]
2019-10-30 15:48:15.928 [main] WARN  org.mybatis.spring.mapper.ClassPathMapperScanner - No MyBatis mapper was found in '[com.example.demo.entity.mybaites]' package. Please check your configuration.
2019-10-30 15:48:15.929 [main] WARN  o.s.c.annotation.ConfigurationClassPostProcessor - Cannot enhance @Configuration bean definition 'mybatisEntityManager' since its singleton instance has been created too early. The typical cause is a non-static @Bean method with a BeanDefinitionRegistryPostProcessor return type: Consider declaring such methods as 'static'.
2019-10-30 15:48:16.285 [main] INFO  com.example.demo.testYpf.interfaceTest.Shopping - name1111"zhangsan"
2019-10-30 15:48:16.288 [main] INFO  com.example.demo.testYpf.interfaceTest.Shopping - enum11sss1Monday
2019-10-30 15:48:16.288 [main] INFO  com.example.demo.testYpf.interfaceTest.Shopping - enum222Mon
2019-10-30 15:48:16.923 [main] INFO  o.s.c.s.PostProcessorRegistrationDelegate$BeanPostProcessorChecker - Bean 'druidConfiguration' of type [com.example.demo.config.DruidConfiguration$$EnhancerBySpringCGLIB$$4d8493dd] is not eligible for getting processed by all BeanPostProcessors (for example: not eligible for auto-proxying)
2019-10-30 15:48:17.160 [main] INFO  o.s.c.s.PostProcessorRegistrationDelegate$BeanPostProcessorChecker - Bean 'listenerAsyncConfiguration' of type [com.example.demo.listener.ListenerAsyncConfiguration$$EnhancerBySpringCGLIB$$3aa76945] is not eligible for getting processed by all BeanPostProcessors (for example: not eligible for auto-proxying)
2019-10-30 15:48:17.173 [main] INFO  o.s.scheduling.concurrent.ThreadPoolTaskExecutor - Initializing ExecutorService 
2019-10-30 15:48:20.805 [main] INFO  com.alibaba.druid.pool.DruidDataSource - {dataSource-1} inited
2019-10-30 15:48:21.300 [main] INFO  o.s.orm.jpa.LocalContainerEntityManagerFactoryBean - Building JPA container EntityManagerFactory for persistence unit 'cloudTestPersistence'
2019-10-30 15:48:21.349 [main] INFO  org.hibernate.jpa.internal.util.LogHelper - HHH000204: Processing PersistenceUnitInfo [
	name: cloudTestPersistence
	...]
2019-10-30 15:48:21.579 [main] INFO  org.hibernate.Version - HHH000412: Hibernate Core {5.0.12.Final}
2019-10-30 15:48:21.583 [main] INFO  org.hibernate.cfg.Environment - HHH000206: hibernate.properties not found
2019-10-30 15:48:21.588 [main] INFO  org.hibernate.cfg.Environment - HHH000021: Bytecode provider name : javassist
2019-10-30 15:48:21.738 [main] INFO  org.hibernate.annotations.common.Version - HCANN000001: Hibernate Commons Annotations {5.0.1.Final}
2019-10-30 15:48:22.047 [main] INFO  com.alibaba.druid.pool.DruidDataSource - {dataSource-2} inited
2019-10-30 15:48:22.092 [main] INFO  org.hibernate.dialect.Dialect - HHH000400: Using dialect: org.hibernate.dialect.MySQL5Dialect
2019-10-30 15:48:25.201 [main] INFO  org.hibernate.tool.hbm2ddl.SchemaUpdate - HHH000228: Running hbm2ddl schema update
2019-10-30 15:48:26.372 [main] INFO  o.s.orm.jpa.LocalContainerEntityManagerFactoryBean - Initialized JPA EntityManagerFactory for persistence unit 'cloudTestPersistence'
2019-10-30 15:48:26.449 [main] INFO  o.s.orm.jpa.LocalContainerEntityManagerFactoryBean - Building JPA container EntityManagerFactory for persistence unit 'testPersistence'
2019-10-30 15:48:26.450 [main] INFO  org.hibernate.jpa.internal.util.LogHelper - HHH000204: Processing PersistenceUnitInfo [
	name: testPersistence
	...]
2019-10-30 15:48:26.467 [main] INFO  org.hibernate.dialect.Dialect - HHH000400: Using dialect: org.hibernate.dialect.MySQL5Dialect
2019-10-30 15:48:26.866 [main] INFO  org.hibernate.tool.hbm2ddl.SchemaUpdate - HHH000228: Running hbm2ddl schema update
2019-10-30 15:48:28.846 [main] INFO  o.s.orm.jpa.LocalContainerEntityManagerFactoryBean - Initialized JPA EntityManagerFactory for persistence unit 'testPersistence'
2019-10-30 15:48:34.083 [main] INFO  o.s.w.s.m.m.a.RequestMappingHandlerAdapter - Looking for @ControllerAdvice: org.springframework.web.context.support.GenericWebApplicationContext@328cf0e1: startup date [Wed Oct 30 15:48:11 CST 2019]; root of context hierarchy
2019-10-30 15:48:34.440 [main] INFO  o.s.w.s.m.m.a.RequestMappingHandlerMapping - Mapped "{[/book/],methods=[GET]}" onto public java.util.List<com.example.demo.entity.test.Book> com.example.demo.controller.BookController.bookList(com.example.demo.entity.cloudTest.User)
2019-10-30 15:48:34.446 [main] INFO  o.s.w.s.m.m.a.RequestMappingHandlerMapping - Mapped "{[/dept/],methods=[GET]}" onto public java.util.List<com.example.demo.entity.mybaites.Department> com.example.demo.controller.DepartmentController.departmentList()
2019-10-30 15:48:34.446 [main] INFO  o.s.w.s.m.m.a.RequestMappingHandlerMapping - Mapped "{[/dept/employee],methods=[GET]}" onto public java.util.List<com.example.demo.dto.ParentDeptDto> com.example.demo.controller.DepartmentController.deptToEmp()
2019-10-30 15:48:34.447 [main] INFO  o.s.w.s.m.m.a.RequestMappingHandlerMapping - Mapped "{[/dept/],methods=[POST]}" onto public void com.example.demo.controller.DepartmentController.saveDept(com.example.demo.entity.mybaites.Department)
2019-10-30 15:48:34.448 [main] INFO  o.s.w.s.m.m.a.RequestMappingHandlerMapping - Mapped "{[/employee],methods=[POST]}" onto public void com.example.demo.controller.EmployeeController.save(com.example.demo.entity.mybaites.Employee)
2019-10-30 15:48:34.449 [main] INFO  o.s.w.s.m.m.a.RequestMappingHandlerMapping - Mapped "{[/employee/empInfo],methods=[GET]}" onto public com.example.demo.dto.EmployeeToDept com.example.demo.controller.EmployeeController.employeeToDept(java.lang.Long)
2019-10-30 15:48:34.449 [main] INFO  o.s.w.s.m.m.a.RequestMappingHandlerMapping - Mapped "{[/employee],methods=[GET]}" onto public java.util.List<com.example.demo.entity.mybaites.Employee> com.example.demo.controller.EmployeeController.findAll()
2019-10-30 15:48:34.449 [main] INFO  o.s.w.s.m.m.a.RequestMappingHandlerMapping - Mapped "{[/],methods=[GET]}" onto public java.lang.String com.example.demo.controller.IndexController.index(java.security.Principal,javax.servlet.http.HttpServletResponse)
2019-10-30 15:48:34.450 [main] INFO  o.s.w.s.m.m.a.RequestMappingHandlerMapping - Mapped "{[/student/],methods=[GET]}" onto public java.util.List<com.example.demo.entity.test.User> com.example.demo.controller.StudentController.userList()
2019-10-30 15:48:34.452 [main] INFO  o.s.w.s.m.m.a.RequestMappingHandlerMapping - Mapped "{[/jwt/token],methods=[GET]}" onto public com.example.demo.dto.TokenResult com.example.demo.controller.TokenController.token(java.lang.String)
2019-10-30 15:48:34.457 [main] INFO  o.s.w.s.m.m.a.RequestMappingHandlerMapping - Mapped "{[/user/grantsAge],methods=[GET],params=[age]}" onto public java.util.List<com.example.demo.entity.cloudTest.User> com.example.demo.controller.UserController.findUsersGrants(int)
2019-10-30 15:48:34.458 [main] INFO  o.s.w.s.m.m.a.RequestMappingHandlerMapping - Mapped "{[/user/],methods=[POST]}" onto public java.lang.String com.example.demo.controller.UserController.saveInfo(com.example.demo.entity.cloudTest.User)
2019-10-30 15:48:34.459 [main] INFO  o.s.w.s.m.m.a.RequestMappingHandlerMapping - Mapped "{[/user/find],methods=[POST]}" onto public java.util.List<com.example.demo.entity.cloudTest.User> com.example.demo.controller.UserController.findUser(com.example.demo.entity.cloudTest.User)
2019-10-30 15:48:34.459 [main] INFO  o.s.w.s.m.m.a.RequestMappingHandlerMapping - Mapped "{[/user/],methods=[GET]}" onto public java.util.List<com.example.demo.entity.cloudTest.User> com.example.demo.controller.UserController.userList()
2019-10-30 15:48:34.469 [main] INFO  o.s.w.s.m.m.a.RequestMappingHandlerMapping - Mapped "{[/error]}" onto public org.springframework.http.ResponseEntity<java.util.Map<java.lang.String, java.lang.Object>> org.springframework.boot.autoconfigure.web.BasicErrorController.error(javax.servlet.http.HttpServletRequest)
2019-10-30 15:48:34.470 [main] INFO  o.s.w.s.m.m.a.RequestMappingHandlerMapping - Mapped "{[/error],produces=[text/html]}" onto public org.springframework.web.servlet.ModelAndView org.springframework.boot.autoconfigure.web.BasicErrorController.errorHtml(javax.servlet.http.HttpServletRequest,javax.servlet.http.HttpServletResponse)
2019-10-30 15:48:34.647 [main] INFO  o.s.web.servlet.handler.SimpleUrlHandlerMapping - Mapped URL path [/webjars/**] onto handler of type [class org.springframework.web.servlet.resource.ResourceHttpRequestHandler]
2019-10-30 15:48:34.647 [main] INFO  o.s.web.servlet.handler.SimpleUrlHandlerMapping - Mapped URL path [/**] onto handler of type [class org.springframework.web.servlet.resource.ResourceHttpRequestHandler]
2019-10-30 15:48:34.722 [main] INFO  o.s.w.s.m.m.a.ExceptionHandlerExceptionResolver - Detected @ExceptionHandler methods in springExceptionHandle
2019-10-30 15:48:34.937 [main] INFO  o.s.web.servlet.handler.SimpleUrlHandlerMapping - Mapped URL path [/**/favicon.ico] onto handler of type [class org.springframework.web.servlet.resource.ResourceHttpRequestHandler]
2019-10-30 15:48:36.260 [main] INFO  o.s.security.web.DefaultSecurityFilterChain - Creating filter chain: OrRequestMatcher [requestMatchers=[Ant [pattern='/css/**'], Ant [pattern='/js/**'], Ant [pattern='/images/**'], Ant [pattern='/webjars/**'], Ant [pattern='/**/favicon.ico'], Ant [pattern='/error']]], []
2019-10-30 15:48:36.260 [main] INFO  o.s.security.web.DefaultSecurityFilterChain - Creating filter chain: Ant [pattern='/druid/**'], []
2019-10-30 15:48:36.572 [main] INFO  o.s.security.web.DefaultSecurityFilterChain - Creating filter chain: org.springframework.security.web.util.matcher.AnyRequestMatcher@1, [org.springframework.security.web.context.request.async.WebAsyncManagerIntegrationFilter@25699129, org.springframework.security.web.context.SecurityContextPersistenceFilter@12c1826, org.springframework.security.web.header.HeaderWriterFilter@25767bd9, org.springframework.security.web.authentication.logout.LogoutFilter@1e7245da, org.springframework.security.web.authentication.UsernamePasswordAuthenticationFilter@2822ee4b, org.springframework.security.web.authentication.ui.DefaultLoginPageGeneratingFilter@4d484961, org.springframework.security.web.savedrequest.RequestCacheAwareFilter@73c5b676, org.springframework.security.web.servletapi.SecurityContextHolderAwareRequestFilter@b7526a9, org.springframework.security.web.authentication.AnonymousAuthenticationFilter@6f0124b5, org.springframework.security.web.session.SessionManagementFilter@3746766b, org.springframework.security.web.access.ExceptionTranslationFilter@3bd466bd, org.springframework.security.web.access.intercept.FilterSecurityInterceptor@37905236]
2019-10-30 15:48:36.623 [main] INFO  o.s.security.web.DefaultSecurityFilterChain - Creating filter chain: OrRequestMatcher [requestMatchers=[Ant [pattern='/**']]], [org.springframework.security.web.context.request.async.WebAsyncManagerIntegrationFilter@58179860, org.springframework.security.web.context.SecurityContextPersistenceFilter@41a372c1, org.springframework.security.web.header.HeaderWriterFilter@74efc394, org.springframework.security.web.authentication.logout.LogoutFilter@347c7b, org.springframework.security.web.authentication.www.BasicAuthenticationFilter@201a84e1, org.springframework.security.web.savedrequest.RequestCacheAwareFilter@12bb3666, org.springframework.security.web.servletapi.SecurityContextHolderAwareRequestFilter@18c2b4c6, org.springframework.security.web.authentication.AnonymousAuthenticationFilter@43e55cfb, org.springframework.security.web.session.SessionManagementFilter@794fbf0d, org.springframework.security.web.access.ExceptionTranslationFilter@4af32714, org.springframework.security.web.access.intercept.FilterSecurityInterceptor@56ed6e17]
2019-10-30 15:48:38.037 [main] INFO  com.example.demo.DemoApplicationTests - Started DemoApplicationTests in 27.248 seconds (JVM running for 32.816)
2019-10-30 15:48:39.054 [Thread-2] INFO  o.s.w.context.support.GenericWebApplicationContext - Closing org.springframework.web.context.support.GenericWebApplicationContext@328cf0e1: startup date [Wed Oct 30 15:48:11 CST 2019]; root of context hierarchy
2019-10-30 15:48:39.068 [Thread-2] INFO  o.s.orm.jpa.LocalContainerEntityManagerFactoryBean - Closing JPA EntityManagerFactory for persistence unit 'testPersistence'
2019-10-30 15:48:39.071 [Thread-2] INFO  o.s.orm.jpa.LocalContainerEntityManagerFactoryBean - Closing JPA EntityManagerFactory for persistence unit 'cloudTestPersistence'
2019-10-30 15:48:39.086 [Thread-2] INFO  com.alibaba.druid.pool.DruidDataSource - {dataSource-2} closed
2019-10-30 15:48:39.090 [Thread-2] INFO  com.alibaba.druid.pool.DruidDataSource - {dataSource-1} closed
