2019-10-22 10:15:22.410 [main] INFO  com.example.demo.DemoApplication - 开始启动.................
2019-10-22 10:15:23.202 [main] INFO  com.example.demo.DemoApplication - Starting DemoApplication on SC-201902202144 with PID 9544 (F:\Springboot\target\classes started by Administrator in F:\Springboot)
2019-10-22 10:15:23.202 [main] INFO  com.example.demo.DemoApplication - No active profile set, falling back to default profiles: default
2019-10-22 10:15:23.272 [main] INFO  o.s.b.c.e.AnnotationConfigEmbeddedWebApplicationContext - Refreshing org.springframework.boot.context.embedded.AnnotationConfigEmbeddedWebApplicationContext@76908cc0: startup date [Tue Oct 22 10:15:23 CST 2019]; root of context hierarchy
2019-10-22 10:15:23.542 [background-preinit] INFO  org.hibernate.validator.internal.util.Version - HV000001: Hibernate Validator 5.3.5.Final
2019-10-22 10:15:25.493 [main] INFO  o.s.beans.factory.xml.XmlBeanDefinitionReader - Loading XML bean definitions from class path resource [druid-bean.xml]
2019-10-22 10:15:26.292 [main] WARN  org.mybatis.spring.mapper.ClassPathMapperScanner - No MyBatis mapper was found in '[com.example.demo.entity.mybaites]' package. Please check your configuration.
2019-10-22 10:15:26.293 [main] WARN  o.s.c.annotation.ConfigurationClassPostProcessor - Cannot enhance @Configuration bean definition 'mybatisEntityManager' since its singleton instance has been created too early. The typical cause is a non-static @Bean method with a BeanDefinitionRegistryPostProcessor return type: Consider declaring such methods as 'static'.
2019-10-22 10:15:26.397 [main] INFO  com.example.demo.testYpf.interfaceTest.Shopping - name1111"zhangsan"
2019-10-22 10:15:26.399 [main] INFO  com.example.demo.testYpf.interfaceTest.Shopping - enum11sss1Monday
2019-10-22 10:15:26.399 [main] INFO  com.example.demo.testYpf.interfaceTest.Shopping - enum222Mon
2019-10-22 10:15:26.809 [main] INFO  o.s.c.s.PostProcessorRegistrationDelegate$BeanPostProcessorChecker - Bean 'druidConfiguration' of type [com.example.demo.config.DruidConfiguration$$EnhancerBySpringCGLIB$$429f17ff] is not eligible for getting processed by all BeanPostProcessors (for example: not eligible for auto-proxying)
2019-10-22 10:15:26.886 [main] INFO  o.s.c.s.PostProcessorRegistrationDelegate$BeanPostProcessorChecker - Bean 'listenerAsyncConfiguration' of type [com.example.demo.listener.ListenerAsyncConfiguration$$EnhancerBySpringCGLIB$$2fc1ed67] is not eligible for getting processed by all BeanPostProcessors (for example: not eligible for auto-proxying)
2019-10-22 10:15:26.891 [main] INFO  o.s.scheduling.concurrent.ThreadPoolTaskExecutor - Initializing ExecutorService 
2019-10-22 10:15:27.740 [main] INFO  o.s.b.c.e.tomcat.TomcatEmbeddedServletContainer - Tomcat initialized with port(s): 8086 (http)
2019-10-22 10:15:27.753 [main] INFO  org.apache.catalina.core.StandardService - Starting service Tomcat
2019-10-22 10:15:27.754 [main] INFO  org.apache.catalina.core.StandardEngine - Starting Servlet Engine: Apache Tomcat/8.5.14
2019-10-22 10:15:28.354 [localhost-startStop-1] INFO  o.a.c.core.ContainerBase.[Tomcat].[localhost].[/] - Initializing Spring embedded WebApplicationContext
2019-10-22 10:15:28.354 [localhost-startStop-1] INFO  org.springframework.web.context.ContextLoader - Root WebApplicationContext: initialization completed in 5082 ms
2019-10-22 10:15:28.979 [localhost-startStop-1] INFO  o.s.boot.web.servlet.FilterRegistrationBean - Mapping filter: 'characterEncodingFilter' to: [/*]
2019-10-22 10:15:28.980 [localhost-startStop-1] INFO  o.s.boot.web.servlet.FilterRegistrationBean - Mapping filter: 'hiddenHttpMethodFilter' to: [/*]
2019-10-22 10:15:28.980 [localhost-startStop-1] INFO  o.s.boot.web.servlet.FilterRegistrationBean - Mapping filter: 'httpPutFormContentFilter' to: [/*]
2019-10-22 10:15:28.981 [localhost-startStop-1] INFO  o.s.boot.web.servlet.FilterRegistrationBean - Mapping filter: 'requestContextFilter' to: [/*]
2019-10-22 10:15:28.982 [localhost-startStop-1] INFO  o.s.b.w.s.DelegatingFilterProxyRegistrationBean - Mapping filter: 'springSecurityFilterChain' to: [/*]
2019-10-22 10:15:28.983 [localhost-startStop-1] INFO  o.s.boot.web.servlet.FilterRegistrationBean - Mapping filter: 'webStatFilter' to urls: [/*]
2019-10-22 10:15:28.983 [localhost-startStop-1] INFO  o.s.boot.web.servlet.ServletRegistrationBean - Mapping servlet: 'statViewServlet' to [/druid/*]
2019-10-22 10:15:28.984 [localhost-startStop-1] INFO  o.s.boot.web.servlet.ServletRegistrationBean - Mapping servlet: 'dispatcherServlet' to [/]
2019-10-22 10:15:30.547 [main] INFO  com.alibaba.druid.pool.DruidDataSource - {dataSource-1} inited
2019-10-22 10:15:31.044 [main] INFO  o.s.orm.jpa.LocalContainerEntityManagerFactoryBean - Building JPA container EntityManagerFactory for persistence unit 'cloudTestPersistence'
2019-10-22 10:15:31.058 [main] INFO  org.hibernate.jpa.internal.util.LogHelper - HHH000204: Processing PersistenceUnitInfo [
	name: cloudTestPersistence
	...]
2019-10-22 10:15:31.148 [main] INFO  org.hibernate.Version - HHH000412: Hibernate Core {5.0.12.Final}
2019-10-22 10:15:31.149 [main] INFO  org.hibernate.cfg.Environment - HHH000206: hibernate.properties not found
2019-10-22 10:15:31.150 [main] INFO  org.hibernate.cfg.Environment - HHH000021: Bytecode provider name : javassist
2019-10-22 10:15:31.224 [main] INFO  org.hibernate.annotations.common.Version - HCANN000001: Hibernate Commons Annotations {5.0.1.Final}
2019-10-22 10:15:31.468 [main] INFO  com.alibaba.druid.pool.DruidDataSource - {dataSource-2} inited
2019-10-22 10:15:31.493 [main] INFO  org.hibernate.dialect.Dialect - HHH000400: Using dialect: org.hibernate.dialect.MySQL5Dialect
2019-10-22 10:15:32.003 [main] INFO  org.hibernate.tool.hbm2ddl.SchemaUpdate - HHH000228: Running hbm2ddl schema update
2019-10-22 10:15:32.403 [main] INFO  o.h.t.s.e.i.InformationExtractorJdbcDatabaseMetaDataImpl - HHH000262: Table not found: error_log
2019-10-22 10:15:32.405 [main] INFO  o.h.t.s.e.i.InformationExtractorJdbcDatabaseMetaDataImpl - HHH000262: Table not found: error_log
2019-10-22 10:15:33.205 [main] INFO  o.s.orm.jpa.LocalContainerEntityManagerFactoryBean - Initialized JPA EntityManagerFactory for persistence unit 'cloudTestPersistence'
2019-10-22 10:15:33.252 [main] INFO  o.s.orm.jpa.LocalContainerEntityManagerFactoryBean - Building JPA container EntityManagerFactory for persistence unit 'testPersistence'
2019-10-22 10:15:33.252 [main] INFO  org.hibernate.jpa.internal.util.LogHelper - HHH000204: Processing PersistenceUnitInfo [
	name: testPersistence
	...]
2019-10-22 10:15:33.338 [main] INFO  org.hibernate.dialect.Dialect - HHH000400: Using dialect: org.hibernate.dialect.MySQL5Dialect
2019-10-22 10:15:33.516 [main] INFO  org.hibernate.tool.hbm2ddl.SchemaUpdate - HHH000228: Running hbm2ddl schema update
2019-10-22 10:15:35.378 [main] INFO  o.s.orm.jpa.LocalContainerEntityManagerFactoryBean - Initialized JPA EntityManagerFactory for persistence unit 'testPersistence'
2019-10-22 10:15:35.840 [main] WARN  o.s.b.c.e.AnnotationConfigEmbeddedWebApplicationContext - Exception encountered during context initialization - cancelling refresh attempt: org.springframework.beans.factory.BeanCreationException: Error creating bean with name 'redissonConfig': Injection of autowired dependencies failed; nested exception is java.lang.IllegalArgumentException: Could not resolve placeholder 'spring.redis.cluster.nodes' in value "${spring.redis.cluster.nodes}"
2019-10-22 10:15:35.840 [main] INFO  o.s.orm.jpa.LocalContainerEntityManagerFactoryBean - Closing JPA EntityManagerFactory for persistence unit 'testPersistence'
2019-10-22 10:15:35.842 [main] INFO  o.s.orm.jpa.LocalContainerEntityManagerFactoryBean - Closing JPA EntityManagerFactory for persistence unit 'cloudTestPersistence'
2019-10-22 10:15:35.845 [main] INFO  com.alibaba.druid.pool.DruidDataSource - {dataSource-2} closed
2019-10-22 10:15:35.847 [main] INFO  com.alibaba.druid.pool.DruidDataSource - {dataSource-1} closed
2019-10-22 10:15:35.850 [main] INFO  org.apache.catalina.core.StandardService - Stopping service Tomcat
2019-10-22 10:15:35.870 [main] INFO  o.s.b.a.l.AutoConfigurationReportLoggingInitializer - 

Error starting ApplicationContext. To display the auto-configuration report re-run your application with 'debug' enabled.
2019-10-22 10:15:35.882 [main] ERROR org.springframework.boot.SpringApplication - Application startup failed
org.springframework.beans.factory.BeanCreationException: Error creating bean with name 'redissonConfig': Injection of autowired dependencies failed; nested exception is java.lang.IllegalArgumentException: Could not resolve placeholder 'spring.redis.cluster.nodes' in value "${spring.redis.cluster.nodes}"
	at org.springframework.beans.factory.annotation.AutowiredAnnotationBeanPostProcessor.postProcessPropertyValues(AutowiredAnnotationBeanPostProcessor.java:372)
	at org.springframework.beans.factory.support.AbstractAutowireCapableBeanFactory.populateBean(AbstractAutowireCapableBeanFactory.java:1264)
	at org.springframework.beans.factory.support.AbstractAutowireCapableBeanFactory.doCreateBean(AbstractAutowireCapableBeanFactory.java:553)
	at org.springframework.beans.factory.support.AbstractAutowireCapableBeanFactory.createBean(AbstractAutowireCapableBeanFactory.java:483)
	at org.springframework.beans.factory.support.AbstractBeanFactory$1.getObject(AbstractBeanFactory.java:306)
	at org.springframework.beans.factory.support.DefaultSingletonBeanRegistry.getSingleton(DefaultSingletonBeanRegistry.java:230)
	at org.springframework.beans.factory.support.AbstractBeanFactory.doGetBean(AbstractBeanFactory.java:302)
	at org.springframework.beans.factory.support.AbstractBeanFactory.getBean(AbstractBeanFactory.java:197)
	at org.springframework.beans.factory.support.DefaultListableBeanFactory.preInstantiateSingletons(DefaultListableBeanFactory.java:761)
	at org.springframework.context.support.AbstractApplicationContext.finishBeanFactoryInitialization(AbstractApplicationContext.java:866)
	at org.springframework.context.support.AbstractApplicationContext.refresh(AbstractApplicationContext.java:542)
	at org.springframework.boot.context.embedded.EmbeddedWebApplicationContext.refresh(EmbeddedWebApplicationContext.java:122)
	at org.springframework.boot.SpringApplication.refresh(SpringApplication.java:737)
	at org.springframework.boot.SpringApplication.refreshContext(SpringApplication.java:370)
	at org.springframework.boot.SpringApplication.run(SpringApplication.java:314)
	at org.springframework.boot.SpringApplication.run(SpringApplication.java:1162)
	at org.springframework.boot.SpringApplication.run(SpringApplication.java:1151)
	at com.example.demo.DemoApplication.main(DemoApplication.java:17)
Caused by: java.lang.IllegalArgumentException: Could not resolve placeholder 'spring.redis.cluster.nodes' in value "${spring.redis.cluster.nodes}"
	at org.springframework.util.PropertyPlaceholderHelper.parseStringValue(PropertyPlaceholderHelper.java:174)
	at org.springframework.util.PropertyPlaceholderHelper.replacePlaceholders(PropertyPlaceholderHelper.java:126)
	at org.springframework.core.env.AbstractPropertyResolver.doResolvePlaceholders(AbstractPropertyResolver.java:236)
	at org.springframework.core.env.AbstractPropertyResolver.resolveRequiredPlaceholders(AbstractPropertyResolver.java:210)
	at org.springframework.context.support.PropertySourcesPlaceholderConfigurer$2.resolveStringValue(PropertySourcesPlaceholderConfigurer.java:172)
	at org.springframework.beans.factory.support.AbstractBeanFactory.resolveEmbeddedValue(AbstractBeanFactory.java:831)
	at org.springframework.beans.factory.support.DefaultListableBeanFactory.doResolveDependency(DefaultListableBeanFactory.java:1086)
	at org.springframework.beans.factory.support.DefaultListableBeanFactory.resolveDependency(DefaultListableBeanFactory.java:1066)
	at org.springframework.beans.factory.annotation.AutowiredAnnotationBeanPostProcessor$AutowiredFieldElement.inject(AutowiredAnnotationBeanPostProcessor.java:585)
	at org.springframework.beans.factory.annotation.InjectionMetadata.inject(InjectionMetadata.java:88)
	at org.springframework.beans.factory.annotation.AutowiredAnnotationBeanPostProcessor.postProcessPropertyValues(AutowiredAnnotationBeanPostProcessor.java:366)
	... 17 common frames omitted
2019-10-22 10:17:18.467 [main] INFO  com.example.demo.DemoApplication - 开始启动.................
2019-10-22 10:17:19.112 [main] INFO  com.example.demo.DemoApplication - Starting DemoApplication on SC-201902202144 with PID 14468 (F:\Springboot\target\classes started by Administrator in F:\Springboot)
2019-10-22 10:17:19.113 [main] INFO  com.example.demo.DemoApplication - No active profile set, falling back to default profiles: default
2019-10-22 10:17:19.195 [main] INFO  o.s.b.c.e.AnnotationConfigEmbeddedWebApplicationContext - Refreshing org.springframework.boot.context.embedded.AnnotationConfigEmbeddedWebApplicationContext@76908cc0: startup date [Tue Oct 22 10:17:19 CST 2019]; root of context hierarchy
2019-10-22 10:17:19.544 [background-preinit] INFO  org.hibernate.validator.internal.util.Version - HV000001: Hibernate Validator 5.3.5.Final
2019-10-22 10:17:20.919 [main] INFO  o.s.beans.factory.xml.XmlBeanDefinitionReader - Loading XML bean definitions from class path resource [druid-bean.xml]
2019-10-22 10:17:21.710 [main] WARN  org.mybatis.spring.mapper.ClassPathMapperScanner - No MyBatis mapper was found in '[com.example.demo.entity.mybaites]' package. Please check your configuration.
2019-10-22 10:17:21.711 [main] WARN  o.s.c.annotation.ConfigurationClassPostProcessor - Cannot enhance @Configuration bean definition 'mybatisEntityManager' since its singleton instance has been created too early. The typical cause is a non-static @Bean method with a BeanDefinitionRegistryPostProcessor return type: Consider declaring such methods as 'static'.
2019-10-22 10:17:21.856 [main] INFO  com.example.demo.testYpf.interfaceTest.Shopping - name1111"zhangsan"
2019-10-22 10:17:21.858 [main] INFO  com.example.demo.testYpf.interfaceTest.Shopping - enum11sss1Monday
2019-10-22 10:17:21.858 [main] INFO  com.example.demo.testYpf.interfaceTest.Shopping - enum222Mon
2019-10-22 10:17:22.297 [main] INFO  o.s.c.s.PostProcessorRegistrationDelegate$BeanPostProcessorChecker - Bean 'druidConfiguration' of type [com.example.demo.config.DruidConfiguration$$EnhancerBySpringCGLIB$$115635c3] is not eligible for getting processed by all BeanPostProcessors (for example: not eligible for auto-proxying)
2019-10-22 10:17:22.387 [main] INFO  o.s.c.s.PostProcessorRegistrationDelegate$BeanPostProcessorChecker - Bean 'listenerAsyncConfiguration' of type [com.example.demo.listener.ListenerAsyncConfiguration$$EnhancerBySpringCGLIB$$fe790b2b] is not eligible for getting processed by all BeanPostProcessors (for example: not eligible for auto-proxying)
2019-10-22 10:17:22.393 [main] INFO  o.s.scheduling.concurrent.ThreadPoolTaskExecutor - Initializing ExecutorService 
2019-10-22 10:17:23.761 [main] INFO  o.s.b.c.e.tomcat.TomcatEmbeddedServletContainer - Tomcat initialized with port(s): 8086 (http)
2019-10-22 10:17:23.774 [main] INFO  org.apache.catalina.core.StandardService - Starting service Tomcat
2019-10-22 10:17:23.775 [main] INFO  org.apache.catalina.core.StandardEngine - Starting Servlet Engine: Apache Tomcat/8.5.14
2019-10-22 10:17:24.381 [localhost-startStop-1] INFO  o.a.c.core.ContainerBase.[Tomcat].[localhost].[/] - Initializing Spring embedded WebApplicationContext
2019-10-22 10:17:24.382 [localhost-startStop-1] INFO  org.springframework.web.context.ContextLoader - Root WebApplicationContext: initialization completed in 5187 ms
2019-10-22 10:17:25.142 [localhost-startStop-1] INFO  o.s.boot.web.servlet.FilterRegistrationBean - Mapping filter: 'characterEncodingFilter' to: [/*]
2019-10-22 10:17:25.143 [localhost-startStop-1] INFO  o.s.boot.web.servlet.FilterRegistrationBean - Mapping filter: 'hiddenHttpMethodFilter' to: [/*]
2019-10-22 10:17:25.143 [localhost-startStop-1] INFO  o.s.boot.web.servlet.FilterRegistrationBean - Mapping filter: 'httpPutFormContentFilter' to: [/*]
2019-10-22 10:17:25.143 [localhost-startStop-1] INFO  o.s.boot.web.servlet.FilterRegistrationBean - Mapping filter: 'requestContextFilter' to: [/*]
2019-10-22 10:17:25.145 [localhost-startStop-1] INFO  o.s.b.w.s.DelegatingFilterProxyRegistrationBean - Mapping filter: 'springSecurityFilterChain' to: [/*]
2019-10-22 10:17:25.145 [localhost-startStop-1] INFO  o.s.boot.web.servlet.FilterRegistrationBean - Mapping filter: 'webStatFilter' to urls: [/*]
2019-10-22 10:17:25.145 [localhost-startStop-1] INFO  o.s.boot.web.servlet.ServletRegistrationBean - Mapping servlet: 'statViewServlet' to [/druid/*]
2019-10-22 10:17:25.147 [localhost-startStop-1] INFO  o.s.boot.web.servlet.ServletRegistrationBean - Mapping servlet: 'dispatcherServlet' to [/]
2019-10-22 10:17:26.404 [main] INFO  com.alibaba.druid.pool.DruidDataSource - {dataSource-1} inited
2019-10-22 10:17:26.735 [main] INFO  o.s.orm.jpa.LocalContainerEntityManagerFactoryBean - Building JPA container EntityManagerFactory for persistence unit 'cloudTestPersistence'
2019-10-22 10:17:26.749 [main] INFO  org.hibernate.jpa.internal.util.LogHelper - HHH000204: Processing PersistenceUnitInfo [
	name: cloudTestPersistence
	...]
2019-10-22 10:17:26.817 [main] INFO  org.hibernate.Version - HHH000412: Hibernate Core {5.0.12.Final}
2019-10-22 10:17:26.818 [main] INFO  org.hibernate.cfg.Environment - HHH000206: hibernate.properties not found
2019-10-22 10:17:26.820 [main] INFO  org.hibernate.cfg.Environment - HHH000021: Bytecode provider name : javassist
2019-10-22 10:17:26.886 [main] INFO  org.hibernate.annotations.common.Version - HCANN000001: Hibernate Commons Annotations {5.0.1.Final}
2019-10-22 10:17:27.090 [main] INFO  com.alibaba.druid.pool.DruidDataSource - {dataSource-2} inited
2019-10-22 10:17:27.105 [main] INFO  org.hibernate.dialect.Dialect - HHH000400: Using dialect: org.hibernate.dialect.MySQL5Dialect
2019-10-22 10:17:27.538 [main] INFO  org.hibernate.tool.hbm2ddl.SchemaUpdate - HHH000228: Running hbm2ddl schema update
2019-10-22 10:17:28.634 [main] INFO  o.s.orm.jpa.LocalContainerEntityManagerFactoryBean - Initialized JPA EntityManagerFactory for persistence unit 'cloudTestPersistence'
2019-10-22 10:17:28.678 [main] INFO  o.s.orm.jpa.LocalContainerEntityManagerFactoryBean - Building JPA container EntityManagerFactory for persistence unit 'testPersistence'
2019-10-22 10:17:28.678 [main] INFO  org.hibernate.jpa.internal.util.LogHelper - HHH000204: Processing PersistenceUnitInfo [
	name: testPersistence
	...]
2019-10-22 10:17:28.766 [main] INFO  org.hibernate.dialect.Dialect - HHH000400: Using dialect: org.hibernate.dialect.MySQL5Dialect
2019-10-22 10:17:28.934 [main] INFO  org.hibernate.tool.hbm2ddl.SchemaUpdate - HHH000228: Running hbm2ddl schema update
2019-10-22 10:17:30.736 [main] INFO  o.s.orm.jpa.LocalContainerEntityManagerFactoryBean - Initialized JPA EntityManagerFactory for persistence unit 'testPersistence'
2019-10-22 10:17:32.622 [main] WARN  o.s.b.c.e.AnnotationConfigEmbeddedWebApplicationContext - Exception encountered during context initialization - cancelling refresh attempt: org.springframework.beans.factory.UnsatisfiedDependencyException: Error creating bean with name 'distributedLockerImpl': Unsatisfied dependency expressed through field 'redissonClient'; nested exception is org.springframework.beans.factory.NoSuchBeanDefinitionException: No qualifying bean of type 'org.redisson.api.RedissonClient' available: expected at least 1 bean which qualifies as autowire candidate. Dependency annotations: {@org.springframework.beans.factory.annotation.Autowired(required=true)}
2019-10-22 10:17:32.624 [main] INFO  o.s.orm.jpa.LocalContainerEntityManagerFactoryBean - Closing JPA EntityManagerFactory for persistence unit 'testPersistence'
2019-10-22 10:17:32.625 [main] INFO  o.s.orm.jpa.LocalContainerEntityManagerFactoryBean - Closing JPA EntityManagerFactory for persistence unit 'cloudTestPersistence'
2019-10-22 10:17:32.630 [main] INFO  com.alibaba.druid.pool.DruidDataSource - {dataSource-2} closed
2019-10-22 10:17:32.632 [main] INFO  com.alibaba.druid.pool.DruidDataSource - {dataSource-1} closed
2019-10-22 10:17:32.634 [main] INFO  org.apache.catalina.core.StandardService - Stopping service Tomcat
2019-10-22 10:17:32.718 [main] INFO  o.s.b.a.l.AutoConfigurationReportLoggingInitializer - 

Error starting ApplicationContext. To display the auto-configuration report re-run your application with 'debug' enabled.
2019-10-22 10:17:32.891 [main] ERROR o.s.b.diagnostics.LoggingFailureAnalysisReporter - 

***************************
APPLICATION FAILED TO START
***************************

Description:

Field redissonClient in com.example.demo.redis.DistributedLockerImpl required a bean of type 'org.redisson.api.RedissonClient' that could not be found.


Action:

Consider defining a bean of type 'org.redisson.api.RedissonClient' in your configuration.

2019-10-22 10:19:32.695 [main] INFO  com.example.demo.DemoApplication - 开始启动.................
2019-10-22 10:19:33.680 [main] INFO  com.example.demo.DemoApplication - Starting DemoApplication on SC-201902202144 with PID 17736 (F:\Springboot\target\classes started by Administrator in F:\Springboot)
2019-10-22 10:19:33.681 [main] INFO  com.example.demo.DemoApplication - No active profile set, falling back to default profiles: default
2019-10-22 10:19:33.810 [main] INFO  o.s.b.c.e.AnnotationConfigEmbeddedWebApplicationContext - Refreshing org.springframework.boot.context.embedded.AnnotationConfigEmbeddedWebApplicationContext@74589991: startup date [Tue Oct 22 10:19:33 CST 2019]; root of context hierarchy
2019-10-22 10:19:34.137 [background-preinit] INFO  org.hibernate.validator.internal.util.Version - HV000001: Hibernate Validator 5.3.5.Final
2019-10-22 10:19:35.313 [main] INFO  o.s.beans.factory.xml.XmlBeanDefinitionReader - Loading XML bean definitions from class path resource [druid-bean.xml]
2019-10-22 10:19:36.059 [main] WARN  org.mybatis.spring.mapper.ClassPathMapperScanner - No MyBatis mapper was found in '[com.example.demo.entity.mybaites]' package. Please check your configuration.
2019-10-22 10:19:36.060 [main] WARN  o.s.c.annotation.ConfigurationClassPostProcessor - Cannot enhance @Configuration bean definition 'mybatisEntityManager' since its singleton instance has been created too early. The typical cause is a non-static @Bean method with a BeanDefinitionRegistryPostProcessor return type: Consider declaring such methods as 'static'.
2019-10-22 10:19:36.181 [main] INFO  com.example.demo.testYpf.interfaceTest.Shopping - name1111"zhangsan"
2019-10-22 10:19:36.182 [main] INFO  com.example.demo.testYpf.interfaceTest.Shopping - enum11sss1Monday
2019-10-22 10:19:36.183 [main] INFO  com.example.demo.testYpf.interfaceTest.Shopping - enum222Mon
2019-10-22 10:19:36.597 [main] INFO  o.s.c.s.PostProcessorRegistrationDelegate$BeanPostProcessorChecker - Bean 'druidConfiguration' of type [com.example.demo.config.DruidConfiguration$$EnhancerBySpringCGLIB$$678808c1] is not eligible for getting processed by all BeanPostProcessors (for example: not eligible for auto-proxying)
2019-10-22 10:19:36.707 [main] INFO  o.s.c.s.PostProcessorRegistrationDelegate$BeanPostProcessorChecker - Bean 'listenerAsyncConfiguration' of type [com.example.demo.listener.ListenerAsyncConfiguration$$EnhancerBySpringCGLIB$$54aade29] is not eligible for getting processed by all BeanPostProcessors (for example: not eligible for auto-proxying)
2019-10-22 10:19:36.712 [main] INFO  o.s.scheduling.concurrent.ThreadPoolTaskExecutor - Initializing ExecutorService 
2019-10-22 10:19:37.766 [main] INFO  o.s.b.c.e.tomcat.TomcatEmbeddedServletContainer - Tomcat initialized with port(s): 8086 (http)
2019-10-22 10:19:37.779 [main] INFO  org.apache.catalina.core.StandardService - Starting service Tomcat
2019-10-22 10:19:37.780 [main] INFO  org.apache.catalina.core.StandardEngine - Starting Servlet Engine: Apache Tomcat/8.5.14
2019-10-22 10:19:38.304 [localhost-startStop-1] INFO  o.a.c.core.ContainerBase.[Tomcat].[localhost].[/] - Initializing Spring embedded WebApplicationContext
2019-10-22 10:19:38.304 [localhost-startStop-1] INFO  org.springframework.web.context.ContextLoader - Root WebApplicationContext: initialization completed in 4494 ms
2019-10-22 10:19:39.017 [localhost-startStop-1] INFO  o.s.boot.web.servlet.FilterRegistrationBean - Mapping filter: 'characterEncodingFilter' to: [/*]
2019-10-22 10:19:39.018 [localhost-startStop-1] INFO  o.s.boot.web.servlet.FilterRegistrationBean - Mapping filter: 'hiddenHttpMethodFilter' to: [/*]
2019-10-22 10:19:39.019 [localhost-startStop-1] INFO  o.s.boot.web.servlet.FilterRegistrationBean - Mapping filter: 'httpPutFormContentFilter' to: [/*]
2019-10-22 10:19:39.019 [localhost-startStop-1] INFO  o.s.boot.web.servlet.FilterRegistrationBean - Mapping filter: 'requestContextFilter' to: [/*]
2019-10-22 10:19:39.021 [localhost-startStop-1] INFO  o.s.b.w.s.DelegatingFilterProxyRegistrationBean - Mapping filter: 'springSecurityFilterChain' to: [/*]
2019-10-22 10:19:39.022 [localhost-startStop-1] INFO  o.s.boot.web.servlet.FilterRegistrationBean - Mapping filter: 'webStatFilter' to urls: [/*]
2019-10-22 10:19:39.023 [localhost-startStop-1] INFO  o.s.boot.web.servlet.ServletRegistrationBean - Mapping servlet: 'statViewServlet' to [/druid/*]
2019-10-22 10:19:39.025 [localhost-startStop-1] INFO  o.s.boot.web.servlet.ServletRegistrationBean - Mapping servlet: 'dispatcherServlet' to [/]
2019-10-22 10:19:40.445 [main] INFO  com.alibaba.druid.pool.DruidDataSource - {dataSource-1} inited
2019-10-22 10:19:41.129 [main] INFO  o.s.orm.jpa.LocalContainerEntityManagerFactoryBean - Building JPA container EntityManagerFactory for persistence unit 'cloudTestPersistence'
2019-10-22 10:19:41.156 [main] INFO  org.hibernate.jpa.internal.util.LogHelper - HHH000204: Processing PersistenceUnitInfo [
	name: cloudTestPersistence
	...]
2019-10-22 10:19:41.322 [main] INFO  org.hibernate.Version - HHH000412: Hibernate Core {5.0.12.Final}
2019-10-22 10:19:41.328 [main] INFO  org.hibernate.cfg.Environment - HHH000206: hibernate.properties not found
2019-10-22 10:19:41.333 [main] INFO  org.hibernate.cfg.Environment - HHH000021: Bytecode provider name : javassist
2019-10-22 10:19:41.479 [main] INFO  org.hibernate.annotations.common.Version - HCANN000001: Hibernate Commons Annotations {5.0.1.Final}
2019-10-22 10:19:41.826 [main] INFO  com.alibaba.druid.pool.DruidDataSource - {dataSource-2} inited
2019-10-22 10:19:41.849 [main] INFO  org.hibernate.dialect.Dialect - HHH000400: Using dialect: org.hibernate.dialect.MySQL5Dialect
2019-10-22 10:19:42.570 [main] INFO  org.hibernate.tool.hbm2ddl.SchemaUpdate - HHH000228: Running hbm2ddl schema update
2019-10-22 10:19:43.854 [main] INFO  o.s.orm.jpa.LocalContainerEntityManagerFactoryBean - Initialized JPA EntityManagerFactory for persistence unit 'cloudTestPersistence'
2019-10-22 10:19:43.911 [main] INFO  o.s.orm.jpa.LocalContainerEntityManagerFactoryBean - Building JPA container EntityManagerFactory for persistence unit 'testPersistence'
2019-10-22 10:19:43.911 [main] INFO  org.hibernate.jpa.internal.util.LogHelper - HHH000204: Processing PersistenceUnitInfo [
	name: testPersistence
	...]
2019-10-22 10:19:44.009 [main] INFO  org.hibernate.dialect.Dialect - HHH000400: Using dialect: org.hibernate.dialect.MySQL5Dialect
2019-10-22 10:19:44.249 [main] INFO  org.hibernate.tool.hbm2ddl.SchemaUpdate - HHH000228: Running hbm2ddl schema update
2019-10-22 10:19:46.255 [main] INFO  o.s.orm.jpa.LocalContainerEntityManagerFactoryBean - Initialized JPA EntityManagerFactory for persistence unit 'testPersistence'
2019-10-22 10:19:48.888 [main] WARN  o.s.b.c.e.AnnotationConfigEmbeddedWebApplicationContext - Exception encountered during context initialization - cancelling refresh attempt: org.springframework.beans.factory.UnsatisfiedDependencyException: Error creating bean with name 'distributedLockerImpl': Unsatisfied dependency expressed through field 'redissonClient'; nested exception is org.springframework.beans.factory.NoSuchBeanDefinitionException: No qualifying bean of type 'org.redisson.api.RedissonClient' available: expected at least 1 bean which qualifies as autowire candidate. Dependency annotations: {@org.springframework.beans.factory.annotation.Autowired(required=true)}
2019-10-22 10:19:48.892 [main] INFO  o.s.orm.jpa.LocalContainerEntityManagerFactoryBean - Closing JPA EntityManagerFactory for persistence unit 'testPersistence'
2019-10-22 10:19:48.894 [main] INFO  o.s.orm.jpa.LocalContainerEntityManagerFactoryBean - Closing JPA EntityManagerFactory for persistence unit 'cloudTestPersistence'
2019-10-22 10:19:48.899 [main] INFO  com.alibaba.druid.pool.DruidDataSource - {dataSource-1} closed
2019-10-22 10:19:48.900 [main] INFO  com.alibaba.druid.pool.DruidDataSource - {dataSource-2} closed
2019-10-22 10:19:48.903 [main] INFO  org.apache.catalina.core.StandardService - Stopping service Tomcat
2019-10-22 10:19:48.922 [main] INFO  o.s.b.a.l.AutoConfigurationReportLoggingInitializer - 

Error starting ApplicationContext. To display the auto-configuration report re-run your application with 'debug' enabled.
2019-10-22 10:19:49.088 [main] ERROR o.s.b.diagnostics.LoggingFailureAnalysisReporter - 

***************************
APPLICATION FAILED TO START
***************************

Description:

Field redissonClient in com.example.demo.redis.DistributedLockerImpl required a bean of type 'org.redisson.api.RedissonClient' that could not be found.


Action:

Consider defining a bean of type 'org.redisson.api.RedissonClient' in your configuration.

2019-10-22 10:20:41.211 [main] INFO  com.example.demo.DemoApplication - 开始启动.................
2019-10-22 10:20:41.850 [main] INFO  com.example.demo.DemoApplication - Starting DemoApplication on SC-201902202144 with PID 15564 (F:\Springboot\target\classes started by Administrator in F:\Springboot)
2019-10-22 10:20:41.851 [main] INFO  com.example.demo.DemoApplication - No active profile set, falling back to default profiles: default
2019-10-22 10:20:41.953 [main] INFO  o.s.b.c.e.AnnotationConfigEmbeddedWebApplicationContext - Refreshing org.springframework.boot.context.embedded.AnnotationConfigEmbeddedWebApplicationContext@74589991: startup date [Tue Oct 22 10:20:41 CST 2019]; root of context hierarchy
2019-10-22 10:20:42.275 [background-preinit] INFO  org.hibernate.validator.internal.util.Version - HV000001: Hibernate Validator 5.3.5.Final
2019-10-22 10:20:43.557 [main] INFO  o.s.beans.factory.xml.XmlBeanDefinitionReader - Loading XML bean definitions from class path resource [druid-bean.xml]
2019-10-22 10:20:44.247 [main] WARN  org.mybatis.spring.mapper.ClassPathMapperScanner - No MyBatis mapper was found in '[com.example.demo.entity.mybaites]' package. Please check your configuration.
2019-10-22 10:20:44.247 [main] WARN  o.s.c.annotation.ConfigurationClassPostProcessor - Cannot enhance @Configuration bean definition 'mybatisEntityManager' since its singleton instance has been created too early. The typical cause is a non-static @Bean method with a BeanDefinitionRegistryPostProcessor return type: Consider declaring such methods as 'static'.
2019-10-22 10:20:44.364 [main] INFO  com.example.demo.testYpf.interfaceTest.Shopping - name1111"zhangsan"
2019-10-22 10:20:44.365 [main] INFO  com.example.demo.testYpf.interfaceTest.Shopping - enum11sss1Monday
2019-10-22 10:20:44.365 [main] INFO  com.example.demo.testYpf.interfaceTest.Shopping - enum222Mon
2019-10-22 10:20:44.759 [main] INFO  o.s.c.s.PostProcessorRegistrationDelegate$BeanPostProcessorChecker - Bean 'druidConfiguration' of type [com.example.demo.config.DruidConfiguration$$EnhancerBySpringCGLIB$$88f1e2d7] is not eligible for getting processed by all BeanPostProcessors (for example: not eligible for auto-proxying)
2019-10-22 10:20:44.886 [main] INFO  o.s.c.s.PostProcessorRegistrationDelegate$BeanPostProcessorChecker - Bean 'listenerAsyncConfiguration' of type [com.example.demo.listener.ListenerAsyncConfiguration$$EnhancerBySpringCGLIB$$7614b83f] is not eligible for getting processed by all BeanPostProcessors (for example: not eligible for auto-proxying)
2019-10-22 10:20:44.894 [main] INFO  o.s.scheduling.concurrent.ThreadPoolTaskExecutor - Initializing ExecutorService 
2019-10-22 10:20:45.923 [main] INFO  o.s.b.c.e.tomcat.TomcatEmbeddedServletContainer - Tomcat initialized with port(s): 8086 (http)
2019-10-22 10:20:45.940 [main] INFO  org.apache.catalina.core.StandardService - Starting service Tomcat
2019-10-22 10:20:45.942 [main] INFO  org.apache.catalina.core.StandardEngine - Starting Servlet Engine: Apache Tomcat/8.5.14
2019-10-22 10:20:46.530 [localhost-startStop-1] INFO  o.a.c.core.ContainerBase.[Tomcat].[localhost].[/] - Initializing Spring embedded WebApplicationContext
2019-10-22 10:20:46.530 [localhost-startStop-1] INFO  org.springframework.web.context.ContextLoader - Root WebApplicationContext: initialization completed in 4577 ms
2019-10-22 10:20:47.252 [localhost-startStop-1] INFO  o.s.boot.web.servlet.FilterRegistrationBean - Mapping filter: 'characterEncodingFilter' to: [/*]
2019-10-22 10:20:47.253 [localhost-startStop-1] INFO  o.s.boot.web.servlet.FilterRegistrationBean - Mapping filter: 'hiddenHttpMethodFilter' to: [/*]
2019-10-22 10:20:47.253 [localhost-startStop-1] INFO  o.s.boot.web.servlet.FilterRegistrationBean - Mapping filter: 'httpPutFormContentFilter' to: [/*]
2019-10-22 10:20:47.253 [localhost-startStop-1] INFO  o.s.boot.web.servlet.FilterRegistrationBean - Mapping filter: 'requestContextFilter' to: [/*]
2019-10-22 10:20:47.255 [localhost-startStop-1] INFO  o.s.b.w.s.DelegatingFilterProxyRegistrationBean - Mapping filter: 'springSecurityFilterChain' to: [/*]
2019-10-22 10:20:47.255 [localhost-startStop-1] INFO  o.s.boot.web.servlet.FilterRegistrationBean - Mapping filter: 'webStatFilter' to urls: [/*]
2019-10-22 10:20:47.255 [localhost-startStop-1] INFO  o.s.boot.web.servlet.ServletRegistrationBean - Mapping servlet: 'statViewServlet' to [/druid/*]
2019-10-22 10:20:47.257 [localhost-startStop-1] INFO  o.s.boot.web.servlet.ServletRegistrationBean - Mapping servlet: 'dispatcherServlet' to [/]
2019-10-22 10:20:48.622 [main] INFO  com.alibaba.druid.pool.DruidDataSource - {dataSource-1} inited
2019-10-22 10:20:49.003 [main] INFO  o.s.orm.jpa.LocalContainerEntityManagerFactoryBean - Building JPA container EntityManagerFactory for persistence unit 'cloudTestPersistence'
2019-10-22 10:20:49.019 [main] INFO  org.hibernate.jpa.internal.util.LogHelper - HHH000204: Processing PersistenceUnitInfo [
	name: cloudTestPersistence
	...]
2019-10-22 10:20:49.109 [main] INFO  org.hibernate.Version - HHH000412: Hibernate Core {5.0.12.Final}
2019-10-22 10:20:49.111 [main] INFO  org.hibernate.cfg.Environment - HHH000206: hibernate.properties not found
2019-10-22 10:20:49.112 [main] INFO  org.hibernate.cfg.Environment - HHH000021: Bytecode provider name : javassist
2019-10-22 10:20:49.198 [main] INFO  org.hibernate.annotations.common.Version - HCANN000001: Hibernate Commons Annotations {5.0.1.Final}
2019-10-22 10:20:49.454 [main] INFO  com.alibaba.druid.pool.DruidDataSource - {dataSource-2} inited
2019-10-22 10:20:49.475 [main] INFO  org.hibernate.dialect.Dialect - HHH000400: Using dialect: org.hibernate.dialect.MySQL5Dialect
2019-10-22 10:20:50.105 [main] INFO  org.hibernate.tool.hbm2ddl.SchemaUpdate - HHH000228: Running hbm2ddl schema update
2019-10-22 10:20:51.268 [main] INFO  o.s.orm.jpa.LocalContainerEntityManagerFactoryBean - Initialized JPA EntityManagerFactory for persistence unit 'cloudTestPersistence'
2019-10-22 10:20:51.329 [main] INFO  o.s.orm.jpa.LocalContainerEntityManagerFactoryBean - Building JPA container EntityManagerFactory for persistence unit 'testPersistence'
2019-10-22 10:20:51.329 [main] INFO  org.hibernate.jpa.internal.util.LogHelper - HHH000204: Processing PersistenceUnitInfo [
	name: testPersistence
	...]
2019-10-22 10:20:51.419 [main] INFO  org.hibernate.dialect.Dialect - HHH000400: Using dialect: org.hibernate.dialect.MySQL5Dialect
2019-10-22 10:20:51.622 [main] INFO  org.hibernate.tool.hbm2ddl.SchemaUpdate - HHH000228: Running hbm2ddl schema update
2019-10-22 10:20:53.479 [main] INFO  o.s.orm.jpa.LocalContainerEntityManagerFactoryBean - Initialized JPA EntityManagerFactory for persistence unit 'testPersistence'
2019-10-22 10:20:55.646 [main] WARN  o.s.b.c.e.AnnotationConfigEmbeddedWebApplicationContext - Exception encountered during context initialization - cancelling refresh attempt: org.springframework.beans.factory.UnsatisfiedDependencyException: Error creating bean with name 'redisService': Unsatisfied dependency expressed through field 'redissonClient'; nested exception is org.springframework.beans.factory.NoSuchBeanDefinitionException: No qualifying bean of type 'org.redisson.api.RedissonClient' available: expected at least 1 bean which qualifies as autowire candidate. Dependency annotations: {@org.springframework.beans.factory.annotation.Autowired(required=true), @org.springframework.beans.factory.annotation.Qualifier(value=redissonClient)}
2019-10-22 10:20:55.649 [main] INFO  o.s.orm.jpa.LocalContainerEntityManagerFactoryBean - Closing JPA EntityManagerFactory for persistence unit 'testPersistence'
2019-10-22 10:20:55.651 [main] INFO  o.s.orm.jpa.LocalContainerEntityManagerFactoryBean - Closing JPA EntityManagerFactory for persistence unit 'cloudTestPersistence'
2019-10-22 10:20:55.657 [main] INFO  com.alibaba.druid.pool.DruidDataSource - {dataSource-2} closed
2019-10-22 10:20:55.660 [main] INFO  com.alibaba.druid.pool.DruidDataSource - {dataSource-1} closed
2019-10-22 10:20:55.663 [main] INFO  org.apache.catalina.core.StandardService - Stopping service Tomcat
2019-10-22 10:20:55.686 [main] INFO  o.s.b.a.l.AutoConfigurationReportLoggingInitializer - 

Error starting ApplicationContext. To display the auto-configuration report re-run your application with 'debug' enabled.
2019-10-22 10:20:55.824 [main] ERROR o.s.b.diagnostics.LoggingFailureAnalysisReporter - 

***************************
APPLICATION FAILED TO START
***************************

Description:

Field redissonClient in com.example.demo.service.RedisService required a bean of type 'org.redisson.api.RedissonClient' that could not be found.


Action:

Consider defining a bean of type 'org.redisson.api.RedissonClient' in your configuration.

2019-10-22 10:22:59.298 [main] INFO  com.example.demo.DemoApplication - 开始启动.................
2019-10-22 10:23:00.043 [main] INFO  com.example.demo.DemoApplication - Starting DemoApplication on SC-201902202144 with PID 16868 (F:\Springboot\target\classes started by Administrator in F:\Springboot)
2019-10-22 10:23:00.044 [main] INFO  com.example.demo.DemoApplication - No active profile set, falling back to default profiles: default
2019-10-22 10:23:00.173 [main] INFO  o.s.b.c.e.AnnotationConfigEmbeddedWebApplicationContext - Refreshing org.springframework.boot.context.embedded.AnnotationConfigEmbeddedWebApplicationContext@74589991: startup date [Tue Oct 22 10:23:00 CST 2019]; root of context hierarchy
2019-10-22 10:23:00.677 [background-preinit] INFO  org.hibernate.validator.internal.util.Version - HV000001: Hibernate Validator 5.3.5.Final
2019-10-22 10:23:02.555 [main] INFO  o.s.beans.factory.xml.XmlBeanDefinitionReader - Loading XML bean definitions from class path resource [druid-bean.xml]
2019-10-22 10:23:03.241 [main] WARN  org.mybatis.spring.mapper.ClassPathMapperScanner - No MyBatis mapper was found in '[com.example.demo.entity.mybaites]' package. Please check your configuration.
2019-10-22 10:23:03.243 [main] WARN  o.s.c.annotation.ConfigurationClassPostProcessor - Cannot enhance @Configuration bean definition 'mybatisEntityManager' since its singleton instance has been created too early. The typical cause is a non-static @Bean method with a BeanDefinitionRegistryPostProcessor return type: Consider declaring such methods as 'static'.
2019-10-22 10:23:03.382 [main] INFO  com.example.demo.testYpf.interfaceTest.Shopping - name1111"zhangsan"
2019-10-22 10:23:03.384 [main] INFO  com.example.demo.testYpf.interfaceTest.Shopping - enum11sss1Monday
2019-10-22 10:23:03.384 [main] INFO  com.example.demo.testYpf.interfaceTest.Shopping - enum222Mon
2019-10-22 10:23:03.771 [main] INFO  o.s.c.s.PostProcessorRegistrationDelegate$BeanPostProcessorChecker - Bean 'druidConfiguration' of type [com.example.demo.config.DruidConfiguration$$EnhancerBySpringCGLIB$$79f92d8b] is not eligible for getting processed by all BeanPostProcessors (for example: not eligible for auto-proxying)
2019-10-22 10:23:04.016 [main] INFO  o.s.c.s.PostProcessorRegistrationDelegate$BeanPostProcessorChecker - Bean 'listenerAsyncConfiguration' of type [com.example.demo.listener.ListenerAsyncConfiguration$$EnhancerBySpringCGLIB$$671c02f3] is not eligible for getting processed by all BeanPostProcessors (for example: not eligible for auto-proxying)
2019-10-22 10:23:04.024 [main] INFO  o.s.scheduling.concurrent.ThreadPoolTaskExecutor - Initializing ExecutorService 
2019-10-22 10:23:07.763 [main] INFO  o.s.b.c.e.tomcat.TomcatEmbeddedServletContainer - Tomcat initialized with port(s): 8086 (http)
2019-10-22 10:23:07.787 [main] INFO  org.apache.catalina.core.StandardService - Starting service Tomcat
2019-10-22 10:23:07.788 [main] INFO  org.apache.catalina.core.StandardEngine - Starting Servlet Engine: Apache Tomcat/8.5.14
2019-10-22 10:23:08.437 [localhost-startStop-1] INFO  o.a.c.core.ContainerBase.[Tomcat].[localhost].[/] - Initializing Spring embedded WebApplicationContext
2019-10-22 10:23:08.437 [localhost-startStop-1] INFO  org.springframework.web.context.ContextLoader - Root WebApplicationContext: initialization completed in 8264 ms
2019-10-22 10:23:09.094 [localhost-startStop-1] INFO  o.s.boot.web.servlet.FilterRegistrationBean - Mapping filter: 'characterEncodingFilter' to: [/*]
2019-10-22 10:23:09.095 [localhost-startStop-1] INFO  o.s.boot.web.servlet.FilterRegistrationBean - Mapping filter: 'hiddenHttpMethodFilter' to: [/*]
2019-10-22 10:23:09.095 [localhost-startStop-1] INFO  o.s.boot.web.servlet.FilterRegistrationBean - Mapping filter: 'httpPutFormContentFilter' to: [/*]
2019-10-22 10:23:09.095 [localhost-startStop-1] INFO  o.s.boot.web.servlet.FilterRegistrationBean - Mapping filter: 'requestContextFilter' to: [/*]
2019-10-22 10:23:09.097 [localhost-startStop-1] INFO  o.s.b.w.s.DelegatingFilterProxyRegistrationBean - Mapping filter: 'springSecurityFilterChain' to: [/*]
2019-10-22 10:23:09.097 [localhost-startStop-1] INFO  o.s.boot.web.servlet.FilterRegistrationBean - Mapping filter: 'webStatFilter' to urls: [/*]
2019-10-22 10:23:09.098 [localhost-startStop-1] INFO  o.s.boot.web.servlet.ServletRegistrationBean - Mapping servlet: 'statViewServlet' to [/druid/*]
2019-10-22 10:23:09.100 [localhost-startStop-1] INFO  o.s.boot.web.servlet.ServletRegistrationBean - Mapping servlet: 'dispatcherServlet' to [/]
2019-10-22 10:23:10.365 [main] INFO  com.alibaba.druid.pool.DruidDataSource - {dataSource-1} inited
2019-10-22 10:23:10.828 [main] INFO  o.s.orm.jpa.LocalContainerEntityManagerFactoryBean - Building JPA container EntityManagerFactory for persistence unit 'cloudTestPersistence'
2019-10-22 10:23:10.842 [main] INFO  org.hibernate.jpa.internal.util.LogHelper - HHH000204: Processing PersistenceUnitInfo [
	name: cloudTestPersistence
	...]
2019-10-22 10:23:10.931 [main] INFO  org.hibernate.Version - HHH000412: Hibernate Core {5.0.12.Final}
2019-10-22 10:23:10.933 [main] INFO  org.hibernate.cfg.Environment - HHH000206: hibernate.properties not found
2019-10-22 10:23:10.935 [main] INFO  org.hibernate.cfg.Environment - HHH000021: Bytecode provider name : javassist
2019-10-22 10:23:11.031 [main] INFO  org.hibernate.annotations.common.Version - HCANN000001: Hibernate Commons Annotations {5.0.1.Final}
2019-10-22 10:23:11.316 [main] INFO  com.alibaba.druid.pool.DruidDataSource - {dataSource-2} inited
2019-10-22 10:23:11.339 [main] INFO  org.hibernate.dialect.Dialect - HHH000400: Using dialect: org.hibernate.dialect.MySQL5Dialect
2019-10-22 10:23:11.954 [main] INFO  org.hibernate.tool.hbm2ddl.SchemaUpdate - HHH000228: Running hbm2ddl schema update
2019-10-22 10:23:13.144 [main] INFO  o.s.orm.jpa.LocalContainerEntityManagerFactoryBean - Initialized JPA EntityManagerFactory for persistence unit 'cloudTestPersistence'
2019-10-22 10:23:13.196 [main] INFO  o.s.orm.jpa.LocalContainerEntityManagerFactoryBean - Building JPA container EntityManagerFactory for persistence unit 'testPersistence'
2019-10-22 10:23:13.197 [main] INFO  org.hibernate.jpa.internal.util.LogHelper - HHH000204: Processing PersistenceUnitInfo [
	name: testPersistence
	...]
2019-10-22 10:23:13.285 [main] INFO  org.hibernate.dialect.Dialect - HHH000400: Using dialect: org.hibernate.dialect.MySQL5Dialect
2019-10-22 10:23:13.485 [main] INFO  org.hibernate.tool.hbm2ddl.SchemaUpdate - HHH000228: Running hbm2ddl schema update
2019-10-22 10:23:15.417 [main] INFO  o.s.orm.jpa.LocalContainerEntityManagerFactoryBean - Initialized JPA EntityManagerFactory for persistence unit 'testPersistence'
2019-10-22 10:23:18.638 [main] INFO  o.s.w.s.m.m.a.RequestMappingHandlerAdapter - Looking for @ControllerAdvice: org.springframework.boot.context.embedded.AnnotationConfigEmbeddedWebApplicationContext@74589991: startup date [Tue Oct 22 10:23:00 CST 2019]; root of context hierarchy
2019-10-22 10:23:18.986 [main] INFO  o.s.w.s.m.m.a.RequestMappingHandlerMapping - Mapped "{[/book/],methods=[GET]}" onto public java.util.List<com.example.demo.entity.test.Book> com.example.demo.controller.BookController.bookList(com.example.demo.entity.cloudTest.User)
2019-10-22 10:23:18.990 [main] INFO  o.s.w.s.m.m.a.RequestMappingHandlerMapping - Mapped "{[/dept/],methods=[POST]}" onto public void com.example.demo.controller.DepartmentController.saveDept(com.example.demo.entity.mybaites.Department)
2019-10-22 10:23:18.990 [main] INFO  o.s.w.s.m.m.a.RequestMappingHandlerMapping - Mapped "{[/dept/],methods=[GET]}" onto public java.util.List<com.example.demo.entity.mybaites.Department> com.example.demo.controller.DepartmentController.departmentList()
2019-10-22 10:23:18.991 [main] INFO  o.s.w.s.m.m.a.RequestMappingHandlerMapping - Mapped "{[/dept/employee],methods=[GET]}" onto public java.util.List<com.example.demo.dto.ParentDeptDto> com.example.demo.controller.DepartmentController.deptToEmp()
2019-10-22 10:23:18.992 [main] INFO  o.s.w.s.m.m.a.RequestMappingHandlerMapping - Mapped "{[/employee],methods=[POST]}" onto public void com.example.demo.controller.EmployeeController.save(com.example.demo.entity.mybaites.Employee)
2019-10-22 10:23:18.992 [main] INFO  o.s.w.s.m.m.a.RequestMappingHandlerMapping - Mapped "{[/employee],methods=[GET]}" onto public java.util.List<com.example.demo.entity.mybaites.Employee> com.example.demo.controller.EmployeeController.findAll()
2019-10-22 10:23:18.992 [main] INFO  o.s.w.s.m.m.a.RequestMappingHandlerMapping - Mapped "{[/employee/empInfo],methods=[GET]}" onto public com.example.demo.dto.EmployeeToDept com.example.demo.controller.EmployeeController.employeeToDept(java.lang.Long)
2019-10-22 10:23:18.993 [main] INFO  o.s.w.s.m.m.a.RequestMappingHandlerMapping - Mapped "{[/],methods=[GET]}" onto public java.lang.String com.example.demo.controller.IndexController.index(java.security.Principal,javax.servlet.http.HttpServletResponse)
2019-10-22 10:23:18.994 [main] INFO  o.s.w.s.m.m.a.RequestMappingHandlerMapping - Mapped "{[/student/],methods=[GET]}" onto public java.util.List<com.example.demo.entity.test.User> com.example.demo.controller.StudentController.userList()
2019-10-22 10:23:18.995 [main] INFO  o.s.w.s.m.m.a.RequestMappingHandlerMapping - Mapped "{[/jwt/token],methods=[GET]}" onto public com.example.demo.dto.TokenResult com.example.demo.controller.TokenController.token(java.lang.String)
2019-10-22 10:23:19.000 [main] INFO  o.s.w.s.m.m.a.RequestMappingHandlerMapping - Mapped "{[/user/],methods=[GET]}" onto public java.util.List<com.example.demo.entity.cloudTest.User> com.example.demo.controller.UserController.userList()
2019-10-22 10:23:19.000 [main] INFO  o.s.w.s.m.m.a.RequestMappingHandlerMapping - Mapped "{[/user/find],methods=[POST]}" onto public java.util.List<com.example.demo.entity.cloudTest.User> com.example.demo.controller.UserController.findUser(com.example.demo.entity.cloudTest.User)
2019-10-22 10:23:19.001 [main] INFO  o.s.w.s.m.m.a.RequestMappingHandlerMapping - Mapped "{[/user/],methods=[POST]}" onto public java.lang.String com.example.demo.controller.UserController.saveInfo(com.example.demo.entity.cloudTest.User)
2019-10-22 10:23:19.001 [main] INFO  o.s.w.s.m.m.a.RequestMappingHandlerMapping - Mapped "{[/user/grantsAge],methods=[GET],params=[age]}" onto public java.util.List<com.example.demo.entity.cloudTest.User> com.example.demo.controller.UserController.findUsersGrants(int)
2019-10-22 10:23:19.008 [main] INFO  o.s.w.s.m.m.a.RequestMappingHandlerMapping - Mapped "{[/error]}" onto public org.springframework.http.ResponseEntity<java.util.Map<java.lang.String, java.lang.Object>> org.springframework.boot.autoconfigure.web.BasicErrorController.error(javax.servlet.http.HttpServletRequest)
2019-10-22 10:23:19.008 [main] INFO  o.s.w.s.m.m.a.RequestMappingHandlerMapping - Mapped "{[/error],produces=[text/html]}" onto public org.springframework.web.servlet.ModelAndView org.springframework.boot.autoconfigure.web.BasicErrorController.errorHtml(javax.servlet.http.HttpServletRequest,javax.servlet.http.HttpServletResponse)
2019-10-22 10:23:19.149 [main] INFO  o.s.web.servlet.handler.SimpleUrlHandlerMapping - Mapped URL path [/webjars/**] onto handler of type [class org.springframework.web.servlet.resource.ResourceHttpRequestHandler]
2019-10-22 10:23:19.149 [main] INFO  o.s.web.servlet.handler.SimpleUrlHandlerMapping - Mapped URL path [/**] onto handler of type [class org.springframework.web.servlet.resource.ResourceHttpRequestHandler]
2019-10-22 10:23:19.189 [main] INFO  o.s.w.s.m.m.a.ExceptionHandlerExceptionResolver - Detected @ExceptionHandler methods in springExceptionHandle
2019-10-22 10:23:19.260 [main] INFO  o.s.web.servlet.handler.SimpleUrlHandlerMapping - Mapped URL path [/**/favicon.ico] onto handler of type [class org.springframework.web.servlet.resource.ResourceHttpRequestHandler]
2019-10-22 10:23:20.051 [main] INFO  o.s.security.web.DefaultSecurityFilterChain - Creating filter chain: OrRequestMatcher [requestMatchers=[Ant [pattern='/css/**'], Ant [pattern='/js/**'], Ant [pattern='/images/**'], Ant [pattern='/webjars/**'], Ant [pattern='/**/favicon.ico'], Ant [pattern='/error']]], []
2019-10-22 10:23:20.051 [main] INFO  o.s.security.web.DefaultSecurityFilterChain - Creating filter chain: Ant [pattern='/druid/**'], []
2019-10-22 10:23:20.275 [main] INFO  o.s.security.web.DefaultSecurityFilterChain - Creating filter chain: org.springframework.security.web.util.matcher.AnyRequestMatcher@1, [org.springframework.security.web.context.request.async.WebAsyncManagerIntegrationFilter@17596317, org.springframework.security.web.context.SecurityContextPersistenceFilter@db610c3, org.springframework.security.web.header.HeaderWriterFilter@7469c73d, org.springframework.security.web.authentication.logout.LogoutFilter@2b3ac26d, org.springframework.security.web.authentication.UsernamePasswordAuthenticationFilter@5d16bb07, org.springframework.security.web.authentication.ui.DefaultLoginPageGeneratingFilter@67726dd1, org.springframework.security.web.savedrequest.RequestCacheAwareFilter@5a4833ab, org.springframework.security.web.servletapi.SecurityContextHolderAwareRequestFilter@53791a39, org.springframework.security.web.authentication.AnonymousAuthenticationFilter@375f276e, org.springframework.security.web.session.SessionManagementFilter@63ee2891, org.springframework.security.web.access.ExceptionTranslationFilter@20305c45, org.springframework.security.web.access.intercept.FilterSecurityInterceptor@64cbc28e]
2019-10-22 10:23:20.313 [main] INFO  o.s.security.web.DefaultSecurityFilterChain - Creating filter chain: OrRequestMatcher [requestMatchers=[Ant [pattern='/**']]], [org.springframework.security.web.context.request.async.WebAsyncManagerIntegrationFilter@4ca6f587, org.springframework.security.web.context.SecurityContextPersistenceFilter@19070326, org.springframework.security.web.header.HeaderWriterFilter@78ae34f7, org.springframework.security.web.authentication.logout.LogoutFilter@6ed78a5e, org.springframework.security.web.authentication.www.BasicAuthenticationFilter@361a1e86, org.springframework.security.web.savedrequest.RequestCacheAwareFilter@52dfd7f5, org.springframework.security.web.servletapi.SecurityContextHolderAwareRequestFilter@5b5f48d5, org.springframework.security.web.authentication.AnonymousAuthenticationFilter@6442c2dd, org.springframework.security.web.session.SessionManagementFilter@3eb4fdd5, org.springframework.security.web.access.ExceptionTranslationFilter@58f27c37, org.springframework.security.web.access.intercept.FilterSecurityInterceptor@7e3c5ef1]
2019-10-22 10:23:20.937 [main] INFO  o.s.jmx.export.annotation.AnnotationMBeanExporter - Registering beans for JMX exposure on startup
2019-10-22 10:23:20.939 [main] INFO  o.s.jmx.export.annotation.AnnotationMBeanExporter - Bean with name 'cloudDateSource' has been autodetected for JMX exposure
2019-10-22 10:23:20.939 [main] INFO  o.s.jmx.export.annotation.AnnotationMBeanExporter - Bean with name 'testDateSource' has been autodetected for JMX exposure
2019-10-22 10:23:20.939 [main] INFO  o.s.jmx.export.annotation.AnnotationMBeanExporter - Bean with name 'mybatisDataSource' has been autodetected for JMX exposure
2019-10-22 10:23:20.940 [main] INFO  o.s.jmx.export.annotation.AnnotationMBeanExporter - Bean with name 'dataSource' has been autodetected for JMX exposure
2019-10-22 10:23:20.950 [main] INFO  o.s.jmx.export.annotation.AnnotationMBeanExporter - Located MBean 'mybatisDataSource': registering with JMX server as MBean [com.alibaba.druid.pool:name=mybatisDataSource,type=DruidDataSource]
2019-10-22 10:23:20.951 [main] INFO  o.s.jmx.export.annotation.AnnotationMBeanExporter - Located MBean 'testDateSource': registering with JMX server as MBean [com.alibaba.druid.pool:name=testDateSource,type=DruidDataSource]
2019-10-22 10:23:20.952 [main] INFO  o.s.jmx.export.annotation.AnnotationMBeanExporter - Located MBean 'cloudDateSource': registering with JMX server as MBean [com.alibaba.druid.pool:name=cloudDateSource,type=DruidDataSource]
2019-10-22 10:23:20.953 [main] INFO  o.s.jmx.export.annotation.AnnotationMBeanExporter - Located MBean 'dataSource': registering with JMX server as MBean [com.alibaba.druid.pool:name=dataSource,type=DruidDataSource]
2019-10-22 10:23:20.970 [main] INFO  org.apache.coyote.http11.Http11NioProtocol - Initializing ProtocolHandler ["http-nio-8086"]
2019-10-22 10:23:20.988 [main] INFO  org.apache.coyote.http11.Http11NioProtocol - Starting ProtocolHandler ["http-nio-8086"]
2019-10-22 10:23:21.027 [main] INFO  org.apache.tomcat.util.net.NioSelectorPool - Using a shared selector for servlet write/read
2019-10-22 10:23:21.056 [main] INFO  o.s.b.c.e.tomcat.TomcatEmbeddedServletContainer - Tomcat started on port(s): 8086 (http)
2019-10-22 10:23:21.065 [main] INFO  com.example.demo.DemoApplication - Started DemoApplication in 21.501 seconds (JVM running for 28.573)
